{"level":"info","message":"Method: GET, URL: /, Status: 404, Duration: 9ms","timestamp":"2024-04-04T16:42:48.717Z"}
{"level":"info","message":"Method: GET, URL: /, Status: 500, Duration: 6ms","timestamp":"2024-04-04T16:43:50.776Z"}
{"level":"info","message":"Method: GET, URL: /, Status: 500, Duration: 5ms","timestamp":"2024-04-04T16:44:10.869Z"}
{"level":"info","message":"Method: GET, URL: /, Status: 500, Duration: 2ms","timestamp":"2024-04-04T16:44:11.116Z"}
{"level":"info","message":"Method: GET, URL: /, Status: 500, Duration: 5ms","timestamp":"2024-04-04T16:44:45.780Z"}
{"level":"info","message":"Method: GET, URL: /, Status: 500, Duration: 2ms","timestamp":"2024-04-04T16:44:46.079Z"}
{"level":"info","message":"Method: GET, URL: /, Status: 404, Duration: 9ms","timestamp":"2024-04-04T17:23:55.588Z"}
{"level":"info","message":"Method: GET, URL: /, Status: 401, Duration: 8ms","timestamp":"2024-04-04T17:56:31.781Z"}
{"level":"info","message":"Method: GET, URL: /favicon.ico, Status: 404, Duration: 4ms","timestamp":"2024-04-04T17:56:31.983Z"}
{"level":"info","message":"Method: GET, URL: /, Status: 404, Duration: 8ms","timestamp":"2024-04-05T06:09:31.018Z"}
{"level":"info","message":"Method: GET, URL: /, Status: 200, Duration: 45ms","timestamp":"2024-04-05T06:21:40.365Z"}
{"level":"info","message":"Method: GET, URL: /%PUBLIC_URL%/manifest.json, Status: 404, Duration: 4ms","timestamp":"2024-04-05T06:21:40.404Z"}
{"level":"info","message":"Method: GET, URL: /%PUBLIC_URL%/favicon.ico, Status: 404, Duration: 4ms","timestamp":"2024-04-05T06:21:40.406Z"}
{"level":"info","message":"Method: GET, URL: /, Status: 304, Duration: 2ms","timestamp":"2024-04-05T06:21:43.565Z"}
{"level":"info","message":"Method: GET, URL: /%PUBLIC_URL%/manifest.json, Status: 404, Duration: 1ms","timestamp":"2024-04-05T06:21:43.586Z"}
{"level":"info","message":"Method: GET, URL: /%PUBLIC_URL%/manifest.json, Status: 404, Duration: 160ms","timestamp":"2024-04-05T06:40:36.623Z"}
{"level":"info","message":"Method: GET, URL: /?userId=1, Status: 404, Duration: 7ms","timestamp":"2024-04-05T06:51:26.918Z"}
{"level":"info","message":"Method: GET, URL: /?userId=1, Status: 404, Duration: 1ms","timestamp":"2024-04-05T06:53:22.238Z"}
{"level":"info","message":"Method: GET, URL: /, Status: 304, Duration: 3ms","timestamp":"2024-04-05T06:54:29.028Z"}
{"level":"info","message":"Method: GET, URL: /swagger-ui-init.js, Status: 200, Duration: 1ms","timestamp":"2024-04-05T06:54:29.073Z"}
{"level":"info","message":"Method: GET, URL: /swagger-ui.css, Status: 200, Duration: 14ms","timestamp":"2024-04-05T06:54:29.078Z"}
{"level":"info","message":"Method: GET, URL: /swagger-ui-standalone-preset.js, Status: 200, Duration: 9ms","timestamp":"2024-04-05T06:54:29.083Z"}
{"level":"info","message":"Method: GET, URL: /swagger-ui-bundle.js, Status: 200, Duration: 32ms","timestamp":"2024-04-05T06:54:29.102Z"}
{"level":"info","message":"Method: GET, URL: /favicon-32x32.png, Status: 200, Duration: 3ms","timestamp":"2024-04-05T06:54:29.334Z"}
{"level":"info","message":"Method: GET, URL: /, Status: 404, Duration: 1ms","timestamp":"2024-04-05T06:54:32.120Z"}
{"level":"info","message":"Method: GET, URL: /, Status: 200, Duration: 9ms","timestamp":"2024-04-05T07:11:06.023Z"}
{"level":"info","message":"Method: GET, URL: /favicon.ico, Status: 404, Duration: 6ms","timestamp":"2024-04-05T07:11:06.118Z"}
{"level":"info","message":"Method: GET, URL: /?userId=1, Status: 200, Duration: 10ms","timestamp":"2024-04-05T07:25:42.594Z"}
{"level":"info","message":"Method: GET, URL: /chat.js, Status: 200, Duration: 9ms","timestamp":"2024-04-05T07:25:42.720Z"}
{"level":"info","message":"Method: GET, URL: /?userId=1, Status: 304, Duration: 5ms","timestamp":"2024-04-05T07:38:54.178Z"}
{"level":"info","message":"Method: GET, URL: /chat.js, Status: 304, Duration: 3ms","timestamp":"2024-04-05T07:38:54.206Z"}
{"level":"info","message":"Method: GET, URL: /?userId=1, Status: 304, Duration: 4ms","timestamp":"2024-04-05T07:39:26.760Z"}
{"level":"info","message":"Method: GET, URL: /chat.js, Status: 304, Duration: 3ms","timestamp":"2024-04-05T07:39:26.779Z"}
{"level":"info","message":"Method: GET, URL: /?userId=1, Status: 304, Duration: 5ms","timestamp":"2024-04-05T07:39:57.152Z"}
{"level":"info","message":"Method: GET, URL: /chat.js, Status: 304, Duration: 1ms","timestamp":"2024-04-05T07:39:57.182Z"}
{"level":"info","message":"Method: GET, URL: /, Status: 200, Duration: 18ms","timestamp":"2024-04-05T08:15:09.171Z"}
{"level":"info","message":"Method: GET, URL: /chat.js, Status: 304, Duration: 3ms","timestamp":"2024-04-05T08:15:09.237Z"}
{"level":"info","message":"Method: GET, URL: /, Status: 200, Duration: 11ms","timestamp":"2024-04-05T11:04:45.391Z"}
{"level":"info","message":"Method: GET, URL: /chat.js, Status: 200, Duration: 4ms","timestamp":"2024-04-05T11:04:45.501Z"}
{"level":"info","message":"Method: GET, URL: /, Status: 304, Duration: 6ms","timestamp":"2024-04-05T11:07:02.265Z"}
{"level":"info","message":"Method: GET, URL: /chat.js, Status: 200, Duration: 6ms","timestamp":"2024-04-05T11:07:02.297Z"}
{"level":"info","message":"Method: GET, URL: /, Status: 304, Duration: 5ms","timestamp":"2024-04-05T11:07:26.216Z"}
{"level":"info","message":"Method: GET, URL: /chat.js, Status: 200, Duration: 9ms","timestamp":"2024-04-05T11:07:26.246Z"}
{"level":"info","message":"Method: GET, URL: /, Status: 304, Duration: 5ms","timestamp":"2024-04-05T11:07:45.253Z"}
{"level":"info","message":"Method: GET, URL: /chat.js, Status: 200, Duration: 5ms","timestamp":"2024-04-05T11:07:45.279Z"}
{"level":"info","message":"Method: GET, URL: /, Status: 304, Duration: 1ms","timestamp":"2024-04-05T11:09:03.951Z"}
{"level":"info","message":"Method: GET, URL: /chat.js, Status: 304, Duration: 1ms","timestamp":"2024-04-05T11:09:04.052Z"}
{"level":"info","message":"Method: GET, URL: /index.html, Status: 200, Duration: 3ms","timestamp":"2024-04-05T11:18:06.246Z"}
{"level":"info","message":"Method: GET, URL: /chat.js, Status: 304, Duration: 1ms","timestamp":"2024-04-05T11:18:06.293Z"}
{"level":"info","message":"Method: GET, URL: /index.html, Status: 304, Duration: 4ms","timestamp":"2024-04-05T11:27:19.464Z"}
{"level":"info","message":"Method: GET, URL: /chat.js, Status: 304, Duration: 2ms","timestamp":"2024-04-05T11:27:19.495Z"}
{"level":"info","message":"Method: GET, URL: /index.html, Status: 200, Duration: 4ms","timestamp":"2024-04-05T11:29:18.052Z"}
{"level":"info","message":"Method: GET, URL: /index.html, Status: 200, Duration: 7ms","timestamp":"2024-04-05T11:30:37.643Z"}
{"level":"info","message":"Method: GET, URL: /chat.js, Status: 304, Duration: 3ms","timestamp":"2024-04-05T11:30:37.743Z"}
{"level":"info","message":"Method: GET, URL: /index.html, Status: 200, Duration: 11ms","timestamp":"2024-04-05T12:10:15.409Z"}
{"level":"info","message":"Method: GET, URL: /chat.js, Status: 304, Duration: 3ms","timestamp":"2024-04-05T12:10:15.473Z"}
{"level":"info","message":"Method: GET, URL: /index.html, Status: 304, Duration: 4ms","timestamp":"2024-04-05T12:10:42.003Z"}
{"level":"info","message":"Method: GET, URL: /chat.js, Status: 200, Duration: 5ms","timestamp":"2024-04-05T12:10:42.036Z"}
{"level":"info","message":"Method: GET, URL: /index.html, Status: 304, Duration: 3ms","timestamp":"2024-04-05T12:10:53.109Z"}
{"level":"info","message":"Method: GET, URL: /chat.js, Status: 200, Duration: 4ms","timestamp":"2024-04-05T12:10:53.127Z"}
{"level":"info","message":"Method: GET, URL: /index.html, Status: 304, Duration: 4ms","timestamp":"2024-04-05T12:11:08.086Z"}
{"level":"info","message":"Method: GET, URL: /chat.js, Status: 200, Duration: 4ms","timestamp":"2024-04-05T12:11:08.105Z"}
{"level":"info","message":"Method: GET, URL: /index.html, Status: 200, Duration: 5ms","timestamp":"2024-04-05T12:11:44.256Z"}
{"level":"info","message":"Method: GET, URL: /chat.js, Status: 200, Duration: 3ms","timestamp":"2024-04-05T12:11:44.287Z"}
{"level":"info","message":"Method: GET, URL: /index.html, Status: 304, Duration: 5ms","timestamp":"2024-04-05T12:27:31.850Z"}
{"level":"info","message":"Method: GET, URL: /chat.js, Status: 200, Duration: 5ms","timestamp":"2024-04-05T12:27:31.886Z"}
{"level":"info","message":"Method: GET, URL: /index.html, Status: 200, Duration: 16ms","timestamp":"2024-04-05T14:23:17.940Z"}
{"level":"info","message":"Method: GET, URL: /chat.js, Status: 304, Duration: 2ms","timestamp":"2024-04-05T14:23:17.966Z"}
{"level":"info","message":"Method: GET, URL: /index.html, Status: 200, Duration: 6ms","timestamp":"2024-04-05T14:28:39.588Z"}
{"level":"info","message":"Method: GET, URL: /socketClientTest.js, Status: 200, Duration: 4ms","timestamp":"2024-04-05T14:28:39.621Z"}
{"level":"info","message":"Method: GET, URL: /index.html, Status: 304, Duration: 2ms","timestamp":"2024-04-05T14:28:44.548Z"}
{"level":"info","message":"Method: GET, URL: /socketClientTest.js, Status: 304, Duration: 1ms","timestamp":"2024-04-05T14:28:44.566Z"}
{"level":"info","message":"Method: GET, URL: /index.html, Status: 304, Duration: 4ms","timestamp":"2024-04-05T14:30:45.708Z"}
{"level":"info","message":"Method: GET, URL: /socketClientTest.js, Status: 200, Duration: 6ms","timestamp":"2024-04-05T14:30:45.747Z"}
{"level":"info","message":"Method: GET, URL: /index.html, Status: 304, Duration: 8ms","timestamp":"2024-04-05T14:31:50.416Z"}
{"level":"info","message":"Method: GET, URL: /socketClientTest.js, Status: 200, Duration: 6ms","timestamp":"2024-04-05T14:31:50.458Z"}
{"level":"info","message":"Method: GET, URL: /index.html, Status: 200, Duration: 7ms","timestamp":"2024-04-05T14:32:39.177Z"}
{"level":"info","message":"Method: GET, URL: /chat.js, Status: 200, Duration: 3ms","timestamp":"2024-04-05T14:32:39.199Z"}
{"level":"info","message":"Method: GET, URL: /index.html, Status: 304, Duration: 4ms","timestamp":"2024-04-05T14:33:46.503Z"}
{"level":"info","message":"Method: GET, URL: /chat.js, Status: 304, Duration: 3ms","timestamp":"2024-04-05T14:33:46.519Z"}
{"level":"info","message":"Method: GET, URL: /index.html, Status: 304, Duration: 11ms","timestamp":"2024-04-05T14:37:14.111Z"}
{"level":"info","message":"Method: GET, URL: /chat.js, Status: 304, Duration: 2ms","timestamp":"2024-04-05T14:37:14.325Z"}
{"level":"info","message":"Method: GET, URL: /index.html, Status: 304, Duration: 7ms","timestamp":"2024-04-05T14:52:45.310Z"}
{"level":"info","message":"Method: GET, URL: /chat.js, Status: 200, Duration: 9ms","timestamp":"2024-04-05T14:52:45.360Z"}
{"level":"info","message":"Method: GET, URL: /index.html, Status: 304, Duration: 3ms","timestamp":"2024-04-05T14:56:32.859Z"}
{"level":"info","message":"Method: GET, URL: /chat.js, Status: 200, Duration: 6ms","timestamp":"2024-04-05T14:56:32.892Z"}
