{"level":"info","message":"Method: POST, URL: /, Status: 201, Duration: 452ms","timestamp":"2024-04-10T15:52:10.591Z"}
{"level":"info","message":"Method: POST, URL: /worries/32/comments, Status: 201, Duration: 256ms","timestamp":"2024-04-10T15:52:41.734Z"}
{"level":"info","message":"Method: POST, URL: /worries/32/comments, Status: 400, Duration: 75ms","timestamp":"2024-04-10T15:55:35.624Z"}
{"level":"info","message":"Method: POST, URL: /worries/32/comments/24, Status: 201, Duration: 217ms","timestamp":"2024-04-10T15:56:27.549Z"}
{"level":"info","message":"Method: POST, URL: /worries/32/comments/25, Status: 201, Duration: 262ms","timestamp":"2024-04-10T15:56:59.653Z"}
{"level":"info","message":"Method: POST, URL: /, Status: 201, Duration: 477ms","timestamp":"2024-04-10T16:03:16.401Z"}
{"level":"info","message":"Method: POST, URL: /worries/33/comments, Status: 201, Duration: 106ms","timestamp":"2024-04-10T16:03:39.704Z"}
{"level":"info","message":"Method: POST, URL: /worries/32/comments, Status: 400, Duration: 92ms","timestamp":"2024-04-10T16:06:59.611Z"}
{"level":"info","message":"Method: POST, URL: /, Status: 201, Duration: 221ms","timestamp":"2024-04-10T16:07:08.709Z"}
{"level":"info","message":"Method: POST, URL: /worries/34/comments, Status: 201, Duration: 176ms","timestamp":"2024-04-10T16:07:27.126Z"}
{"level":"info","message":"Method: POST, URL: /worries/34/comments/28, Status: 201, Duration: 150ms","timestamp":"2024-04-10T16:08:05.899Z"}
{"level":"info","message":"Method: DELETE, URL: /, Status: 200, Duration: 2057ms","timestamp":"2024-04-10T16:28:02.060Z"}
{"level":"info","message":"Method: POST, URL: /, Status: 201, Duration: 251ms","timestamp":"2024-04-10T16:31:34.488Z"}
{"level":"info","message":"Method: POST, URL: /, Status: 201, Duration: 207ms","timestamp":"2024-04-10T16:31:45.062Z"}
{"level":"info","message":"Method: POST, URL: /, Status: 201, Duration: 168ms","timestamp":"2024-04-10T16:31:46.281Z"}
{"level":"info","message":"Method: POST, URL: /worries/35/comments, Status: 201, Duration: 187ms","timestamp":"2024-04-10T16:32:11.204Z"}
{"level":"info","message":"Method: POST, URL: /worries/36/comments, Status: 201, Duration: 123ms","timestamp":"2024-04-10T16:32:35.266Z"}
{"level":"info","message":"Method: POST, URL: /worries/36/comments/31, Status: 201, Duration: 143ms","timestamp":"2024-04-10T16:32:54.527Z"}
{"level":"info","message":"Method: DELETE, URL: /, Status: 200, Duration: 595ms","timestamp":"2024-04-10T16:35:05.923Z"}
{"level":"info","message":"Method: POST, URL: /, Status: 201, Duration: 256ms","timestamp":"2024-04-10T17:26:51.115Z"}
{"level":"info","message":"Method: POST, URL: /, Status: 201, Duration: 173ms","timestamp":"2024-04-10T17:26:52.810Z"}
{"level":"info","message":"Method: POST, URL: /, Status: 201, Duration: 151ms","timestamp":"2024-04-10T17:26:54.136Z"}
{"level":"info","message":"Method: POST, URL: /worries/36/comments/38, Status: 400, Duration: 111ms","timestamp":"2024-04-10T17:27:16.657Z"}
{"level":"info","message":"Method: POST, URL: /worries/38/comments/, Status: 201, Duration: 186ms","timestamp":"2024-04-10T17:27:37.823Z"}
{"level":"info","message":"Method: POST, URL: /worries/39/comments/, Status: 201, Duration: 148ms","timestamp":"2024-04-10T17:27:55.590Z"}
{"level":"info","message":"Method: POST, URL: /worries/39/comments/35, Status: 201, Duration: 119ms","timestamp":"2024-04-10T17:28:07.918Z"}
{"level":"info","message":"Method: POST, URL: /sign-up, Status: 201, Duration: 91ms","timestamp":"2024-04-11T08:30:41.219Z"}
{"level":"info","message":"Method: POST, URL: /sign-up, Status: 201, Duration: 37ms","timestamp":"2024-04-11T08:30:43.094Z"}
{"level":"info","message":"Method: POST, URL: /sign-up, Status: 201, Duration: 44ms","timestamp":"2024-04-11T08:30:44.475Z"}
{"level":"info","message":"Method: POST, URL: /, Status: 201, Duration: 235ms","timestamp":"2024-04-11T08:31:26.513Z"}
{"level":"info","message":"Method: POST, URL: /, Status: 201, Duration: 180ms","timestamp":"2024-04-11T08:31:49.681Z"}
{"level":"info","message":"Method: POST, URL: /worries/1/comments, Status: 201, Duration: 220ms","timestamp":"2024-04-11T08:35:47.021Z"}
{"level":"info","message":"Method: GET, URL: /comments/1, Status: 403, Duration: 55ms","timestamp":"2024-04-11T08:36:21.037Z"}
{"level":"info","message":"Method: GET, URL: /comments/1, Status: 200, Duration: 113ms","timestamp":"2024-04-11T08:36:25.468Z"}
{"level":"info","message":"Method: GET, URL: /comments/1, Status: 200, Duration: 133ms","timestamp":"2024-04-11T08:39:47.815Z"}
{"level":"info","message":"Method: POST, URL: /worries/2/comments, Status: 201, Duration: 190ms","timestamp":"2024-04-11T08:40:49.693Z"}
{"level":"info","message":"Method: POST, URL: /worries/2/comments/2, Status: 201, Duration: 137ms","timestamp":"2024-04-11T08:41:03.660Z"}
{"level":"info","message":"Method: GET, URL: /comments/3, Status: 200, Duration: 134ms","timestamp":"2024-04-11T08:41:13.426Z"}
{"level":"info","message":"Method: GET, URL: /comments/3, Status: 200, Duration: 230ms","timestamp":"2024-04-11T08:46:25.803Z"}
{"level":"info","message":"Method: GET, URL: /comments/3, Status: 200, Duration: 118ms","timestamp":"2024-04-11T08:46:27.255Z"}
{"level":"info","message":"Method: GET, URL: /comments/3, Status: 200, Duration: 185ms","timestamp":"2024-04-11T08:46:37.426Z"}
