{"level":"info","message":"Method: POST, URL: /, Status: 201, Duration: 266ms","timestamp":"2024-04-18T04:14:57.046Z"}
{"level":"info","message":"Method: POST, URL: /worries/49/comments, Status: 201, Duration: 210ms","timestamp":"2024-04-18T04:17:15.869Z"}
{"level":"info","message":"Method: POST, URL: /worries/49/comments/48/sendLike, Status: 401, Duration: 4ms","timestamp":"2024-04-18T04:18:20.588Z"}
{"level":"info","message":"Method: POST, URL: /worries/49/comments/48/sendLike, Status: 201, Duration: 305ms","timestamp":"2024-04-18T04:19:15.291Z"}
{"level":"info","message":"Method: GET, URL: /count, Status: 200, Duration: 55ms","timestamp":"2024-04-18T05:13:20.215Z"}
{"level":"info","message":"Method: GET, URL: /count, Status: 200, Duration: 12ms","timestamp":"2024-04-18T05:13:21.998Z"}
{"level":"info","message":"Method: GET, URL: /count, Status: 200, Duration: 28ms","timestamp":"2024-04-18T05:13:35.964Z"}
{"level":"info","message":"Method: GET, URL: /count, Status: 200, Duration: 11ms","timestamp":"2024-04-18T05:13:40.932Z"}
{"level":"info","message":"Method: GET, URL: /count, Status: 200, Duration: 9ms","timestamp":"2024-04-18T05:13:47.024Z"}
{"level":"info","message":"Method: GET, URL: /count, Status: 200, Duration: 20ms","timestamp":"2024-04-18T05:16:21.891Z"}
{"level":"info","message":"Method: GET, URL: /count, Status: 200, Duration: 9ms","timestamp":"2024-04-18T05:16:25.496Z"}
{"level":"info","message":"Method: GET, URL: /count, Status: 200, Duration: 10ms","timestamp":"2024-04-18T05:16:28.699Z"}
{"level":"info","message":"Method: GET, URL: /count, Status: 200, Duration: 10ms","timestamp":"2024-04-18T05:16:32.749Z"}
{"level":"info","message":"Method: GET, URL: /count, Status: 200, Duration: 26ms","timestamp":"2024-04-18T05:16:38.306Z"}
{"level":"info","message":"Method: POST, URL: /, Status: 201, Duration: 235ms","timestamp":"2024-04-18T05:16:54.977Z"}
{"level":"info","message":"Method: POST, URL: /, Status: 201, Duration: 219ms","timestamp":"2024-04-18T05:16:57.886Z"}
{"level":"info","message":"Method: POST, URL: /worries/48/comments/47/sendLike, Status: 201, Duration: 307ms","timestamp":"2024-04-18T05:19:08.904Z"}
{"level":"info","message":"Method: POST, URL: /worries/43/comments/46/sendLike, Status: 201, Duration: 228ms","timestamp":"2024-04-18T05:19:55.294Z"}
{"level":"info","message":"Method: POST, URL: /worries/41/comments/45/sendLike, Status: 201, Duration: 282ms","timestamp":"2024-04-18T05:20:45.584Z"}
{"level":"info","message":"Method: POST, URL: /worries/31/comments/42/sendLike, Status: 201, Duration: 219ms","timestamp":"2024-04-18T05:21:43.065Z"}
{"level":"info","message":"Method: POST, URL: /, Status: 201, Duration: 197ms","timestamp":"2024-04-18T05:22:18.226Z"}
{"level":"info","message":"Method: POST, URL: /, Status: 201, Duration: 199ms","timestamp":"2024-04-18T05:22:20.428Z"}
{"level":"info","message":"Method: POST, URL: /, Status: 201, Duration: 245ms","timestamp":"2024-04-18T05:22:22.433Z"}
{"level":"info","message":"Method: POST, URL: /, Status: 201, Duration: 208ms","timestamp":"2024-04-18T05:22:23.599Z"}
{"level":"error","message":"Error Status: 400, Message: 최대 고민 작성수를 초과하였습니다","timestamp":"2024-04-18T05:22:25.093Z"}
{"level":"info","message":"Method: POST, URL: /worries, Status: 400, Duration: 15ms","timestamp":"2024-04-18T05:22:25.095Z"}
{"level":"info","message":"Method: POST, URL: /, Status: 201, Duration: 186ms","timestamp":"2024-04-18T05:22:29.135Z"}
{"level":"info","message":"Method: POST, URL: /, Status: 201, Duration: 219ms","timestamp":"2024-04-18T05:22:31.640Z"}
{"level":"info","message":"Method: POST, URL: /worries/57/comments, Status: 201, Duration: 150ms","timestamp":"2024-04-18T05:23:05.282Z"}
{"level":"info","message":"Method: POST, URL: /worries/57/comments/54/sendLike, Status: 201, Duration: 505ms","timestamp":"2024-04-18T05:23:15.677Z"}
{"level":"info","message":"Method: POST, URL: /, Status: 201, Duration: 193ms","timestamp":"2024-04-18T05:23:23.671Z"}
{"level":"error","message":"Error Status: 403, Message: 답변 작성 권한이 없습니다.","timestamp":"2024-04-18T05:23:37.954Z"}
{"level":"info","message":"Method: POST, URL: /worries/58/comments, Status: 403, Duration: 30ms","timestamp":"2024-04-18T05:23:37.955Z"}
{"level":"info","message":"Method: POST, URL: /worries/58/comments, Status: 201, Duration: 141ms","timestamp":"2024-04-18T05:24:03.851Z"}
{"level":"info","message":"Method: POST, URL: /worries/58/comments/56/sendLike, Status: 201, Duration: 349ms","timestamp":"2024-04-18T05:24:15.805Z"}
{"level":"info","message":"Method: POST, URL: /, Status: 201, Duration: 190ms","timestamp":"2024-04-18T05:24:28.403Z"}
{"level":"info","message":"Method: POST, URL: /, Status: 201, Duration: 184ms","timestamp":"2024-04-18T05:24:29.914Z"}
{"level":"info","message":"Method: POST, URL: /worries/60/comments, Status: 201, Duration: 2178ms","timestamp":"2024-04-18T05:24:43.430Z"}
{"level":"info","message":"Method: POST, URL: /worries/60/comments/58/sendLike, Status: 201, Duration: 215ms","timestamp":"2024-04-18T05:24:58.865Z"}
{"level":"info","message":"Method: GET, URL: /count, Status: 200, Duration: 18ms","timestamp":"2024-04-18T05:25:23.618Z"}
{"level":"info","message":"Method: GET, URL: /count, Status: 200, Duration: 11ms","timestamp":"2024-04-18T05:25:34.577Z"}
{"level":"info","message":"Method: GET, URL: /count, Status: 200, Duration: 11ms","timestamp":"2024-04-18T05:25:36.394Z"}
{"level":"info","message":"Method: GET, URL: /count, Status: 200, Duration: 23ms","timestamp":"2024-04-18T05:25:42.355Z"}
{"level":"error","message":"Error Status: 400, Message: Expected ',' or '}' after property value in JSON at position 17","timestamp":"2024-04-18T05:25:54.881Z"}
{"level":"error","message":"Error Status: 400, Message: Expected ',' or '}' after property value in JSON at position 17","timestamp":"2024-04-18T05:25:56.436Z"}
{"level":"info","message":"Method: GET, URL: /count, Status: 200, Duration: 23ms","timestamp":"2024-04-18T05:26:01.963Z"}
{"level":"info","message":"Method: GET, URL: /count, Status: 200, Duration: 9ms","timestamp":"2024-04-18T05:26:05.190Z"}
{"level":"info","message":"Method: GET, URL: /count, Status: 200, Duration: 8ms","timestamp":"2024-04-18T05:26:08.930Z"}
{"level":"info","message":"Method: GET, URL: /count, Status: 200, Duration: 25ms","timestamp":"2024-04-18T05:26:14.344Z"}
{"level":"info","message":"Method: GET, URL: /count, Status: 200, Duration: 74ms","timestamp":"2024-04-18T05:26:19.087Z"}
{"level":"info","message":"Method: POST, URL: /worries/25/comments/25/sendLike, Status: 201, Duration: 290ms","timestamp":"2024-04-18T05:27:40.490Z"}
{"level":"info","message":"Method: GET, URL: /count, Status: 200, Duration: 13ms","timestamp":"2024-04-18T05:27:47.697Z"}
{"level":"info","message":"Method: GET, URL: /count, Status: 200, Duration: 21ms","timestamp":"2024-04-18T05:27:51.300Z"}
{"level":"info","message":"Method: GET, URL: /count, Status: 200, Duration: 91ms","timestamp":"2024-04-18T05:27:56.253Z"}
{"level":"info","message":"Method: GET, URL: /top-likes, Status: 401, Duration: 2ms","timestamp":"2024-04-18T05:29:34.572Z"}
{"level":"info","message":"Method: GET, URL: /top-likes, Status: 200, Duration: 239ms","timestamp":"2024-04-18T05:30:21.886Z"}
{"level":"info","message":"Method: GET, URL: /top-likes, Status: 200, Duration: 111ms","timestamp":"2024-04-18T05:30:54.017Z"}
{"level":"info","message":"Method: GET, URL: /top-likes, Status: 200, Duration: 79ms","timestamp":"2024-04-18T05:30:54.991Z"}
{"level":"info","message":"Method: GET, URL: /top-likes, Status: 200, Duration: 72ms","timestamp":"2024-04-18T05:30:58.194Z"}
{"level":"info","message":"Method: GET, URL: /top-likes, Status: 200, Duration: 86ms","timestamp":"2024-04-18T05:30:58.937Z"}
{"level":"info","message":"Method: GET, URL: /top-likes, Status: 200, Duration: 109ms","timestamp":"2024-04-18T05:31:04.612Z"}
{"level":"info","message":"Method: GET, URL: /top-likes, Status: 200, Duration: 120ms","timestamp":"2024-04-18T05:31:08.708Z"}
{"level":"info","message":"Method: GET, URL: /count, Status: 200, Duration: 25ms","timestamp":"2024-04-18T05:31:59.615Z"}
{"level":"info","message":"Method: GET, URL: /count, Status: 200, Duration: 9ms","timestamp":"2024-04-18T05:32:00.462Z"}
{"level":"info","message":"Method: GET, URL: /count, Status: 200, Duration: 42ms","timestamp":"2024-04-18T05:32:38.032Z"}
{"level":"info","message":"Method: GET, URL: /count, Status: 200, Duration: 21ms","timestamp":"2024-04-18T05:35:26.448Z"}
{"level":"info","message":"Method: GET, URL: /count, Status: 200, Duration: 14ms","timestamp":"2024-04-18T05:35:33.177Z"}
{"level":"info","message":"Method: GET, URL: /top-likes, Status: 200, Duration: 91ms","timestamp":"2024-04-18T05:35:43.389Z"}
{"level":"info","message":"Method: GET, URL: /count, Status: 200, Duration: 17ms","timestamp":"2024-04-18T05:36:13.079Z"}
{"level":"info","message":"Method: GET, URL: /count, Status: 200, Duration: 10ms","timestamp":"2024-04-18T05:36:14.053Z"}
{"level":"info","message":"Method: GET, URL: /count, Status: 200, Duration: 13ms","timestamp":"2024-04-18T05:36:15.019Z"}
{"level":"info","message":"Method: GET, URL: /top-likes, Status: 200, Duration: 89ms","timestamp":"2024-04-18T05:36:23.346Z"}
{"level":"info","message":"Method: GET, URL: /harvest, Status: 404, Duration: 3ms","timestamp":"2024-04-18T06:19:32.802Z"}
{"level":"info","message":"Method: POST, URL: /harvest, Status: 201, Duration: 30ms","timestamp":"2024-04-18T06:19:40.639Z"}
{"level":"info","message":"Method: GET, URL: /count, Status: 200, Duration: 19ms","timestamp":"2024-04-18T06:20:48.668Z"}
{"level":"info","message":"Method: GET, URL: /count, Status: 200, Duration: 10ms","timestamp":"2024-04-18T06:20:51.213Z"}
{"level":"error","message":"Error Status: 400, Message: 최대 고민 작성수를 초과하였습니다","timestamp":"2024-04-18T06:21:41.580Z"}
{"level":"info","message":"Method: POST, URL: /worries, Status: 400, Duration: 31ms","timestamp":"2024-04-18T06:21:41.582Z"}
{"level":"info","message":"Method: POST, URL: /sign-up, Status: 201, Duration: 92ms","timestamp":"2024-04-18T06:21:46.499Z"}
{"level":"info","message":"Method: POST, URL: /sign-up, Status: 201, Duration: 54ms","timestamp":"2024-04-18T06:21:57.054Z"}
{"level":"info","message":"Method: POST, URL: /sign-up, Status: 201, Duration: 36ms","timestamp":"2024-04-18T06:21:58.706Z"}
{"level":"info","message":"Method: POST, URL: /, Status: 201, Duration: 365ms","timestamp":"2024-04-18T06:22:06.583Z"}
{"level":"info","message":"Method: POST, URL: /worries/1/comments, Status: 201, Duration: 245ms","timestamp":"2024-04-18T06:22:18.647Z"}
{"level":"info","message":"Method: POST, URL: /worries/1/comments/1/sendLike, Status: 201, Duration: 293ms","timestamp":"2024-04-18T06:22:33.563Z"}
{"level":"info","message":"Method: POST, URL: /, Status: 201, Duration: 164ms","timestamp":"2024-04-18T06:22:59.172Z"}
{"level":"info","message":"Method: POST, URL: /worries/2/comments, Status: 201, Duration: 113ms","timestamp":"2024-04-18T06:23:12.874Z"}
{"level":"error","message":"Error Status: 400, Message: 유효하지 않은 댓글입니다.","timestamp":"2024-04-18T06:23:29.118Z"}
{"level":"info","message":"Method: POST, URL: /worries/2/comments/2/sendLike, Status: 400, Duration: 27ms","timestamp":"2024-04-18T06:23:29.119Z"}
{"level":"info","message":"Method: POST, URL: /worries/2/comments/3/sendLike, Status: 201, Duration: 202ms","timestamp":"2024-04-18T06:23:43.151Z"}
{"level":"info","message":"Method: POST, URL: /, Status: 201, Duration: 373ms","timestamp":"2024-04-18T06:23:53.143Z"}
{"level":"info","message":"Method: POST, URL: /worries/3/comments, Status: 201, Duration: 115ms","timestamp":"2024-04-18T06:24:07.414Z"}
{"level":"error","message":"Error Status: 403, Message: 선물을 보낼 권한이 없습니다. 게시글의 작성자만 선물을 보낼 수 있습니다.","timestamp":"2024-04-18T06:24:20.736Z"}
{"level":"info","message":"Method: POST, URL: /worries/3/comments/5/sendLike, Status: 403, Duration: 38ms","timestamp":"2024-04-18T06:24:20.738Z"}
{"level":"info","message":"Method: POST, URL: /worries/3/comments/5/sendLike, Status: 201, Duration: 246ms","timestamp":"2024-04-18T06:24:28.287Z"}
{"level":"info","message":"Method: POST, URL: /, Status: 201, Duration: 212ms","timestamp":"2024-04-18T06:24:38.769Z"}
{"level":"info","message":"Method: POST, URL: /worries/4/comments, Status: 201, Duration: 148ms","timestamp":"2024-04-18T06:24:53.581Z"}
{"level":"info","message":"Method: POST, URL: /worries/4/comments/7/sendLike, Status: 201, Duration: 272ms","timestamp":"2024-04-18T06:25:03.028Z"}
{"level":"info","message":"Method: POST, URL: /, Status: 201, Duration: 205ms","timestamp":"2024-04-18T06:25:11.559Z"}
{"level":"info","message":"Method: POST, URL: /worries/5/comments, Status: 201, Duration: 141ms","timestamp":"2024-04-18T06:25:23.731Z"}
{"level":"info","message":"Method: POST, URL: /worries/5/comments/9/sendLike, Status: 201, Duration: 367ms","timestamp":"2024-04-18T06:25:36.289Z"}
{"level":"info","message":"Method: POST, URL: /, Status: 201, Duration: 245ms","timestamp":"2024-04-18T06:25:43.966Z"}
{"level":"info","message":"Method: POST, URL: /worries/6/comments, Status: 201, Duration: 147ms","timestamp":"2024-04-18T06:25:58.995Z"}
{"level":"info","message":"Method: POST, URL: /worries/6/comments/11/sendLike, Status: 201, Duration: 228ms","timestamp":"2024-04-18T06:26:08.370Z"}
{"level":"info","message":"Method: GET, URL: /top-likes, Status: 200, Duration: 114ms","timestamp":"2024-04-18T06:26:10.521Z"}
{"level":"info","message":"Method: POST, URL: /, Status: 201, Duration: 283ms","timestamp":"2024-04-18T06:26:18.817Z"}
{"level":"info","message":"Method: POST, URL: /worries/7/comments, Status: 201, Duration: 151ms","timestamp":"2024-04-18T06:26:29.846Z"}
{"level":"info","message":"Method: POST, URL: /worries/7/comments/13/sendLike, Status: 201, Duration: 326ms","timestamp":"2024-04-18T06:26:38.146Z"}
{"level":"info","message":"Method: POST, URL: /, Status: 201, Duration: 176ms","timestamp":"2024-04-18T06:26:40.472Z"}
{"level":"info","message":"Method: POST, URL: /worries/8/comments, Status: 201, Duration: 165ms","timestamp":"2024-04-18T06:26:51.261Z"}
{"level":"info","message":"Method: POST, URL: /worries/8/comments/15/sendLike, Status: 201, Duration: 702ms","timestamp":"2024-04-18T06:27:00.544Z"}
{"level":"info","message":"Method: GET, URL: /top-likes, Status: 200, Duration: 102ms","timestamp":"2024-04-18T06:27:08.111Z"}
{"level":"info","message":"Method: POST, URL: /, Status: 201, Duration: 205ms","timestamp":"2024-04-18T06:27:13.442Z"}
{"level":"info","message":"Method: POST, URL: /worries/9/comments, Status: 201, Duration: 184ms","timestamp":"2024-04-18T06:27:22.944Z"}
{"level":"info","message":"Method: POST, URL: /worries/9/comments/17/sendLike, Status: 201, Duration: 315ms","timestamp":"2024-04-18T06:27:32.516Z"}
{"level":"info","message":"Method: GET, URL: /top-likes, Status: 200, Duration: 85ms","timestamp":"2024-04-18T06:27:34.588Z"}
{"level":"info","message":"Method: POST, URL: /, Status: 201, Duration: 269ms","timestamp":"2024-04-18T06:27:52.273Z"}
{"level":"info","message":"Method: POST, URL: /worries/10/comments, Status: 201, Duration: 306ms","timestamp":"2024-04-18T06:28:03.377Z"}
{"level":"info","message":"Method: POST, URL: /worries/10/comments/19/sendLike, Status: 201, Duration: 234ms","timestamp":"2024-04-18T06:28:21.562Z"}
{"level":"info","message":"Method: GET, URL: /top-likes, Status: 200, Duration: 117ms","timestamp":"2024-04-18T06:28:24.532Z"}
{"level":"info","message":"Method: POST, URL: /, Status: 201, Duration: 250ms","timestamp":"2024-04-18T06:28:39.803Z"}
{"level":"info","message":"Method: POST, URL: /worries/11/comments, Status: 201, Duration: 168ms","timestamp":"2024-04-18T06:28:55.489Z"}
{"level":"info","message":"Method: POST, URL: /worries/11/comments/21/sendLike, Status: 201, Duration: 291ms","timestamp":"2024-04-18T06:29:11.647Z"}
{"level":"info","message":"Method: GET, URL: /top-likes, Status: 200, Duration: 121ms","timestamp":"2024-04-18T06:29:15.279Z"}
{"level":"info","message":"Method: POST, URL: /, Status: 201, Duration: 216ms","timestamp":"2024-04-18T06:29:21.470Z"}
{"level":"info","message":"Method: POST, URL: /, Status: 201, Duration: 192ms","timestamp":"2024-04-18T06:29:22.630Z"}
{"level":"info","message":"Method: POST, URL: /, Status: 201, Duration: 181ms","timestamp":"2024-04-18T06:29:24.652Z"}
{"level":"info","message":"Method: POST, URL: /worries/14/comments, Status: 201, Duration: 147ms","timestamp":"2024-04-18T06:29:33.122Z"}
{"level":"info","message":"Method: POST, URL: /worries/14/comments/23/sendLike, Status: 201, Duration: 278ms","timestamp":"2024-04-18T06:29:43.407Z"}
{"level":"info","message":"Method: GET, URL: /top-likes, Status: 200, Duration: 132ms","timestamp":"2024-04-18T06:29:45.704Z"}
{"level":"info","message":"Method: POST, URL: /worries/13/comments, Status: 201, Duration: 166ms","timestamp":"2024-04-18T06:30:35.839Z"}
{"level":"info","message":"Method: POST, URL: /worries/13/comments/25/sendLike, Status: 201, Duration: 250ms","timestamp":"2024-04-18T06:30:50.076Z"}
{"level":"info","message":"Method: GET, URL: /top-likes, Status: 200, Duration: 98ms","timestamp":"2024-04-18T06:30:53.858Z"}
{"level":"info","message":"Method: GET, URL: /count, Status: 200, Duration: 36ms","timestamp":"2024-04-18T06:31:41.259Z"}
{"level":"info","message":"Method: GET, URL: /count, Status: 200, Duration: 15ms","timestamp":"2024-04-18T06:31:45.155Z"}
{"level":"info","message":"Method: GET, URL: /count, Status: 200, Duration: 23ms","timestamp":"2024-04-18T06:31:56.453Z"}
{"level":"info","message":"Method: GET, URL: /count, Status: 200, Duration: 10ms","timestamp":"2024-04-18T06:32:01.588Z"}
{"level":"info","message":"Method: GET, URL: /count, Status: 200, Duration: 20ms","timestamp":"2024-04-18T06:32:04.997Z"}
{"level":"info","message":"Method: POST, URL: /harvest, Status: 201, Duration: 21ms","timestamp":"2024-04-18T06:32:19.355Z"}
{"level":"info","message":"Method: POST, URL: /harvest, Status: 201, Duration: 136ms","timestamp":"2024-04-18T06:32:41.105Z"}
{"level":"info","message":"Method: GET, URL: /count, Status: 200, Duration: 21ms","timestamp":"2024-04-18T06:33:03.762Z"}
{"level":"info","message":"Method: GET, URL: /count, Status: 200, Duration: 13ms","timestamp":"2024-04-18T06:33:05.227Z"}
{"level":"info","message":"Method: GET, URL: /count, Status: 200, Duration: 15ms","timestamp":"2024-04-18T06:33:05.912Z"}
{"level":"error","message":"Error Status: undefined, Message: Cannot read properties of null (reading 'nickname')","timestamp":"2024-04-18T06:33:16.590Z"}
{"level":"info","message":"Method: GET, URL: /top-likes, Status: 500, Duration: 91ms","timestamp":"2024-04-18T06:33:16.591Z"}
{"level":"info","message":"Method: GET, URL: /top-likes, Status: 200, Duration: 118ms","timestamp":"2024-04-18T06:33:22.714Z"}
{"level":"info","message":"Method: POST, URL: /harvest, Status: 201, Duration: 85ms","timestamp":"2024-04-18T06:34:40.617Z"}
{"level":"info","message":"Method: GET, URL: /top-likes, Status: 200, Duration: 258ms","timestamp":"2024-04-18T06:35:24.969Z"}
{"level":"info","message":"Method: GET, URL: /top-likes, Status: 200, Duration: 139ms","timestamp":"2024-04-18T06:35:28.790Z"}
{"level":"info","message":"Method: GET, URL: /top-likes, Status: 200, Duration: 149ms","timestamp":"2024-04-18T06:35:31.087Z"}
{"level":"info","message":"Method: GET, URL: /top-likes, Status: 200, Duration: 75ms","timestamp":"2024-04-18T06:35:32.070Z"}
{"level":"info","message":"Method: GET, URL: /top-likes, Status: 200, Duration: 136ms","timestamp":"2024-04-18T06:35:32.845Z"}
{"level":"info","message":"Method: GET, URL: /count, Status: 200, Duration: 9ms","timestamp":"2024-04-18T06:35:37.592Z"}
{"level":"info","message":"Method: POST, URL: /harvest, Status: 201, Duration: 68ms","timestamp":"2024-04-18T06:37:01.462Z"}
{"level":"error","message":"Error Status: undefined, Message: commentRepository.getFruitCount is not a function","timestamp":"2024-04-18T07:08:47.965Z"}
{"level":"info","message":"Method: POST, URL: /harvest, Status: 500, Duration: 33ms","timestamp":"2024-04-18T07:08:47.971Z"}
{"level":"error","message":"Error Status: undefined, Message: commentRepository.getFruitCount is not a function","timestamp":"2024-04-18T07:08:49.985Z"}
{"level":"info","message":"Method: POST, URL: /harvest, Status: 500, Duration: 12ms","timestamp":"2024-04-18T07:08:49.986Z"}
{"level":"info","message":"Method: POST, URL: /harvest, Status: 201, Duration: 35ms","timestamp":"2024-04-18T07:11:35.377Z"}
{"level":"info","message":"Method: POST, URL: /harvest, Status: 201, Duration: 25ms","timestamp":"2024-04-18T07:14:33.933Z"}
{"level":"info","message":"Method: POST, URL: /harvest, Status: 201, Duration: 10ms","timestamp":"2024-04-18T07:14:35.257Z"}
{"level":"info","message":"Method: POST, URL: /, Status: 201, Duration: 247ms","timestamp":"2024-04-18T07:42:33.472Z"}
{"level":"info","message":"Method: POST, URL: /worries/15/comments, Status: 201, Duration: 171ms","timestamp":"2024-04-18T07:42:48.079Z"}
{"level":"info","message":"Method: POST, URL: /worries/15/comments/27/sendLike, Status: 201, Duration: 345ms","timestamp":"2024-04-18T07:43:09.987Z"}
{"level":"info","message":"Method: GET, URL: /top-likes, Status: 200, Duration: 106ms","timestamp":"2024-04-18T07:43:46.977Z"}
{"level":"info","message":"Method: GET, URL: /top-likes, Status: 200, Duration: 89ms","timestamp":"2024-04-18T07:45:18.018Z"}
{"level":"info","message":"Method: GET, URL: /top-likes, Status: 200, Duration: 76ms","timestamp":"2024-04-18T07:45:22.377Z"}
{"level":"info","message":"Method: GET, URL: /count, Status: 200, Duration: 25ms","timestamp":"2024-04-18T07:45:59.636Z"}
{"level":"info","message":"Method: GET, URL: /count, Status: 200, Duration: 15ms","timestamp":"2024-04-18T07:46:12.243Z"}
{"level":"info","message":"Method: GET, URL: /count, Status: 200, Duration: 29ms","timestamp":"2024-04-18T07:46:20.138Z"}
{"level":"info","message":"Method: POST, URL: /harvest, Status: 201, Duration: 119ms","timestamp":"2024-04-18T07:46:47.450Z"}
{"level":"info","message":"Method: POST, URL: /harvest, Status: 201, Duration: 16ms","timestamp":"2024-04-18T07:47:12.225Z"}
{"level":"info","message":"Method: GET, URL: /top-likes, Status: 200, Duration: 284ms","timestamp":"2024-04-18T07:47:25.814Z"}
{"level":"info","message":"Method: GET, URL: /top-likes, Status: 200, Duration: 64ms","timestamp":"2024-04-18T07:47:26.742Z"}
{"level":"info","message":"Method: GET, URL: /top-likes, Status: 200, Duration: 75ms","timestamp":"2024-04-18T07:47:35.188Z"}
{"level":"info","message":"Method: GET, URL: /top-likes, Status: 200, Duration: 85ms","timestamp":"2024-04-18T07:47:43.127Z"}
{"level":"info","message":"Method: GET, URL: /top-likes, Status: 200, Duration: 84ms","timestamp":"2024-04-18T07:47:44.208Z"}
{"level":"info","message":"Method: GET, URL: /top-likes, Status: 200, Duration: 78ms","timestamp":"2024-04-18T07:47:46.195Z"}
{"level":"info","message":"Method: GET, URL: /top-likes, Status: 200, Duration: 94ms","timestamp":"2024-04-18T07:47:49.430Z"}
{"level":"info","message":"Method: GET, URL: /top-likes, Status: 200, Duration: 125ms","timestamp":"2024-04-18T08:50:22.910Z"}
{"level":"info","message":"Method: GET, URL: /count, Status: 200, Duration: 27ms","timestamp":"2024-04-18T08:51:09.232Z"}
{"level":"info","message":"Method: GET, URL: /count, Status: 200, Duration: 12ms","timestamp":"2024-04-18T08:51:14.201Z"}
{"level":"info","message":"Method: GET, URL: /count, Status: 200, Duration: 10ms","timestamp":"2024-04-18T08:51:19.844Z"}
{"level":"info","message":"Method: POST, URL: /harvest, Status: 201, Duration: 27ms","timestamp":"2024-04-18T08:51:30.198Z"}
{"level":"info","message":"Method: POST, URL: /harvest, Status: 201, Duration: 127ms","timestamp":"2024-04-18T08:51:39.641Z"}
{"level":"info","message":"Method: POST, URL: /harvest, Status: 201, Duration: 20ms","timestamp":"2024-04-18T08:52:05.060Z"}
{"level":"info","message":"Method: GET, URL: /top-likes, Status: 200, Duration: 125ms","timestamp":"2024-04-18T08:52:19.955Z"}
{"level":"info","message":"Method: GET, URL: /top-likes, Status: 200, Duration: 362ms","timestamp":"2024-04-18T08:52:21.184Z"}
{"level":"info","message":"Method: GET, URL: /count, Status: 200, Duration: 14ms","timestamp":"2024-04-18T08:52:33.515Z"}
{"level":"info","message":"Method: GET, URL: /count, Status: 200, Duration: 11ms","timestamp":"2024-04-18T08:52:34.788Z"}
{"level":"info","message":"Method: POST, URL: /harvest, Status: 201, Duration: 130ms","timestamp":"2024-04-18T08:52:50.654Z"}
{"level":"info","message":"Method: POST, URL: /harvest, Status: 201, Duration: 15ms","timestamp":"2024-04-18T08:52:57.787Z"}
{"level":"info","message":"Method: POST, URL: /harvest, Status: 201, Duration: 130ms","timestamp":"2024-04-18T08:54:32.189Z"}
{"level":"info","message":"Method: POST, URL: /harvest, Status: 201, Duration: 54ms","timestamp":"2024-04-18T08:57:10.887Z"}
{"level":"info","message":"Method: POST, URL: /harvest, Status: 201, Duration: 11ms","timestamp":"2024-04-18T08:57:18.623Z"}
{"level":"error","message":"Error Status: 400, Message: 별의 개수가 5개 이상일 때만 수확할 수 있습니다","timestamp":"2024-04-18T09:00:34.933Z"}
{"level":"info","message":"Method: POST, URL: /harvest, Status: 400, Duration: 39ms","timestamp":"2024-04-18T09:00:34.937Z"}
{"level":"info","message":"Method: POST, URL: /harvest, Status: 201, Duration: 155ms","timestamp":"2024-04-18T09:03:28.120Z"}
{"level":"info","message":"Method: POST, URL: /harvest, Status: 201, Duration: 159ms","timestamp":"2024-04-18T09:13:31.929Z"}
{"level":"info","message":"Method: POST, URL: /harvest, Status: 201, Duration: 391ms","timestamp":"2024-04-18T09:14:15.698Z"}
{"level":"error","message":"Error Status: 400, Message: 별의 개수가 5개 이상일 때만 수확할 수 있습니다","timestamp":"2024-04-18T09:15:41.896Z"}
{"level":"info","message":"Method: POST, URL: /harvest, Status: 400, Duration: 30ms","timestamp":"2024-04-18T09:15:41.897Z"}
{"level":"info","message":"Method: POST, URL: /harvest, Status: 201, Duration: 103ms","timestamp":"2024-04-18T09:15:51.621Z"}
{"level":"info","message":"Method: GET, URL: /top-likes, Status: 200, Duration: 224ms","timestamp":"2024-04-18T09:17:13.132Z"}
{"level":"info","message":"Method: POST, URL: /, Status: 201, Duration: 214ms","timestamp":"2024-04-18T09:17:23.327Z"}
{"level":"info","message":"Method: POST, URL: /worries/16/comments, Status: 201, Duration: 358ms","timestamp":"2024-04-18T09:17:48.492Z"}
{"level":"info","message":"Method: POST, URL: /worries/16/comments/29/sendLike, Status: 201, Duration: 343ms","timestamp":"2024-04-18T09:18:17.642Z"}
{"level":"info","message":"Method: POST, URL: /harvest, Status: 201, Duration: 100ms","timestamp":"2024-04-18T09:18:31.768Z"}
{"level":"error","message":"Error Status: 400, Message: 별의 개수가 5개 이상일 때만 수확할 수 있습니다","timestamp":"2024-04-18T09:18:41.861Z"}
{"level":"info","message":"Method: POST, URL: /harvest, Status: 400, Duration: 29ms","timestamp":"2024-04-18T09:18:41.863Z"}
{"level":"info","message":"Method: POST, URL: /, Status: 201, Duration: 156ms","timestamp":"2024-04-18T09:19:26.418Z"}
{"level":"info","message":"Method: POST, URL: /, Status: 201, Duration: 165ms","timestamp":"2024-04-18T09:19:27.296Z"}
{"level":"info","message":"Method: GET, URL: /count, Status: 200, Duration: 20ms","timestamp":"2024-04-18T09:29:17.473Z"}
{"level":"info","message":"Method: GET, URL: /count, Status: 200, Duration: 14ms","timestamp":"2024-04-18T09:29:19.315Z"}
{"level":"info","message":"Method: GET, URL: /count, Status: 200, Duration: 31ms","timestamp":"2024-04-18T09:37:50.403Z"}
{"level":"info","message":"Method: GET, URL: /count, Status: 200, Duration: 20ms","timestamp":"2024-04-18T09:38:43.884Z"}
{"level":"info","message":"Method: GET, URL: /count, Status: 200, Duration: 37ms","timestamp":"2024-04-18T09:38:45.534Z"}
{"level":"info","message":"Method: GET, URL: /count, Status: 200, Duration: 14ms","timestamp":"2024-04-18T09:38:53.160Z"}
{"level":"info","message":"Method: GET, URL: /count, Status: 200, Duration: 11ms","timestamp":"2024-04-18T09:38:54.243Z"}
{"level":"info","message":"Method: GET, URL: /count, Status: 200, Duration: 22ms","timestamp":"2024-04-18T10:03:43.915Z"}
{"level":"info","message":"Method: GET, URL: /count, Status: 200, Duration: 8ms","timestamp":"2024-04-18T10:03:44.627Z"}
