{"level":"info","message":"Method: GET, URL: /worries/35, Status: 200, Duration: 52ms","timestamp":"2024-03-31T15:01:15.313Z"}
{"level":"error","message":"Error Status: undefined, Message: Cannot set headers after they are sent to the client","timestamp":"2024-03-31T15:01:15.318Z"}
{"level":"info","message":"Method: DELETE, URL: /, Status: 200, Duration: 24ms","timestamp":"2024-03-31T15:02:03.905Z"}
{"level":"info","message":"Method: GET, URL: /comments, Status: 200, Duration: 176ms","timestamp":"2024-03-31T15:03:02.963Z"}
{"level":"info","message":"Method: GET, URL: /comments, Status: 200, Duration: 132ms","timestamp":"2024-03-31T15:06:14.870Z"}
{"level":"info","message":"Method: POST, URL: /9/comments/21/replies, Status: 201, Duration: 96ms","timestamp":"2024-03-31T15:06:23.890Z"}

{"level":"error","message":"Error Status: 400, Message: 선택한 댓글은 이 고민에 대한 지정된 답변자의 것이 아닙니다.","timestamp":"2024-03-31T15:00:48.083Z"}
{"level":"info","message":"Method: POST, URL: /worries/96/comments/18/sendLike, Status: 400, Duration: 142ms","timestamp":"2024-03-31T15:00:48.088Z"}
{"level":"error","message":"Error Status: undefined, Message: commentExists is not defined","timestamp":"2024-03-31T15:04:54.443Z"}
{"level":"info","message":"Method: POST, URL: /worries/96/comments/18/sendLike, Status: 500, Duration: 94ms","timestamp":"2024-03-31T15:04:54.448Z"}
{"level":"info","message":"Method: POST, URL: /worries/96/comments/18/sendLike, Status: 201, Duration: 197ms","timestamp":"2024-03-31T15:05:35.263Z"}
{"level":"info","message":"Method: POST, URL: /, Status: 201, Duration: 159ms","timestamp":"2024-03-31T15:07:28.149Z"}
{"level":"info","message":"Method: GET, URL: /, Status: 200, Duration: 16ms","timestamp":"2024-03-31T15:07:32.725Z"}
{"level":"info","message":"Method: POST, URL: /97, Status: 201, Duration: 68ms","timestamp":"2024-03-31T15:07:44.498Z"}
{"level":"info","message":"Method: POST, URL: /worries/97/comments/19/sendLike, Status: 201, Duration: 113ms","timestamp":"2024-03-31T15:07:52.611Z"}
{"level":"info","message":"Method: GET, URL: /mySolvedWorry, Status: 200, Duration: 96ms","timestamp":"2024-03-31T15:09:45.381Z"}
{"level":"info","message":"Method: GET, URL: /mySolvedWorry, Status: 200, Duration: 21ms","timestamp":"2024-03-31T15:09:52.970Z"}
{"level":"error","message":"Error Status: 404, Message: 해당하는 답변의 고민 게시글이 존재하지 않습니다.","timestamp":"2024-03-31T15:09:58.384Z"}
{"level":"info","message":"Method: GET, URL: /mySolvedWorry/37, Status: 404, Duration: 24ms","timestamp":"2024-03-31T15:09:58.385Z"}
{"level":"info","message":"Method: GET, URL: /mySolvedWorry/96, Status: 200, Duration: 273ms","timestamp":"2024-03-31T15:10:04.964Z"}
{"level":"info","message":"Method: GET, URL: /myHelpedSolvedWorry, Status: 200, Duration: 39ms","timestamp":"2024-03-31T15:10:09.488Z"}
{"level":"info","message":"Method: POST, URL: /, Status: 201, Duration: 421ms","timestamp":"2024-04-01T00:50:28.063Z"}
{"level":"info","message":"Method: GET, URL: /, Status: 200, Duration: 23ms","timestamp":"2024-04-01T00:51:42.306Z"}
{"level":"info","message":"Method: POST, URL: /98, Status: 400, Duration: 24ms","timestamp":"2024-04-01T00:51:56.449Z"}
{"level":"info","message":"Method: POST, URL: /98, Status: 201, Duration: 58ms","timestamp":"2024-04-01T00:51:59.716Z"}
{"level":"info","message":"Method: POST, URL: /worries/98/comments/20/sendLike, Status: 201, Duration: 106ms","timestamp":"2024-04-01T00:52:09.460Z"}
{"level":"error","message":"Error Status: 400, Message: 이미 선물이 전송되었습니다.","timestamp":"2024-04-01T01:06:57.515Z"}
{"level":"info","message":"Method: POST, URL: /worries/98/comments/20/sendLike, Status: 400, Duration: 82ms","timestamp":"2024-04-01T01:06:57.520Z"}
{"level":"info","message":"Method: GET, URL: /mySolvedWorry, Status: 200, Duration: 212ms","timestamp":"2024-04-01T01:07:00.867Z"}
{"level":"info","message":"Method: GET, URL: /mySolvedWorry/96, Status: 200, Duration: 33ms","timestamp":"2024-04-01T01:07:18.888Z"}
{"level":"info","message":"Method: GET, URL: /myHelpedSolvedWorry, Status: 200, Duration: 37ms","timestamp":"2024-04-01T01:07:23.832Z"}
{"level":"info","message":"Method: GET, URL: /mySolvedWorry, Status: 200, Duration: 111ms","timestamp":"2024-04-01T01:09:19.135Z"}
{"level":"info","message":"Method: GET, URL: /myHelpedSolvedWorry, Status: 200, Duration: 35ms","timestamp":"2024-04-01T01:09:34.957Z"}
{"level":"info","message":"Method: GET, URL: /myHelpedSolvedWorry, Status: 200, Duration: 93ms","timestamp":"2024-04-01T01:10:42.349Z"}
{"level":"info","message":"Method: GET, URL: /myHelpedSolvedWorry, Status: 200, Duration: 29ms","timestamp":"2024-04-01T01:12:02.478Z"}
{"level":"error","message":"Error Status: undefined, Message: userId is not defined","timestamp":"2024-04-01T01:14:10.998Z"}
{"level":"info","message":"Method: GET, URL: /myHelpedSolvedWorry, Status: 500, Duration: 25ms","timestamp":"2024-04-01T01:14:11.003Z"}
{"level":"error","message":"Error Status: undefined, Message: userId is not defined","timestamp":"2024-04-01T01:18:13.195Z"}
{"level":"info","message":"Method: GET, URL: /myHelpedSolvedWorry, Status: 500, Duration: 17ms","timestamp":"2024-04-01T01:18:13.199Z"}
{"level":"info","message":"Method: GET, URL: /myHelpedSolvedWorry, Status: 200, Duration: 97ms","timestamp":"2024-04-01T01:18:21.448Z"}
{"level":"info","message":"Method: GET, URL: /myHelpedSolvedWorry, Status: 200, Duration: 83ms","timestamp":"2024-04-01T01:19:06.779Z"}
{"level":"info","message":"Method: GET, URL: /myHelpedSolvedWorry, Status: 200, Duration: 19ms","timestamp":"2024-04-01T01:19:20.958Z"}
{"level":"info","message":"Method: GET, URL: /myHelpedSolvedWorry, Status: 200, Duration: 25ms","timestamp":"2024-04-01T01:24:02.792Z"}
{"level":"info","message":"Method: GET, URL: /myHelpedSolvedWorry, Status: 200, Duration: 80ms","timestamp":"2024-04-01T01:24:52.146Z"}
{"level":"info","message":"Method: GET, URL: /myHelpedSolvedWorry, Status: 200, Duration: 108ms","timestamp":"2024-04-01T01:27:14.445Z"}
{"level":"info","message":"Method: GET, URL: /myHelpedSolvedWorry, Status: 200, Duration: 26ms","timestamp":"2024-04-01T01:31:48.321Z"}
{"level":"info","message":"Method: GET, URL: /mySolvedWorry, Status: 200, Duration: 96ms","timestamp":"2024-04-01T01:34:39.835Z"}
{"level":"error","message":"Error Status: 404, Message: 해당하는 답변의 고민 게시글이 존재하지 않습니다.","timestamp":"2024-04-01T01:36:17.764Z"}
{"level":"info","message":"Method: GET, URL: /mySolvedWorry/1, Status: 404, Duration: 33ms","timestamp":"2024-04-01T01:36:17.766Z"}
{"level":"info","message":"Method: POST, URL: /, Status: 201, Duration: 64ms","timestamp":"2024-04-01T01:36:25.319Z"}
{"level":"info","message":"Method: POST, URL: /, Status: 201, Duration: 38ms","timestamp":"2024-04-01T01:36:51.058Z"}
{"level":"info","message":"Method: GET, URL: /mySolvedWorry/, Status: 200, Duration: 22ms","timestamp":"2024-04-01T01:37:11.914Z"}
{"level":"info","message":"Method: GET, URL: /myHelpedSolvedWorry/1, Status: 200, Duration: 91ms","timestamp":"2024-04-01T01:42:04.091Z"}
{"level":"info","message":"Method: GET, URL: /myHelpedSolvedWorry/1, Status: 200, Duration: 25ms","timestamp":"2024-04-01T01:43:53.611Z"}
{"level":"info","message":"Method: GET, URL: /myHelpedSolvedWorry/1, Status: 200, Duration: 23ms","timestamp":"2024-04-01T01:45:08.660Z"}
{"level":"info","message":"Method: GET, URL: /mySolvedWorry/1, Status: 200, Duration: 16ms","timestamp":"2024-04-01T01:45:12.310Z"}
{"level":"info","message":"Method: GET, URL: /mySolvedWorry/1, Status: 200, Duration: 9ms","timestamp":"2024-04-01T01:45:16.968Z"}
{"level":"error","message":"Error Status: undefined, Message: userId is not defined","timestamp":"2024-04-01T02:01:36.620Z"}
{"level":"info","message":"Method: GET, URL: /myHelpedSolvedWorry/1, Status: 500, Duration: 7ms","timestamp":"2024-04-01T02:01:36.625Z"}
{"level":"error","message":"Error Status: undefined, Message: userId is not defined","timestamp":"2024-04-01T02:01:53.773Z"}
{"level":"info","message":"Method: GET, URL: /myHelpedSolvedWorry/1, Status: 500, Duration: 7ms","timestamp":"2024-04-01T02:01:53.778Z"}
{"level":"error","message":"Error Status: undefined, Message: userId is not defined","timestamp":"2024-04-01T02:01:54.581Z"}
{"level":"info","message":"Method: GET, URL: /myHelpedSolvedWorry/1, Status: 500, Duration: 3ms","timestamp":"2024-04-01T02:01:54.583Z"}
{"level":"error","message":"Error Status: undefined, Message: userId is not defined","timestamp":"2024-04-01T02:02:39.711Z"}
{"level":"info","message":"Method: GET, URL: /myHelpedSolvedWorry/1, Status: 500, Duration: 2ms","timestamp":"2024-04-01T02:02:39.712Z"}
{"level":"error","message":"Error Status: undefined, Message: userId is not defined","timestamp":"2024-04-01T02:03:14.800Z"}
{"level":"info","message":"Method: GET, URL: /mySolvedWorry/1, Status: 500, Duration: 2ms","timestamp":"2024-04-01T02:03:14.801Z"}
{"level":"error","message":"Error Status: undefined, Message: userId is not defined","timestamp":"2024-04-01T05:34:32.162Z"}
{"level":"info","message":"Method: GET, URL: /mySolvedWorry/1?page=1&limit=10, Status: 500, Duration: 9ms","timestamp":"2024-04-01T05:34:32.169Z"}
{"level":"error","message":"Error Status: undefined, Message: userId is not defined","timestamp":"2024-04-01T05:35:56.140Z"}
{"level":"info","message":"Method: GET, URL: /mySolvedWorry/1?page=1&limit=10, Status: 500, Duration: 11ms","timestamp":"2024-04-01T05:35:56.148Z"}
{"level":"error","message":"Error Status: undefined, Message: userId is not defined","timestamp":"2024-04-01T05:36:40.861Z"}
{"level":"info","message":"Method: GET, URL: /mySolvedWorry/1?page=1&limit=10, Status: 500, Duration: 6ms","timestamp":"2024-04-01T05:36:40.865Z"}
{"level":"error","message":"Error Status: undefined, Message: userId is not defined","timestamp":"2024-04-01T05:39:16.465Z"}
{"level":"info","message":"Method: GET, URL: /mySolvedWorry/1?page=1&limit=10, Status: 500, Duration: 6ms","timestamp":"2024-04-01T05:39:16.469Z"}
{"level":"error","message":"Error Status: undefined, Message: userId is not defined","timestamp":"2024-04-01T05:39:17.236Z"}
{"level":"info","message":"Method: GET, URL: /mySolvedWorry/1?page=1&limit=10, Status: 500, Duration: 2ms","timestamp":"2024-04-01T05:39:17.237Z"}
{"level":"error","message":"Error Status: undefined, Message: userId is not defined","timestamp":"2024-04-01T05:40:53.108Z"}
{"level":"info","message":"Method: GET, URL: /mySolvedWorry/1?page=1&limit=10, Status: 500, Duration: 6ms","timestamp":"2024-04-01T05:40:53.112Z"}
{"level":"error","message":"Error Status: undefined, Message: userId is not defined","timestamp":"2024-04-01T05:41:39.217Z"}
{"level":"info","message":"Method: GET, URL: /mySolvedWorry/1?page=1&limit=10, Status: 500, Duration: 2ms","timestamp":"2024-04-01T05:41:39.218Z"}
{"level":"error","message":"Error Status: undefined, Message: userId is not defined","timestamp":"2024-04-01T05:43:07.456Z"}
{"level":"info","message":"Method: GET, URL: /mySolvedWorry/1?page=1&limit=10, Status: 500, Duration: 8ms","timestamp":"2024-04-01T05:43:07.462Z"}
{"level":"error","message":"Error Status: undefined, Message: userId is not defined","timestamp":"2024-04-01T05:51:33.688Z"}
{"level":"info","message":"Method: GET, URL: /mySolvedWorry/1?page=1&limit=10, Status: 500, Duration: 7ms","timestamp":"2024-04-01T05:51:33.693Z"}
{"level":"error","message":"Error Status: undefined, Message: userId is not defined","timestamp":"2024-04-01T05:52:01.369Z"}
{"level":"info","message":"Method: GET, URL: /mySolvedWorry/1?page=1&limit=10, Status: 500, Duration: 6ms","timestamp":"2024-04-01T05:52:01.373Z"}
{"level":"error","message":"Error Status: undefined, Message: userId is not defined","timestamp":"2024-04-01T05:52:11.990Z"}
{"level":"info","message":"Method: GET, URL: /mySolvedWorry/?page=1&limit=10, Status: 500, Duration: 2ms","timestamp":"2024-04-01T05:52:11.991Z"}
{"level":"error","message":"Error Status: undefined, Message: userId is not defined","timestamp":"2024-04-01T05:55:44.631Z"}
{"level":"info","message":"Method: GET, URL: /mySolvedWorry/?page=1&limit=10, Status: 500, Duration: 8ms","timestamp":"2024-04-01T05:55:44.636Z"}
{"level":"error","message":"Error Status: undefined, Message: userId is not defined","timestamp":"2024-04-01T05:55:45.569Z"}
{"level":"info","message":"Method: GET, URL: /mySolvedWorry/?page=1&limit=10, Status: 500, Duration: 2ms","timestamp":"2024-04-01T05:55:45.570Z"}
{"level":"error","message":"Error Status: undefined, Message: userId is not defined","timestamp":"2024-04-01T05:55:45.916Z"}
{"level":"info","message":"Method: GET, URL: /mySolvedWorry/?page=1&limit=10, Status: 500, Duration: 2ms","timestamp":"2024-04-01T05:55:45.917Z"}
{"level":"error","message":"Error Status: undefined, Message: userId is not defined","timestamp":"2024-04-01T05:55:57.940Z"}
{"level":"info","message":"Method: GET, URL: /mySolvedWorry/?page=1&limit=10, Status: 500, Duration: 2ms","timestamp":"2024-04-01T05:55:57.941Z"}
{"level":"error","message":"Error Status: undefined, Message: userId is not defined","timestamp":"2024-04-01T05:56:03.605Z"}
{"level":"info","message":"Method: GET, URL: /mySolvedWorry/?page=1&limit=10, Status: 500, Duration: 2ms","timestamp":"2024-04-01T05:56:03.606Z"}
{"level":"error","message":"Error Status: undefined, Message: userId is not defined","timestamp":"2024-04-01T05:58:57.751Z"}
{"level":"info","message":"Method: GET, URL: /mySolvedWorry/?page=1&limit=10, Status: 500, Duration: 8ms","timestamp":"2024-04-01T05:58:57.756Z"}
{"level":"error","message":"Error Status: undefined, Message: userId is not defined","timestamp":"2024-04-01T06:00:23.433Z"}
{"level":"info","message":"Method: GET, URL: /mySolvedWorry/?page=1&limit=10, Status: 500, Duration: 8ms","timestamp":"2024-04-01T06:00:23.439Z"}
{"level":"error","message":"Error Status: undefined, Message: userId is not defined","timestamp":"2024-04-01T06:04:03.709Z"}
{"level":"info","message":"Method: GET, URL: /mySolvedWorry/?page=1&limit=10, Status: 500, Duration: 3ms","timestamp":"2024-04-01T06:04:03.711Z"}
{"level":"error","message":"Error Status: undefined, Message: userId is not defined","timestamp":"2024-04-01T06:04:24.986Z"}
{"level":"info","message":"Method: GET, URL: /mySolvedWorry, Status: 500, Duration: 3ms","timestamp":"2024-04-01T06:04:24.988Z"}
{"level":"error","message":"Error Status: undefined, Message: userId is not defined","timestamp":"2024-04-01T06:11:01.610Z"}
{"level":"info","message":"Method: GET, URL: /mySolvedWorry, Status: 500, Duration: 8ms","timestamp":"2024-04-01T06:11:01.615Z"}
{"level":"error","message":"Error Status: undefined, Message: userId is not defined","timestamp":"2024-04-01T06:11:32.183Z"}
{"level":"info","message":"Method: GET, URL: /mySolvedWorry, Status: 500, Duration: 4ms","timestamp":"2024-04-01T06:11:32.184Z"}
{"level":"error","message":"Error Status: undefined, Message: userId is not defined","timestamp":"2024-04-01T06:11:51.878Z"}
{"level":"info","message":"Method: POST, URL: /worries, Status: 500, Duration: 7ms","timestamp":"2024-04-01T06:11:51.883Z"}
{"level":"error","message":"Error Status: undefined, Message: userId is not defined","timestamp":"2024-04-01T06:11:57.379Z"}
{"level":"info","message":"Method: POST, URL: /worries, Status: 500, Duration: 3ms","timestamp":"2024-04-01T06:11:57.380Z"}
{"level":"error","message":"Error Status: undefined, Message: userId is not defined","timestamp":"2024-04-01T06:13:50.184Z"}
{"level":"info","message":"Method: POST, URL: /worries, Status: 500, Duration: 7ms","timestamp":"2024-04-01T06:13:50.189Z"}
{"level":"error","message":"Error Status: undefined, Message: userId is not defined","timestamp":"2024-04-01T06:13:58.704Z"}
{"level":"info","message":"Method: POST, URL: /sign-up, Status: 500, Duration: 5ms","timestamp":"2024-04-01T06:13:58.706Z"}
{"level":"error","message":"Error Status: undefined, Message: userId is not defined","timestamp":"2024-04-01T06:15:46.028Z"}
{"level":"info","message":"Method: GET, URL: /mySolvedWorry, Status: 500, Duration: 7ms","timestamp":"2024-04-01T06:15:46.034Z"}
{"level":"error","message":"Error Status: undefined, Message: userId is not defined","timestamp":"2024-04-01T06:16:14.202Z"}
{"level":"info","message":"Method: POST, URL: /sign-up, Status: 500, Duration: 2ms","timestamp":"2024-04-01T06:16:14.203Z"}
{"level":"error","message":"Error Status: undefined, Message: userId is not defined","timestamp":"2024-04-01T06:16:39.250Z"}
{"level":"info","message":"Method: GET, URL: /mySolvedWorry, Status: 500, Duration: 4ms","timestamp":"2024-04-01T06:16:39.252Z"}
{"level":"error","message":"Error Status: undefined, Message: userId is not defined","timestamp":"2024-04-01T06:16:46.358Z"}
{"level":"info","message":"Method: POST, URL: /worries, Status: 500, Duration: 2ms","timestamp":"2024-04-01T06:16:46.359Z"}
{"level":"error","message":"Error Status: undefined, Message: userId is not defined","timestamp":"2024-04-01T06:16:53.706Z"}
{"level":"info","message":"Method: POST, URL: /worries, Status: 500, Duration: 2ms","timestamp":"2024-04-01T06:16:53.707Z"}

{"level":"info","message":"Method: POST, URL: /9/comments/21/replies, Status: 201, Duration: 135ms","timestamp":"2024-03-31T15:19:32.785Z"}
{"level":"info","message":"Method: GET, URL: /mySolvedWorry, Status: 200, Duration: 131ms","timestamp":"2024-04-01T00:45:08.061Z"}
{"level":"info","message":"Method: POST, URL: /, Status: 201, Duration: 148ms","timestamp":"2024-04-01T00:47:43.129Z"}
{"level":"error","message":"Error Status: 403, Message: 선물을 보낼 권한이 없습니다. 게시글의 작성자만 선물을 보낼 수 있습니다.","timestamp":"2024-04-01T00:52:22.601Z"}
{"level":"info","message":"Method: POST, URL: /worries/2/comments/4/sendLike, Status: 403, Duration: 28ms","timestamp":"2024-04-01T00:52:22.603Z"}
{"level":"info","message":"Method: POST, URL: /worries/2/comments/4/sendLike, Status: 201, Duration: 163ms","timestamp":"2024-04-01T00:52:51.808Z"}
{"level":"info","message":"Method: GET, URL: /mySolvedWorry, Status: 200, Duration: 21ms","timestamp":"2024-04-01T00:53:08.535Z"}
{"level":"info","message":"Method: POST, URL: /, Status: 201, Duration: 56ms","timestamp":"2024-04-01T00:56:17.408Z"}
{"level":"info","message":"Method: POST, URL: /worries/13/comments, Status: 201, Duration: 70ms","timestamp":"2024-04-01T00:56:59.565Z"}
{"level":"info","message":"Method: POST, URL: /worries/13/comments/30/sendLike, Status: 201, Duration: 93ms","timestamp":"2024-04-01T00:57:38.458Z"}
{"level":"info","message":"Method: GET, URL: /mySolvedWorry/1, Status: 200, Duration: 69ms","timestamp":"2024-04-01T00:58:02.676Z"}
{"level":"info","message":"Method: GET, URL: /mySolvedWorry/13, Status: 200, Duration: 42ms","timestamp":"2024-04-01T00:58:23.014Z"}
{"level":"info","message":"Method: GET, URL: /myHelpedSolvedWorry, Status: 200, Duration: 28ms","timestamp":"2024-04-01T01:03:11.161Z"}
{"level":"info","message":"Method: GET, URL: /mySolvedWorry/13, Status: 200, Duration: 43ms","timestamp":"2024-04-01T01:03:15.974Z"}
{"level":"info","message":"Method: POST, URL: /, Status: 201, Duration: 120ms","timestamp":"2024-04-01T01:21:36.033Z"}
{"level":"info","message":"Method: POST, URL: /worries/14/comments, Status: 400, Duration: 30ms","timestamp":"2024-04-01T01:22:17.864Z"}
{"level":"info","message":"Method: POST, URL: /worries/14/comments, Status: 201, Duration: 68ms","timestamp":"2024-04-01T01:22:21.777Z"}
{"level":"info","message":"Method: POST, URL: /worries/14/comments, Status: 201, Duration: 56ms","timestamp":"2024-04-01T01:25:56.680Z"}
{"level":"info","message":"Method: POST, URL: /worries/14/comments/31/sendLike, Status: 201, Duration: 158ms","timestamp":"2024-04-01T01:27:36.142Z"}
{"level":"info","message":"Method: GET, URL: /myHelpedSolvedWorry, Status: 200, Duration: 18ms","timestamp":"2024-04-01T01:27:50.263Z"}
{"level":"info","message":"Method: GET, URL: /mySolvedWorry/14, Status: 200, Duration: 57ms","timestamp":"2024-04-01T01:28:01.386Z"}
{"level":"info","message":"Method: GET, URL: /myHelpedSolvedWorry, Status: 200, Duration: 19ms","timestamp":"2024-04-01T01:28:48.671Z"}
{"level":"info","message":"Method: GET, URL: /myHelpedSolvedWorry, Status: 200, Duration: 9ms","timestamp":"2024-04-01T01:28:56.366Z"}
{"level":"info","message":"Method: POST, URL: /, Status: 201, Duration: 67ms","timestamp":"2024-04-01T01:30:27.970Z"}
{"level":"info","message":"Method: POST, URL: /worries/15/comments, Status: 201, Duration: 280ms","timestamp":"2024-04-01T01:31:07.148Z"}
{"level":"info","message":"Method: POST, URL: /worries/15/comments/33/sendLike, Status: 201, Duration: 89ms","timestamp":"2024-04-01T01:32:07.949Z"}
{"level":"info","message":"Method: GET, URL: /myHelpedSolvedWorry, Status: 200, Duration: 13ms","timestamp":"2024-04-01T01:32:13.816Z"}
{"level":"info","message":"Method: GET, URL: /myHelpedSolvedWorry, Status: 200, Duration: 28ms","timestamp":"2024-04-01T01:32:23.847Z"}
{"level":"error","message":"Error Status: 400, Message: Expected ',' or '}' after property value in JSON at position 13","timestamp":"2024-04-01T01:33:20.030Z"}
{"level":"info","message":"Method: GET, URL: /mySolvedWorry, Status: 400, Duration: 2ms","timestamp":"2024-04-01T01:33:20.032Z"}
{"level":"info","message":"Method: GET, URL: /mySolvedWorry, Status: 200, Duration: 24ms","timestamp":"2024-04-01T01:33:27.390Z"}
{"level":"info","message":"Method: GET, URL: /mySolvedWorry, Status: 200, Duration: 16ms","timestamp":"2024-04-01T01:33:36.547Z"}
{"level":"info","message":"Method: POST, URL: /, Status: 201, Duration: 138ms","timestamp":"2024-04-01T01:50:18.414Z"}
{"level":"error","message":"Error Status: undefined, Message: Invalid status code: { message: '고민이 등록되었습니다' }","timestamp":"2024-04-01T01:50:43.931Z"}
{"level":"info","message":"Method: POST, URL: /worries, Status: 500, Duration: 221ms","timestamp":"2024-04-01T01:50:43.934Z"}
{"level":"error","message":"Error Status: undefined, Message: Invalid status code: { message: '고민이 등록되었습니다' }","timestamp":"2024-04-01T01:50:48.881Z"}
{"level":"info","message":"Method: POST, URL: /worries, Status: 500, Duration: 49ms","timestamp":"2024-04-01T01:50:48.882Z"}
{"level":"info","message":"Method: POST, URL: /, Status: 201, Duration: 203ms","timestamp":"2024-04-01T01:51:05.725Z"}
{"level":"info","message":"Method: POST, URL: /, Status: 201, Duration: 130ms","timestamp":"2024-04-01T01:56:12.154Z"}
{"level":"info","message":"Method: POST, URL: /, Status: 201, Duration: 63ms","timestamp":"2024-04-01T01:56:28.257Z"}
{"level":"info","message":"Method: POST, URL: /, Status: 201, Duration: 154ms","timestamp":"2024-04-01T01:56:39.652Z"}
{"level":"info","message":"Method: POST, URL: /, Status: 201, Duration: 1216ms","timestamp":"2024-04-01T01:56:42.053Z"}
{"level":"info","message":"Method: POST, URL: /, Status: 201, Duration: 47ms","timestamp":"2024-04-01T01:56:44.537Z"}
{"level":"info","message":"Method: POST, URL: /, Status: 201, Duration: 67ms","timestamp":"2024-04-01T01:57:05.368Z"}
{"level":"info","message":"Method: POST, URL: /, Status: 201, Duration: 144ms","timestamp":"2024-04-01T01:57:07.092Z"}
{"level":"info","message":"Method: POST, URL: /, Status: 201, Duration: 74ms","timestamp":"2024-04-01T01:57:08.453Z"}
{"level":"info","message":"Method: POST, URL: /worries/27/comments, Status: 201, Duration: 150ms","timestamp":"2024-04-01T01:59:12.493Z"}
{"level":"info","message":"Method: POST, URL: /worries/27/comments, Status: 201, Duration: 79ms","timestamp":"2024-04-01T01:59:53.818Z"}
{"level":"info","message":"Method: POST, URL: /worries/27/comments, Status: 201, Duration: 156ms","timestamp":"2024-04-01T01:59:56.178Z"}
{"level":"info","message":"Method: POST, URL: /worries/27/comments, Status: 201, Duration: 43ms","timestamp":"2024-04-01T01:59:59.701Z"}
{"level":"info","message":"Method: POST, URL: /worries/27/comments, Status: 201, Duration: 164ms","timestamp":"2024-04-01T02:00:45.463Z"}
{"level":"info","message":"Method: POST, URL: /worries/27/comments, Status: 201, Duration: 46ms","timestamp":"2024-04-01T02:00:50.736Z"}
{"level":"info","message":"Method: GET, URL: /27, Status: 200, Duration: 142ms","timestamp":"2024-04-01T02:03:52.360Z"}
{"level":"info","message":"Method: POST, URL: /, Status: 201, Duration: 133ms","timestamp":"2024-04-01T02:19:34.312Z"}
{"level":"info","message":"Method: POST, URL: /sign-up, Status: 201, Duration: 134ms","timestamp":"2024-04-01T02:31:00.166Z"}
{"level":"info","message":"Method: POST, URL: /, Status: 201, Duration: 80ms","timestamp":"2024-04-01T02:31:20.966Z"}
{"level":"info","message":"Method: POST, URL: /, Status: 201, Duration: 57ms","timestamp":"2024-04-01T02:31:22.355Z"}
{"level":"info","message":"Method: GET, URL: /worries/36, Status: 200, Duration: 39ms","timestamp":"2024-04-01T02:32:09.083Z"}
{"level":"error","message":"Error Status: undefined, Message: Cannot set headers after they are sent to the client","timestamp":"2024-04-01T02:32:09.084Z"}
{"level":"info","message":"Method: GET, URL: /30, Status: 200, Duration: 10ms","timestamp":"2024-04-01T02:32:18.743Z"}
{"level":"info","message":"Method: GET, URL: /30, Status: 200, Duration: 90ms","timestamp":"2024-04-01T02:36:22.698Z"}
{"level":"info","message":"Method: GET, URL: /30, Status: 200, Duration: 113ms","timestamp":"2024-04-01T02:37:24.594Z"}
{"level":"info","message":"Method: GET, URL: /, Status: 404, Duration: 45ms","timestamp":"2024-04-01T02:37:58.552Z"}
{"level":"info","message":"Method: GET, URL: /, Status: 200, Duration: 11ms","timestamp":"2024-04-01T02:38:02.746Z"}
{"level":"info","message":"Method: GET, URL: /, Status: 500, Duration: 21ms","timestamp":"2024-04-01T02:38:20.643Z"}
{"level":"info","message":"Method: GET, URL: /, Status: 500, Duration: 5ms","timestamp":"2024-04-01T02:38:21.802Z"}
{"level":"info","message":"Method: GET, URL: /, Status: 500, Duration: 1ms","timestamp":"2024-04-01T02:38:22.779Z"}
{"level":"info","message":"Method: GET, URL: /, Status: 200, Duration: 100ms","timestamp":"2024-04-01T02:40:26.756Z"}
{"level":"info","message":"Method: GET, URL: /, Status: 200, Duration: 95ms","timestamp":"2024-04-01T02:40:42.887Z"}
{"level":"info","message":"Method: POST, URL: /, Status: 201, Duration: 84ms","timestamp":"2024-04-01T02:43:31.565Z"}
{"level":"info","message":"Method: GET, URL: /31, Status: 200, Duration: 20ms","timestamp":"2024-04-01T02:43:45.663Z"}
{"level":"info","message":"Method: GET, URL: /31, Status: 200, Duration: 19ms","timestamp":"2024-04-01T02:43:51.421Z"}
{"level":"info","message":"Method: POST, URL: /, Status: 201, Duration: 68ms","timestamp":"2024-04-01T02:44:13.114Z"}
{"level":"info","message":"Method: GET, URL: /32, Status: 200, Duration: 16ms","timestamp":"2024-04-01T02:44:25.618Z"}
{"level":"info","message":"Method: POST, URL: /, Status: 201, Duration: 122ms","timestamp":"2024-04-01T02:46:42.932Z"}
{"level":"info","message":"Method: GET, URL: /33, Status: 200, Duration: 156ms","timestamp":"2024-04-01T02:47:38.937Z"}
{"level":"info","message":"Method: GET, URL: /, Status: 200, Duration: 60ms","timestamp":"2024-04-01T02:47:53.862Z"}
{"level":"info","message":"Method: GET, URL: /comments, Status: 200, Duration: 109ms","timestamp":"2024-04-01T02:48:40.696Z"}
{"level":"info","message":"Method: GET, URL: /comments/4, Status: 200, Duration: 58ms","timestamp":"2024-04-01T02:48:45.731Z"}
{"level":"info","message":"Method: POST, URL: /, Status: 201, Duration: 138ms","timestamp":"2024-04-01T02:53:59.252Z"}
{"level":"info","message":"Method: POST, URL: /worries/34/comments, Status: 400, Duration: 110ms","timestamp":"2024-04-01T02:55:36.052Z"}
{"level":"info","message":"Method: POST, URL: /worries/34/comments, Status: 400, Duration: 11ms","timestamp":"2024-04-01T02:55:38.402Z"}
{"level":"info","message":"Method: POST, URL: /worries/34/comments, Status: 400, Duration: 20ms","timestamp":"2024-04-01T02:56:09.427Z"}
{"level":"info","message":"Method: POST, URL: /worries/34/comments, Status: 400, Duration: 13ms","timestamp":"2024-04-01T02:56:24.426Z"}
{"level":"info","message":"Method: POST, URL: /worries/34/comments, Status: 201, Duration: 168ms","timestamp":"2024-04-01T02:59:53.017Z"}
{"level":"info","message":"Method: GET, URL: /comments, Status: 200, Duration: 311ms","timestamp":"2024-04-01T03:03:20.179Z"}
{"level":"info","message":"Method: GET, URL: /comments/4, Status: 200, Duration: 113ms","timestamp":"2024-04-01T03:04:02.275Z"}
{"level":"info","message":"Method: GET, URL: /comments/4, Status: 200, Duration: 53ms","timestamp":"2024-04-01T03:04:04.045Z"}
{"level":"info","message":"Method: GET, URL: /comments/40, Status: 200, Duration: 26ms","timestamp":"2024-04-01T03:04:13.012Z"}
{"level":"info","message":"Method: GET, URL: /comments/40, Status: 200, Duration: 20ms","timestamp":"2024-04-01T03:04:14.581Z"}
{"level":"info","message":"Method: POST, URL: /34/comments/40/replies, Status: 400, Duration: 14ms","timestamp":"2024-04-01T03:08:31.563Z"}
{"level":"info","message":"Method: POST, URL: /34/comments/40/replies, Status: 201, Duration: 129ms","timestamp":"2024-04-01T03:08:55.536Z"}
{"level":"info","message":"Method: POST, URL: /34/comments/40/replies, Status: 400, Duration: 174ms","timestamp":"2024-04-01T03:09:42.838Z"}
{"level":"info","message":"Method: POST, URL: /34/comments/40/replies, Status: 201, Duration: 202ms","timestamp":"2024-04-01T03:10:04.444Z"}
{"level":"info","message":"Method: POST, URL: /34/comments/40/replies, Status: 201, Duration: 466ms","timestamp":"2024-04-01T03:13:09.988Z"}
{"level":"info","message":"Method: GET, URL: /comments, Status: 200, Duration: 111ms","timestamp":"2024-04-01T03:13:56.164Z"}
{"level":"info","message":"Method: GET, URL: /comments/41, Status: 200, Duration: 71ms","timestamp":"2024-04-01T03:15:17.087Z"}

{"level":"info","message":"Method: POST, URL: /kakao, Status: 405, Duration: 345ms","timestamp":"2024-04-01T03:42:29.788Z"}
{"level":"info","message":"Method: GET, URL: /kakao, Status: 404, Duration: 7ms","timestamp":"2024-04-01T03:51:43.099Z"}

{"level":"info","message":"Method: GET, URL: /comments/41, Status: 200, Duration: 103ms","timestamp":"2024-04-01T03:17:39.080Z"}
{"level":"info","message":"Method: GET, URL: /comments/41, Status: 200, Duration: 30ms","timestamp":"2024-04-01T03:17:40.013Z"}
{"level":"info","message":"Method: POST, URL: /34/comments/40/replies, Status: 201, Duration: 95ms","timestamp":"2024-04-01T03:17:43.669Z"}
{"level":"info","message":"Method: POST, URL: /34/comments/40/replies, Status: 201, Duration: 136ms","timestamp":"2024-04-01T03:21:27.535Z"}
{"level":"info","message":"Method: POST, URL: /34/comments/40/replies, Status: 201, Duration: 63ms","timestamp":"2024-04-01T03:21:28.619Z"}
{"level":"info","message":"Method: POST, URL: /34/comments/40/replies, Status: 201, Duration: 344ms","timestamp":"2024-04-01T03:22:13.116Z"}
{"level":"info","message":"Method: POST, URL: /34/comments/40/replies, Status: 201, Duration: 64ms","timestamp":"2024-04-01T03:22:14.388Z"}
{"level":"info","message":"Method: POST, URL: /, Status: 201, Duration: 76ms","timestamp":"2024-04-01T03:22:16.522Z"}
{"level":"info","message":"Method: GET, URL: /, Status: 200, Duration: 18ms","timestamp":"2024-04-01T03:22:20.900Z"}
{"level":"info","message":"Method: GET, URL: /33, Status: 200, Duration: 20ms","timestamp":"2024-04-01T03:22:23.421Z"}
{"level":"info","message":"Method: GET, URL: /33, Status: 200, Duration: 9ms","timestamp":"2024-04-01T03:22:24.105Z"}
{"level":"info","message":"Method: GET, URL: /33, Status: 200, Duration: 103ms","timestamp":"2024-04-01T03:26:10.099Z"}
{"level":"info","message":"Method: GET, URL: /33, Status: 200, Duration: 9ms","timestamp":"2024-04-01T03:26:11.179Z"}
{"level":"info","message":"Method: POST, URL: /worries/36/comments, Status: 201, Duration: 153ms","timestamp":"2024-04-01T03:40:02.557Z"}
{"level":"info","message":"Method: POST, URL: /worries/36/comments, Status: 201, Duration: 68ms","timestamp":"2024-04-01T03:40:48.082Z"}
{"level":"info","message":"Method: POST, URL: /worries/36/comments, Status: 201, Duration: 152ms","timestamp":"2024-04-01T03:40:49.608Z"}
{"level":"info","message":"Method: POST, URL: /worries/36/comments, Status: 201, Duration: 163ms","timestamp":"2024-04-01T03:41:16.537Z"}
{"level":"info","message":"Method: POST, URL: /worries/36/comments, Status: 201, Duration: 52ms","timestamp":"2024-04-01T03:41:18.145Z"}
{"level":"info","message":"Method: POST, URL: /worries/36/comments, Status: 201, Duration: 146ms","timestamp":"2024-04-01T03:41:40.460Z"}
{"level":"info","message":"Method: POST, URL: /worries/36/comments, Status: 201, Duration: 58ms","timestamp":"2024-04-01T03:41:41.608Z"}

