{"level":"info","message":"Method: POST, URL: /, Status: 201, Duration: 249ms","timestamp":"2024-04-04T07:11:47.260Z"}
{"level":"info","message":"Method: DELETE, URL: /4, Status: 500, Duration: 18ms","timestamp":"2024-04-04T07:12:55.606Z"}
{"level":"info","message":"Method: DELETE, URL: /4, Status: 500, Duration: 130ms","timestamp":"2024-04-04T07:14:07.162Z"}
{"level":"info","message":"Method: DELETE, URL: /4, Status: 500, Duration: 130ms","timestamp":"2024-04-04T07:14:32.323Z"}
{"level":"info","message":"Method: DELETE, URL: /4, Status: 500, Duration: 103ms","timestamp":"2024-04-04T07:15:39.115Z"}
{"level":"info","message":"Method: DELETE, URL: /4, Status: 500, Duration: 112ms","timestamp":"2024-04-04T07:16:30.368Z"}
{"level":"info","message":"Method: DELETE, URL: /4, Status: 500, Duration: 161ms","timestamp":"2024-04-04T08:52:00.587Z"}
{"level":"info","message":"Method: DELETE, URL: /4, Status: 200, Duration: 120ms","timestamp":"2024-04-04T08:53:57.455Z"}
{"level":"info","message":"Method: DELETE, URL: /4, Status: 200, Duration: 76ms","timestamp":"2024-04-04T08:54:26.669Z"}
{"level":"info","message":"Method: DELETE, URL: /4, Status: 200, Duration: 82ms","timestamp":"2024-04-04T08:54:35.267Z"}
{"level":"info","message":"Method: DELETE, URL: /4, Status: 500, Duration: 39ms","timestamp":"2024-04-04T09:01:11.866Z"}
{"level":"info","message":"Method: DELETE, URL: /4, Status: 500, Duration: 23ms","timestamp":"2024-04-04T09:01:14.983Z"}
{"level":"info","message":"Method: DELETE, URL: /4, Status: 409, Duration: 20ms","timestamp":"2024-04-04T09:02:31.762Z"}
{"level":"info","message":"Method: DELETE, URL: /4, Status: 409, Duration: 10ms","timestamp":"2024-04-04T09:02:36.230Z"}
{"level":"info","message":"Method: POST, URL: /, Status: 201, Duration: 285ms","timestamp":"2024-04-04T09:03:01.530Z"}
{"level":"info","message":"Method: DELETE, URL: /5, Status: 403, Duration: 18ms","timestamp":"2024-04-04T09:03:15.307Z"}
{"level":"info","message":"Method: DELETE, URL: /5, Status: 409, Duration: 20ms","timestamp":"2024-04-04T09:03:26.522Z"}
{"level":"info","message":"Method: DELETE, URL: /5, Status: 409, Duration: 40ms","timestamp":"2024-04-04T09:06:55.567Z"}
{"level":"info","message":"Method: DELETE, URL: /5, Status: 200, Duration: 107ms","timestamp":"2024-04-04T09:08:36.673Z"}
{"level":"info","message":"Method: DELETE, URL: /5, Status: 409, Duration: 18ms","timestamp":"2024-04-04T09:08:46.055Z"}
{"level":"info","message":"Method: DELETE, URL: /5, Status: 409, Duration: 18ms","timestamp":"2024-04-04T09:08:48.769Z"}
{"level":"info","message":"Method: POST, URL: /, Status: 201, Duration: 262ms","timestamp":"2024-04-04T09:09:24.771Z"}
{"level":"info","message":"Method: POST, URL: /, Status: 201, Duration: 171ms","timestamp":"2024-04-04T09:09:26.378Z"}
{"level":"info","message":"Method: POST, URL: /sign-up, Status: 201, Duration: 59ms","timestamp":"2024-04-04T09:23:02.399Z"}
{"level":"info","message":"Method: POST, URL: /, Status: 201, Duration: 246ms","timestamp":"2024-04-04T09:23:14.315Z"}
{"level":"info","message":"Method: DELETE, URL: /8, Status: 403, Duration: 34ms","timestamp":"2024-04-04T09:23:34.335Z"}
{"level":"info","message":"Method: DELETE, URL: /8, Status: 500, Duration: 103ms","timestamp":"2024-04-04T09:23:41.367Z"}
{"level":"info","message":"Method: DELETE, URL: /8, Status: 409, Duration: 27ms","timestamp":"2024-04-04T09:26:47.439Z"}
{"level":"info","message":"Method: POST, URL: /, Status: 201, Duration: 229ms","timestamp":"2024-04-04T09:27:10.675Z"}
{"level":"info","message":"Method: DELETE, URL: /9, Status: 500, Duration: 119ms","timestamp":"2024-04-04T09:27:34.616Z"}
{"level":"info","message":"Method: DELETE, URL: /9, Status: 409, Duration: 11ms","timestamp":"2024-04-04T09:27:38.915Z"}
{"level":"info","message":"Method: POST, URL: /, Status: 201, Duration: 232ms","timestamp":"2024-04-04T09:30:09.063Z"}
{"level":"info","message":"Method: DELETE, URL: /10, Status: 500, Duration: 117ms","timestamp":"2024-04-04T09:30:19.781Z"}
{"level":"info","message":"Method: POST, URL: /, Status: 201, Duration: 180ms","timestamp":"2024-04-04T09:31:23.666Z"}
{"level":"info","message":"Method: POST, URL: /sign-up, Status: 201, Duration: 58ms","timestamp":"2024-04-04T09:40:02.093Z"}
{"level":"info","message":"Method: POST, URL: /, Status: 201, Duration: 225ms","timestamp":"2024-04-04T09:40:08.139Z"}
{"level":"info","message":"Method: DELETE, URL: /12, Status: 500, Duration: 134ms","timestamp":"2024-04-04T09:40:17.384Z"}
{"level":"info","message":"Method: POST, URL: /, Status: 201, Duration: 195ms","timestamp":"2024-04-04T09:46:18.805Z"}
{"level":"info","message":"Method: DELETE, URL: /13, Status: 500, Duration: 124ms","timestamp":"2024-04-04T09:46:30.745Z"}
{"level":"info","message":"Method: POST, URL: /, Status: 201, Duration: 232ms","timestamp":"2024-04-04T09:47:09.105Z"}
{"level":"info","message":"Method: DELETE, URL: /14, Status: 500, Duration: 107ms","timestamp":"2024-04-04T09:47:20.118Z"}
{"level":"info","message":"Method: POST, URL: /, Status: 201, Duration: 209ms","timestamp":"2024-04-04T09:48:36.824Z"}
{"level":"info","message":"Method: DELETE, URL: /15, Status: 500, Duration: 132ms","timestamp":"2024-04-04T09:48:45.225Z"}
{"level":"info","message":"Method: POST, URL: /sign-up, Status: 201, Duration: 51ms","timestamp":"2024-04-04T09:59:32.202Z"}
{"level":"info","message":"Method: POST, URL: /, Status: 201, Duration: 218ms","timestamp":"2024-04-04T09:59:40.753Z"}
{"level":"info","message":"Method: DELETE, URL: /16, Status: 200, Duration: 204ms","timestamp":"2024-04-04T10:00:16.634Z"}
{"level":"info","message":"Method: POST, URL: /, Status: 201, Duration: 176ms","timestamp":"2024-04-04T10:00:37.871Z"}
{"level":"info","message":"Method: POST, URL: /, Status: 201, Duration: 447ms","timestamp":"2024-04-04T10:00:39.652Z"}
{"level":"info","message":"Method: DELETE, URL: /16, Status: 409, Duration: 30ms","timestamp":"2024-04-04T10:00:56.008Z"}
{"level":"info","message":"Method: POST, URL: /, Status: 201, Duration: 241ms","timestamp":"2024-04-04T10:17:12.758Z"}
{"level":"info","message":"Method: DELETE, URL: /19, Status: 403, Duration: 33ms","timestamp":"2024-04-04T10:17:33.070Z"}
{"level":"info","message":"Method: DELETE, URL: /19, Status: 500, Duration: 143ms","timestamp":"2024-04-04T10:17:48.487Z"}
{"level":"info","message":"Method: DELETE, URL: /19, Status: 409, Duration: 61ms","timestamp":"2024-04-04T11:24:09.383Z"}
{"level":"info","message":"Method: POST, URL: /, Status: 201, Duration: 233ms","timestamp":"2024-04-04T11:24:16.008Z"}
{"level":"info","message":"Method: DELETE, URL: /20, Status: 403, Duration: 16ms","timestamp":"2024-04-04T11:24:24.802Z"}
{"level":"info","message":"Method: DELETE, URL: /20, Status: 500, Duration: 135ms","timestamp":"2024-04-04T11:24:37.564Z"}
{"level":"info","message":"Method: POST, URL: /, Status: 201, Duration: 210ms","timestamp":"2024-04-04T11:27:44.317Z"}
{"level":"info","message":"Method: DELETE, URL: /21, Status: 200, Duration: 210ms","timestamp":"2024-04-04T11:27:59.240Z"}
{"level":"info","message":"Method: POST, URL: /, Status: 201, Duration: 168ms","timestamp":"2024-04-04T11:29:16.117Z"}
{"level":"info","message":"Method: POST, URL: /sign-up, Status: 201, Duration: 64ms","timestamp":"2024-04-04T11:32:47.888Z"}
{"level":"info","message":"Method: POST, URL: /sign-up, Status: 201, Duration: 35ms","timestamp":"2024-04-04T11:32:48.851Z"}
{"level":"info","message":"Method: POST, URL: /, Status: 201, Duration: 142ms","timestamp":"2024-04-04T11:32:58.101Z"}
{"level":"info","message":"Method: POST, URL: /, Status: 201, Duration: 170ms","timestamp":"2024-04-04T11:33:01.429Z"}
{"level":"info","message":"Method: POST, URL: /, Status: 201, Duration: 186ms","timestamp":"2024-04-04T11:33:02.887Z"}
{"level":"info","message":"Method: POST, URL: /, Status: 201, Duration: 153ms","timestamp":"2024-04-04T11:33:04.413Z"}
{"level":"info","message":"Method: DELETE, URL: /26, Status: 403, Duration: 21ms","timestamp":"2024-04-04T11:34:04.079Z"}
{"level":"info","message":"Method: DELETE, URL: /26, Status: 200, Duration: 150ms","timestamp":"2024-04-04T11:34:25.489Z"}
{"level":"info","message":"Method: POST, URL: /sign-up, Status: 201, Duration: 146ms","timestamp":"2024-04-04T11:42:25.718Z"}
{"level":"info","message":"Method: POST, URL: /, Status: 201, Duration: 218ms","timestamp":"2024-04-04T11:42:32.226Z"}
{"level":"info","message":"Method: POST, URL: /worries/27/comments, Status: 201, Duration: 118ms","timestamp":"2024-04-04T11:43:05.230Z"}
{"level":"info","message":"Method: POST, URL: /worries/27/comments/27, Status: 400, Duration: 123ms","timestamp":"2024-04-04T11:43:38.857Z"}
{"level":"info","message":"Method: POST, URL: /worries/27/comments/2, Status: 201, Duration: 67ms","timestamp":"2024-04-04T11:43:57.947Z"}
{"level":"info","message":"Method: DELETE, URL: /comments/4, Status: 500, Duration: 31ms","timestamp":"2024-04-04T11:46:01.953Z"}
{"level":"info","message":"Method: DELETE, URL: /comments/5, Status: 500, Duration: 22ms","timestamp":"2024-04-04T11:49:16.413Z"}
{"level":"info","message":"Method: DELETE, URL: /comments/4, Status: 500, Duration: 5ms","timestamp":"2024-04-04T12:03:00.218Z"}
{"level":"info","message":"Method: DELETE, URL: /comments/4, Status: 500, Duration: 1ms","timestamp":"2024-04-04T12:03:01.564Z"}
{"level":"info","message":"Method: DELETE, URL: /comments/4, Status: 500, Duration: 6ms","timestamp":"2024-04-04T12:03:41.491Z"}
{"level":"info","message":"Method: DELETE, URL: /comments/4, Status: 500, Duration: 2ms","timestamp":"2024-04-04T12:03:42.600Z"}
{"level":"info","message":"Method: DELETE, URL: /comments/4, Status: 500, Duration: 6ms","timestamp":"2024-04-04T12:06:02.208Z"}
{"level":"info","message":"Method: DELETE, URL: /comments/4, Status: 500, Duration: 1ms","timestamp":"2024-04-04T12:06:03.729Z"}
{"level":"info","message":"Method: POST, URL: /, Status: 201, Duration: 273ms","timestamp":"2024-04-04T12:09:03.708Z"}
{"level":"info","message":"Method: POST, URL: /, Status: 201, Duration: 169ms","timestamp":"2024-04-04T12:11:13.137Z"}
{"level":"info","message":"Method: DELETE, URL: /comments/4, Status: 500, Duration: 5ms","timestamp":"2024-04-04T12:11:19.639Z"}
{"level":"info","message":"Method: DELETE, URL: /comments/4, Status: 500, Duration: 2ms","timestamp":"2024-04-04T12:15:43.356Z"}
{"level":"info","message":"Method: DELETE, URL: /comments/4, Status: 500, Duration: 1ms","timestamp":"2024-04-04T12:15:49.740Z"}
{"level":"info","message":"Method: DELETE, URL: /comments/4, Status: 403, Duration: 33ms","timestamp":"2024-04-04T12:18:57.895Z"}
{"level":"info","message":"Method: DELETE, URL: /comments/4, Status: 403, Duration: 22ms","timestamp":"2024-04-04T12:19:19.376Z"}
{"level":"info","message":"Method: DELETE, URL: /comments/4, Status: 403, Duration: 64ms","timestamp":"2024-04-04T12:19:26.043Z"}
{"level":"info","message":"Method: DELETE, URL: /comments/4, Status: 403, Duration: 26ms","timestamp":"2024-04-04T12:19:39.148Z"}
{"level":"info","message":"Method: DELETE, URL: /comments/4, Status: 403, Duration: 36ms","timestamp":"2024-04-04T12:20:21.870Z"}
{"level":"info","message":"Method: DELETE, URL: /comments/4, Status: 403, Duration: 20ms","timestamp":"2024-04-04T12:20:26.469Z"}
{"level":"info","message":"Method: DELETE, URL: /comments/4, Status: 403, Duration: 21ms","timestamp":"2024-04-04T12:20:27.742Z"}
{"level":"info","message":"Method: DELETE, URL: /comments/4, Status: 500, Duration: 38ms","timestamp":"2024-04-04T12:20:49.333Z"}
{"level":"info","message":"Method: DELETE, URL: /comments/4, Status: 403, Duration: 42ms","timestamp":"2024-04-04T12:21:03.563Z"}
{"level":"info","message":"Method: DELETE, URL: /comments/4, Status: 403, Duration: 28ms","timestamp":"2024-04-04T12:21:32.696Z"}
{"level":"info","message":"Method: DELETE, URL: /comments/4, Status: 403, Duration: 25ms","timestamp":"2024-04-04T12:21:50.028Z"}
{"level":"info","message":"Method: DELETE, URL: /comments/4, Status: 403, Duration: 23ms","timestamp":"2024-04-04T12:21:51.078Z"}
{"level":"info","message":"Method: DELETE, URL: /comments/4, Status: 500, Duration: 96ms","timestamp":"2024-04-04T12:21:57.414Z"}
{"level":"info","message":"Method: DELETE, URL: /comments/4, Status: 403, Duration: 41ms","timestamp":"2024-04-04T12:29:29.130Z"}
{"level":"info","message":"Method: DELETE, URL: /comments/4, Status: 409, Duration: 17ms","timestamp":"2024-04-04T12:29:34.795Z"}
{"level":"info","message":"Method: POST, URL: /worries/29/comments, Status: 201, Duration: 157ms","timestamp":"2024-04-04T12:32:10.224Z"}
{"level":"info","message":"Method: DELETE, URL: /comments/5, Status: 403, Duration: 44ms","timestamp":"2024-04-04T12:32:26.082Z"}
{"level":"info","message":"Method: DELETE, URL: /comments/5, Status: 200, Duration: 206ms","timestamp":"2024-04-04T12:32:30.810Z"}
{"level":"info","message":"Method: POST, URL: /, Status: 201, Duration: 265ms","timestamp":"2024-04-04T12:33:04.270Z"}
{"level":"info","message":"Method: POST, URL: /worries/30/comments, Status: 201, Duration: 517ms","timestamp":"2024-04-04T12:34:04.096Z"}
{"level":"info","message":"Method: DELETE, URL: /comments/6, Status: 200, Duration: 155ms","timestamp":"2024-04-04T12:35:01.622Z"}
{"level":"info","message":"Method: POST, URL: /, Status: 201, Duration: 206ms","timestamp":"2024-04-04T12:35:33.698Z"}
{"level":"error","message":"Error Status: 400, Message: Expected ':' after property name in JSON at position 16","timestamp":"2024-04-04T12:36:19.022Z"}
{"level":"info","message":"Method: POST, URL: /worries/31/comments, Status: 201, Duration: 109ms","timestamp":"2024-04-04T12:36:29.749Z"}
{"level":"info","message":"Method: DELETE, URL: /comments/7, Status: 200, Duration: 133ms","timestamp":"2024-04-04T12:38:39.807Z"}
{"level":"info","message":"Method: POST, URL: /, Status: 201, Duration: 340ms","timestamp":"2024-04-04T14:18:44.936Z"}
