{"level":"info","message":"Method: POST, URL: /5/re-worries/13/re-answers, Status: 201, Duration: 105ms","timestamp":"2024-03-30T15:00:09.313Z"}
{"level":"info","message":"Method: POST, URL: /5/comments/7/re-worries, Status: 201, Duration: 162ms","timestamp":"2024-03-30T15:48:49.086Z"}
{"level":"info","message":"Method: POST, URL: /5/comments/7/re-worries, Status: 201, Duration: 177ms","timestamp":"2024-03-30T15:54:01.725Z"}
{"level":"info","message":"Method: POST, URL: /5/comments/7/re-worries, Status: 201, Duration: 162ms","timestamp":"2024-03-30T15:54:33.563Z"}
{"level":"info","message":"Method: POST, URL: /5/comments/7/re-worries, Status: 201, Duration: 323ms","timestamp":"2024-03-30T15:55:55.920Z"}
{"level":"info","message":"Method: POST, URL: /5/comments/7/re-worries, Status: 201, Duration: 170ms","timestamp":"2024-03-30T15:56:16.474Z"}
{"level":"info","message":"Method: POST, URL: /5/comments/7/re-worries, Status: 201, Duration: 155ms","timestamp":"2024-03-30T15:59:41.846Z"}
{"level":"info","message":"Method: POST, URL: /5, Status: 201, Duration: 411ms","timestamp":"2024-03-30T16:00:07.330Z"}
{"level":"info","message":"Method: POST, URL: /5/re-worries/13/re-answers, Status: 201, Duration: 45ms","timestamp":"2024-03-30T16:00:14.352Z"}
{"level":"info","message":"Method: POST, URL: /, Status: 201, Duration: 90ms","timestamp":"2024-03-30T16:00:50.484Z"}
{"level":"info","message":"Method: POST, URL: /6, Status: 201, Duration: 55ms","timestamp":"2024-03-30T16:01:26.279Z"}
{"level":"info","message":"Method: POST, URL: /6/comments/23/re-worries, Status: 201, Duration: 122ms","timestamp":"2024-03-30T16:02:03.648Z"}
{"level":"info","message":"Method: POST, URL: /6/re-worries/24/re-answers, Status: 201, Duration: 45ms","timestamp":"2024-03-30T16:04:21.677Z"}
{"level":"info","message":"Method: POST, URL: /6/comments/24/re-worries, Status: 201, Duration: 211ms","timestamp":"2024-03-30T16:27:43.715Z"}
{"level":"info","message":"Method: POST, URL: /6/comments/26/re-worries, Status: 201, Duration: 68ms","timestamp":"2024-03-30T16:30:56.205Z"}
{"level":"info","message":"Method: POST, URL: /6/comments/24/re-answers, Status: 201, Duration: 141ms","timestamp":"2024-03-30T16:38:12.514Z"}
{"level":"info","message":"Method: POST, URL: /, Status: 201, Duration: 73ms","timestamp":"2024-03-30T16:38:51.309Z"}
{"level":"info","message":"Method: POST, URL: /7, Status: 201, Duration: 76ms","timestamp":"2024-03-30T16:39:14.319Z"}
{"level":"info","message":"Method: POST, URL: /7/comments/29/re-worries, Status: 400, Duration: 41ms","timestamp":"2024-03-30T16:39:36.914Z"}
{"level":"info","message":"Method: POST, URL: /7/comments/29/re-worries, Status: 400, Duration: 12ms","timestamp":"2024-03-30T16:39:45.349Z"}
{"level":"info","message":"Method: POST, URL: /7/comments/29/re-worries, Status: 201, Duration: 77ms","timestamp":"2024-03-30T16:39:55.071Z"}
{"level":"info","message":"Method: POST, URL: /7/comments/30/re-answers, Status: 201, Duration: 42ms","timestamp":"2024-03-30T16:40:46.124Z"}
{"level":"info","message":"Method: POST, URL: /7/comments/31/re-worries, Status: 201, Duration: 69ms","timestamp":"2024-03-30T16:41:45.162Z"}
{"level":"info","message":"Method: POST, URL: /7/comments/30/re-answers, Status: 201, Duration: 116ms","timestamp":"2024-03-30T16:44:35.938Z"}
{"level":"info","message":"Method: POST, URL: /7/comments/30/re-answers, Status: 201, Duration: 45ms","timestamp":"2024-03-30T16:44:37.478Z"}
{"level":"info","message":"Method: POST, URL: /7/comments/30/re-answers, Status: 201, Duration: 130ms","timestamp":"2024-03-30T16:50:48.448Z"}
{"level":"info","message":"Method: POST, URL: /7/comments/30/re-answers, Status: 201, Duration: 122ms","timestamp":"2024-03-30T16:51:20.352Z"}
{"level":"info","message":"Method: POST, URL: /7/comments/30/re-answers, Status: 201, Duration: 115ms","timestamp":"2024-03-30T16:52:03.900Z"}
{"level":"info","message":"Method: POST, URL: /7/comments/30/re-answers, Status: 201, Duration: 117ms","timestamp":"2024-03-30T16:53:02.215Z"}
{"level":"info","message":"Method: POST, URL: /7/comments/30/re-answers, Status: 201, Duration: 97ms","timestamp":"2024-03-30T16:54:54.311Z"}
{"level":"info","message":"Method: POST, URL: /7/comments/30/re-answers, Status: 201, Duration: 139ms","timestamp":"2024-03-30T16:56:43.118Z"}
{"level":"info","message":"Method: POST, URL: /, Status: 201, Duration: 64ms","timestamp":"2024-03-30T16:56:53.627Z"}
{"level":"info","message":"Method: POST, URL: /8, Status: 201, Duration: 76ms","timestamp":"2024-03-30T16:57:25.355Z"}
{"level":"info","message":"Method: POST, URL: /8/comments/41/re-worries, Status: 201, Duration: 95ms","timestamp":"2024-03-30T16:58:00.502Z"}
{"level":"info","message":"Method: POST, URL: /8/comments/42/re-answers, Status: 201, Duration: 50ms","timestamp":"2024-03-30T16:58:34.611Z"}
{"level":"info","message":"Method: POST, URL: /8/comments/43/re-answers, Status: 201, Duration: 54ms","timestamp":"2024-03-30T16:59:07.743Z"}
{"level":"info","message":"Method: POST, URL: /8/comments/41/re-worries, Status: 201, Duration: 75ms","timestamp":"2024-03-30T16:59:32.653Z"}
{"level":"info","message":"Method: POST, URL: /8/comments/41/re-worries, Status: 400, Duration: 52ms","timestamp":"2024-03-30T16:59:40.426Z"}
{"level":"info","message":"Method: POST, URL: /8/comments/41/re-worries, Status: 201, Duration: 66ms","timestamp":"2024-03-30T16:59:44.514Z"}
{"level":"info","message":"Method: POST, URL: /8/comments/43/re-answers, Status: 201, Duration: 45ms","timestamp":"2024-03-30T16:59:50.318Z"}
{"level":"info","message":"Method: POST, URL: /8/comments/43/re-answers, Status: 500, Duration: 116ms","timestamp":"2024-03-30T17:02:53.228Z"}
{"level":"info","message":"Method: POST, URL: /8/comments/43/re-answers, Status: 500, Duration: 41ms","timestamp":"2024-03-30T17:03:25.188Z"}
{"level":"info","message":"Method: POST, URL: /8/comments/43/re-answers, Status: 500, Duration: 40ms","timestamp":"2024-03-30T17:03:31.118Z"}
{"level":"info","message":"Method: POST, URL: /8/comments/43/re-answers, Status: 500, Duration: 113ms","timestamp":"2024-03-30T17:04:19.971Z"}
{"level":"info","message":"Method: POST, URL: /8/comments/43/re-answers, Status: 500, Duration: 31ms","timestamp":"2024-03-30T17:04:21.742Z"}
{"level":"info","message":"Method: POST, URL: /8/comments/43/re-answers, Status: 500, Duration: 37ms","timestamp":"2024-03-30T17:04:26.658Z"}
{"level":"info","message":"Method: POST, URL: /8/comments/43/re-answers, Status: 500, Duration: 28ms","timestamp":"2024-03-30T17:04:34.176Z"}
{"level":"info","message":"Method: POST, URL: /8/comments/43/re-answers, Status: 201, Duration: 171ms","timestamp":"2024-03-30T17:04:53.966Z"}
{"level":"info","message":"Method: POST, URL: /8/comments/43/re-answers, Status: 500, Duration: 29ms","timestamp":"2024-03-30T17:04:58.391Z"}
{"level":"info","message":"Method: POST, URL: /8/comments/43/re-answers, Status: 500, Duration: 129ms","timestamp":"2024-03-30T17:05:32.096Z"}
{"level":"info","message":"Method: POST, URL: /8/comments/43/re-answers, Status: 201, Duration: 72ms","timestamp":"2024-03-30T17:05:35.875Z"}
{"level":"info","message":"Method: POST, URL: /8/comments/41/re-worries, Status: 400, Duration: 101ms","timestamp":"2024-03-30T17:12:07.705Z"}
{"level":"info","message":"Method: POST, URL: /8/comments/41/re-worries, Status: 201, Duration: 116ms","timestamp":"2024-03-30T17:12:24.735Z"}
{"level":"info","message":"Method: POST, URL: /8/comments/41/re-worries, Status: 400, Duration: 19ms","timestamp":"2024-03-30T17:13:51.133Z"}
{"level":"info","message":"Method: POST, URL: /8/comments/41/re-worries, Status: 201, Duration: 84ms","timestamp":"2024-03-30T17:13:55.905Z"}
{"level":"info","message":"Method: POST, URL: /, Status: 201, Duration: 123ms","timestamp":"2024-03-30T17:37:12.760Z"}
{"level":"info","message":"Method: POST, URL: /comments/9, Status: 404, Duration: 4ms","timestamp":"2024-03-30T17:37:27.696Z"}
{"level":"info","message":"Method: POST, URL: /worries/9/comments, Status: 201, Duration: 79ms","timestamp":"2024-03-30T17:37:50.796Z"}
{"level":"info","message":"Method: POST, URL: /worries/9/comments, Status: 201, Duration: 148ms","timestamp":"2024-03-30T18:01:53.058Z"}
{"level":"info","message":"Method: POST, URL: /worries/8/comments/41/re-worries, Status: 404, Duration: 2ms","timestamp":"2024-03-30T18:01:56.067Z"}
{"level":"info","message":"Method: POST, URL: /worries/8/comments/41/re-worries, Status: 404, Duration: 18ms","timestamp":"2024-03-30T18:02:21.616Z"}
{"level":"info","message":"Method: POST, URL: /worries/8/comments/41/re-worries, Status: 404, Duration: 2ms","timestamp":"2024-03-30T18:03:12.350Z"}
{"level":"info","message":"Method: POST, URL: /worries/9/comments, Status: 201, Duration: 142ms","timestamp":"2024-03-30T18:03:47.903Z"}
{"level":"info","message":"Method: POST, URL: /worries/8/comments/41/re-worries, Status: 404, Duration: 4ms","timestamp":"2024-03-30T18:04:01.574Z"}
{"level":"info","message":"Method: POST, URL: /worries/8/comments/41/re-worries, Status: 404, Duration: 12ms","timestamp":"2024-03-30T18:07:24.246Z"}
{"level":"info","message":"Method: POST, URL: /worries/8/comments/41/re-worries, Status: 404, Duration: 1ms","timestamp":"2024-03-30T18:07:25.439Z"}
{"level":"info","message":"Method: POST, URL: /8/comments/41/re-worries, Status: 201, Duration: 179ms","timestamp":"2024-03-30T18:09:25.141Z"}
{"level":"info","message":"Method: POST, URL: /8/comments/41/re-worries, Status: 201, Duration: 166ms","timestamp":"2024-03-30T18:09:26.726Z"}
{"level":"info","message":"Method: POST, URL: /8/comments/43/re-answers, Status: 201, Duration: 65ms","timestamp":"2024-03-30T18:09:29.307Z"}
{"level":"info","message":"Method: POST, URL: /8/comments/43/re-answers, Status: 201, Duration: 85ms","timestamp":"2024-03-30T18:09:30.319Z"}
{"level":"info","message":"Method: POST, URL: /worries/9/comments, Status: 201, Duration: 157ms","timestamp":"2024-03-30T18:10:30.510Z"}
{"level":"info","message":"Method: GET, URL: /comments, Status: 400, Duration: 87ms","timestamp":"2024-03-30T18:12:07.230Z"}
{"level":"error","message":"Error Status: undefined, Message: Failed to fetch comments: \nInvalid `prisma.comments.findFirst()` invocation:\n\n{\n  where: {\n+   commentId: {\n+     equals: Int | IntFieldRefInput,\n+     in: Int[],\n+     notIn: Int[],\n+     lt: Int | IntFieldRefInput,\n+     lte: Int | IntFieldRefInput,\n+     gt: Int | IntFieldRefInput,\n+     gte: Int | IntFieldRefInput,\n+     not: Int | NestedIntFilter\n+   }\n  },\n  select: {\n    worryId: true,\n    commentId: true,\n    content: true,\n    createdAt: true\n  }\n}\n\nArgument `commentId` is missing.","timestamp":"2024-03-30T18:12:07.232Z"}
{"level":"info","message":"Method: GET, URL: /comments, Status: 400, Duration: 10ms","timestamp":"2024-03-30T18:12:20.502Z"}
{"level":"error","message":"Error Status: undefined, Message: Failed to fetch comments: \nInvalid `prisma.comments.findFirst()` invocation:\n\n{\n  where: {\n+   commentId: {\n+     equals: Int | IntFieldRefInput,\n+     in: Int[],\n+     notIn: Int[],\n+     lt: Int | IntFieldRefInput,\n+     lte: Int | IntFieldRefInput,\n+     gt: Int | IntFieldRefInput,\n+     gte: Int | IntFieldRefInput,\n+     not: Int | NestedIntFilter\n+   }\n  },\n  select: {\n    worryId: true,\n    commentId: true,\n    content: true,\n    createdAt: true\n  }\n}\n\nArgument `commentId` is missing.","timestamp":"2024-03-30T18:12:20.503Z"}
{"level":"info","message":"Method: GET, URL: /comments, Status: 400, Duration: 11ms","timestamp":"2024-03-30T18:12:42.776Z"}
{"level":"error","message":"Error Status: undefined, Message: Failed to fetch comments: \nInvalid `prisma.comments.findFirst()` invocation:\n\n{\n  where: {\n+   commentId: {\n+     equals: Int | IntFieldRefInput,\n+     in: Int[],\n+     notIn: Int[],\n+     lt: Int | IntFieldRefInput,\n+     lte: Int | IntFieldRefInput,\n+     gt: Int | IntFieldRefInput,\n+     gte: Int | IntFieldRefInput,\n+     not: Int | NestedIntFilter\n+   }\n  },\n  select: {\n    worryId: true,\n    commentId: true,\n    content: true,\n    createdAt: true\n  }\n}\n\nArgument `commentId` is missing.","timestamp":"2024-03-30T18:12:42.776Z"}
{"level":"info","message":"Method: GET, URL: /comments, Status: 400, Duration: 65ms","timestamp":"2024-03-30T18:12:45.042Z"}
{"level":"error","message":"Error Status: undefined, Message: Failed to fetch comments: \nInvalid `prisma.comments.findFirst()` invocation:\n\n{\n  where: {\n+   commentId: {\n+     equals: Int | IntFieldRefInput,\n+     in: Int[],\n+     notIn: Int[],\n+     lt: Int | IntFieldRefInput,\n+     lte: Int | IntFieldRefInput,\n+     gt: Int | IntFieldRefInput,\n+     gte: Int | IntFieldRefInput,\n+     not: Int | NestedIntFilter\n+   }\n  },\n  select: {\n    worryId: true,\n    commentId: true,\n    content: true,\n    createdAt: true\n  }\n}\n\nArgument `commentId` is missing.","timestamp":"2024-03-30T18:12:45.044Z"}
{"level":"info","message":"Method: POST, URL: /worries/9/comments, Status: 201, Duration: 109ms","timestamp":"2024-03-30T18:13:11.638Z"}
{"level":"info","message":"Method: GET, URL: /comments, Status: 400, Duration: 73ms","timestamp":"2024-03-30T18:13:50.291Z"}
{"level":"error","message":"Error Status: undefined, Message: Failed to fetch comments: \nInvalid `prisma.comments.findFirst()` invocation:\n\n{\n  where: {\n+   commentId: {\n+     equals: Int | IntFieldRefInput,\n+     in: Int[],\n+     notIn: Int[],\n+     lt: Int | IntFieldRefInput,\n+     lte: Int | IntFieldRefInput,\n+     gt: Int | IntFieldRefInput,\n+     gte: Int | IntFieldRefInput,\n+     not: Int | NestedIntFilter\n+   }\n  },\n  select: {\n    worryId: true,\n    commentId: true,\n    content: true,\n    createdAt: true\n  }\n}\n\nArgument `commentId` is missing.","timestamp":"2024-03-30T18:13:50.294Z"}
{"level":"info","message":"Method: GET, URL: /comments, Status: 200, Duration: 155ms","timestamp":"2024-03-30T18:14:21.145Z"}
