{"level":"info","message":"Method: POST, URL: /, Status: 401, Duration: 5ms","timestamp":"2024-04-10T07:09:03.988Z"}
{"level":"info","message":"Method: POST, URL: /, Status: 201, Duration: 280ms","timestamp":"2024-04-10T07:12:47.357Z"}
{"level":"info","message":"Method: POST, URL: /, Status: 201, Duration: 151ms","timestamp":"2024-04-10T07:12:54.694Z"}
{"level":"info","message":"Method: POST, URL: /, Status: 201, Duration: 190ms","timestamp":"2024-04-10T07:12:56.143Z"}
{"level":"info","message":"Method: GET, URL: /comments, Status: 200, Duration: 51ms","timestamp":"2024-04-10T07:14:09.591Z"}
{"level":"info","message":"Method: GET, URL: /comments, Status: 200, Duration: 19ms","timestamp":"2024-04-10T07:14:11.553Z"}
{"level":"info","message":"Method: GET, URL: /comments, Status: 200, Duration: 20ms","timestamp":"2024-04-10T07:14:22.557Z"}
{"level":"info","message":"Method: GET, URL: /comments, Status: 200, Duration: 27ms","timestamp":"2024-04-10T07:14:37.127Z"}
{"level":"info","message":"Method: GET, URL: /comments, Status: 200, Duration: 133ms","timestamp":"2024-04-10T07:18:07.645Z"}
{"level":"info","message":"Method: GET, URL: /comments, Status: 200, Duration: 21ms","timestamp":"2024-04-10T07:18:08.838Z"}
{"level":"info","message":"Method: GET, URL: /comments, Status: 200, Duration: 83ms","timestamp":"2024-04-10T07:20:27.521Z"}
{"level":"info","message":"Method: GET, URL: /comments, Status: 404, Duration: 19ms","timestamp":"2024-04-10T07:20:40.173Z"}
{"level":"info","message":"Method: GET, URL: /comments, Status: 200, Duration: 19ms","timestamp":"2024-04-10T07:20:44.689Z"}
{"level":"info","message":"Method: GET, URL: /comments, Status: 200, Duration: 40ms","timestamp":"2024-04-10T07:22:45.016Z"}
{"level":"info","message":"Method: GET, URL: /comments, Status: 200, Duration: 73ms","timestamp":"2024-04-10T07:24:07.252Z"}
{"level":"info","message":"Method: GET, URL: /comments, Status: 200, Duration: 45ms","timestamp":"2024-04-10T07:25:31.206Z"}
{"level":"info","message":"Method: GET, URL: /comments, Status: 200, Duration: 45ms","timestamp":"2024-04-10T07:42:35.324Z"}
{"level":"info","message":"Method: GET, URL: /comments, Status: 200, Duration: 26ms","timestamp":"2024-04-10T07:42:42.691Z"}
{"level":"info","message":"Method: POST, URL: /worries/20/comments, Status: 201, Duration: 137ms","timestamp":"2024-04-10T07:46:48.920Z"}
{"level":"info","message":"Method: GET, URL: /comments, Status: 200, Duration: 57ms","timestamp":"2024-04-10T07:46:57.667Z"}
{"level":"info","message":"Method: GET, URL: /comments, Status: 200, Duration: 30ms","timestamp":"2024-04-10T07:47:31.372Z"}
{"level":"info","message":"Method: GET, URL: /comments, Status: 200, Duration: 31ms","timestamp":"2024-04-10T07:47:52.042Z"}
{"level":"info","message":"Method: GET, URL: /comments, Status: 200, Duration: 45ms","timestamp":"2024-04-10T07:55:16.675Z"}
{"level":"info","message":"Method: POST, URL: /worries/20/comments/12, Status: 201, Duration: 107ms","timestamp":"2024-04-10T07:55:54.878Z"}
{"level":"info","message":"Method: GET, URL: /comments, Status: 200, Duration: 64ms","timestamp":"2024-04-10T07:56:39.422Z"}
{"level":"info","message":"Method: GET, URL: /comments, Status: 200, Duration: 182ms","timestamp":"2024-04-10T08:11:23.675Z"}
{"level":"info","message":"Method: GET, URL: /comments, Status: 200, Duration: 45ms","timestamp":"2024-04-10T08:11:25.166Z"}
{"level":"info","message":"Method: GET, URL: /comments, Status: 200, Duration: 65ms","timestamp":"2024-04-10T08:13:59.163Z"}
{"level":"info","message":"Method: GET, URL: /comments, Status: 200, Duration: 19ms","timestamp":"2024-04-10T08:14:00.129Z"}
{"level":"info","message":"Method: GET, URL: /comments/13, Status: 200, Duration: 183ms","timestamp":"2024-04-10T08:34:07.210Z"}
{"level":"info","message":"Method: GET, URL: /comments, Status: 200, Duration: 44ms","timestamp":"2024-04-10T08:34:19.424Z"}
{"level":"info","message":"Method: GET, URL: /comments/13, Status: 200, Duration: 205ms","timestamp":"2024-04-10T08:41:23.768Z"}
{"level":"info","message":"Method: GET, URL: /comments/13, Status: 200, Duration: 142ms","timestamp":"2024-04-10T08:41:25.082Z"}
{"level":"info","message":"Method: GET, URL: /comments/13, Status: 200, Duration: 199ms","timestamp":"2024-04-10T08:41:29.613Z"}
{"level":"info","message":"Method: GET, URL: /comments/13, Status: 200, Duration: 155ms","timestamp":"2024-04-10T08:41:30.826Z"}
{"level":"info","message":"Method: GET, URL: /comments/8, Status: 200, Duration: 106ms","timestamp":"2024-04-10T08:41:48.176Z"}
{"level":"info","message":"Method: GET, URL: /comments/12, Status: 403, Duration: 22ms","timestamp":"2024-04-10T08:41:58.848Z"}
{"level":"info","message":"Method: GET, URL: /comments/8, Status: 200, Duration: 90ms","timestamp":"2024-04-10T08:42:03.247Z"}
{"level":"info","message":"Method: GET, URL: /comments/13, Status: 200, Duration: 125ms","timestamp":"2024-04-10T08:42:15.652Z"}
{"level":"info","message":"Method: GET, URL: /comments/13, Status: 200, Duration: 205ms","timestamp":"2024-04-10T08:42:34.677Z"}
{"level":"info","message":"Method: GET, URL: /comments/12, Status: 200, Duration: 88ms","timestamp":"2024-04-10T08:43:38.525Z"}
{"level":"info","message":"Method: POST, URL: /worries/20/comments/13, Status: 400, Duration: 43ms","timestamp":"2024-04-10T09:12:57.164Z"}
{"level":"info","message":"Method: POST, URL: /worries/20/comments/13, Status: 400, Duration: 116ms","timestamp":"2024-04-10T09:13:04.235Z"}
{"level":"info","message":"Method: POST, URL: /worries/20/comments/13, Status: 400, Duration: 61ms","timestamp":"2024-04-10T09:13:17.327Z"}
{"level":"info","message":"Method: POST, URL: /worries/20/comments/13, Status: 201, Duration: 67ms","timestamp":"2024-04-10T09:13:23.610Z"}
{"level":"info","message":"Method: POST, URL: /worries/20/comments/13, Status: 400, Duration: 106ms","timestamp":"2024-04-10T09:17:38.934Z"}
{"level":"info","message":"Method: POST, URL: /worries/20/comments/13, Status: 400, Duration: 29ms","timestamp":"2024-04-10T09:20:28.992Z"}
{"level":"info","message":"Method: POST, URL: /worries/20/comments/13, Status: 400, Duration: 10ms","timestamp":"2024-04-10T09:20:30.695Z"}
{"level":"info","message":"Method: POST, URL: /worries/20/comments/13, Status: 400, Duration: 31ms","timestamp":"2024-04-10T09:21:24.455Z"}
{"level":"info","message":"Method: DELETE, URL: /comments/12, Status: 403, Duration: 55ms","timestamp":"2024-04-10T09:27:00.450Z"}
{"level":"info","message":"Method: DELETE, URL: /comments/12, Status: 403, Duration: 43ms","timestamp":"2024-04-10T09:29:54.379Z"}
{"level":"info","message":"Method: DELETE, URL: /comments/12, Status: 200, Duration: 267ms","timestamp":"2024-04-10T09:45:02.926Z"}
{"level":"info","message":"Method: POST, URL: /, Status: 201, Duration: 240ms","timestamp":"2024-04-10T09:45:43.214Z"}
{"level":"info","message":"Method: POST, URL: /, Status: 201, Duration: 930ms","timestamp":"2024-04-10T09:45:44.801Z"}
{"level":"info","message":"Method: POST, URL: /, Status: 201, Duration: 479ms","timestamp":"2024-04-10T09:45:48.052Z"}
{"level":"info","message":"Method: POST, URL: /, Status: 201, Duration: 510ms","timestamp":"2024-04-10T09:45:49.604Z"}
{"level":"info","message":"Method: POST, URL: /worries/24/comments, Status: 201, Duration: 98ms","timestamp":"2024-04-10T09:46:57.244Z"}
{"level":"info","message":"Method: DELETE, URL: /comments/18, Status: 403, Duration: 28ms","timestamp":"2024-04-10T09:47:25.708Z"}
{"level":"info","message":"Method: DELETE, URL: /comments/18, Status: 403, Duration: 25ms","timestamp":"2024-04-10T09:47:33.254Z"}
{"level":"info","message":"Method: DELETE, URL: /comments/18, Status: 200, Duration: 128ms","timestamp":"2024-04-10T09:47:45.841Z"}
{"level":"info","message":"Method: POST, URL: /, Status: 201, Duration: 239ms","timestamp":"2024-04-10T10:26:15.611Z"}
{"level":"info","message":"Method: POST, URL: /, Status: 201, Duration: 224ms","timestamp":"2024-04-10T10:33:17.805Z"}
{"level":"info","message":"Method: POST, URL: /, Status: 201, Duration: 170ms","timestamp":"2024-04-10T10:33:18.970Z"}
{"level":"info","message":"Method: POST, URL: /, Status: 201, Duration: 158ms","timestamp":"2024-04-10T10:33:20.050Z"}
{"level":"info","message":"Method: DELETE, URL: /comments/6, Status: 200, Duration: 196ms","timestamp":"2024-04-10T10:34:08.218Z"}
{"level":"info","message":"Method: GET, URL: /comments/12, Status: 200, Duration: 152ms","timestamp":"2024-04-10T10:36:46.718Z"}
{"level":"info","message":"Method: GET, URL: /comments/12, Status: 200, Duration: 93ms","timestamp":"2024-04-10T10:37:34.289Z"}
{"level":"info","message":"Method: GET, URL: /comments/12, Status: 200, Duration: 108ms","timestamp":"2024-04-10T10:38:31.865Z"}
{"level":"info","message":"Method: GET, URL: /comments/12, Status: 200, Duration: 143ms","timestamp":"2024-04-10T10:38:47.805Z"}
{"level":"info","message":"Method: GET, URL: /comments/12, Status: 200, Duration: 85ms","timestamp":"2024-04-10T10:39:13.637Z"}
{"level":"info","message":"Method: GET, URL: /comments, Status: 200, Duration: 72ms","timestamp":"2024-04-10T10:40:04.228Z"}
{"level":"info","message":"Method: POST, URL: /worries/27/comments, Status: 201, Duration: 115ms","timestamp":"2024-04-10T10:41:15.956Z"}
{"level":"info","message":"Method: GET, URL: /comments, Status: 200, Duration: 31ms","timestamp":"2024-04-10T10:41:29.815Z"}
{"level":"info","message":"Method: GET, URL: /comments/19, Status: 200, Duration: 90ms","timestamp":"2024-04-10T10:43:45.013Z"}
{"level":"info","message":"Method: GET, URL: /comments, Status: 200, Duration: 22ms","timestamp":"2024-04-10T10:43:53.785Z"}
{"level":"info","message":"Method: POST, URL: /worries/28/comments, Status: 201, Duration: 107ms","timestamp":"2024-04-10T11:14:14.611Z"}
{"level":"info","message":"Method: POST, URL: /, Status: 201, Duration: 629ms","timestamp":"2024-04-10T11:14:52.335Z"}
{"level":"info","message":"Method: DELETE, URL: /comments/20, Status: 200, Duration: 550ms","timestamp":"2024-04-10T11:15:15.726Z"}
{"level":"info","message":"Method: POST, URL: /, Status: 201, Duration: 308ms","timestamp":"2024-04-10T11:16:55.994Z"}
{"level":"info","message":"Method: POST, URL: /, Status: 201, Duration: 224ms","timestamp":"2024-04-10T11:16:57.266Z"}
{"level":"info","message":"Method: POST, URL: /worries/31/comments, Status: 201, Duration: 241ms","timestamp":"2024-04-10T11:17:50.493Z"}
{"level":"info","message":"Method: POST, URL: /worries/30/comments, Status: 201, Duration: 95ms","timestamp":"2024-04-10T11:18:16.189Z"}
{"level":"info","message":"Method: POST, URL: /worries/30/comments/23, Status: 201, Duration: 104ms","timestamp":"2024-04-10T11:18:36.271Z"}
{"level":"info","message":"Method: POST, URL: /comments/21/report, Status: 500, Duration: 437ms","timestamp":"2024-04-10T11:19:39.038Z"}
{"level":"info","message":"Method: POST, URL: /comments/21/report, Status: 409, Duration: 28ms","timestamp":"2024-04-10T11:20:16.700Z"}
{"level":"info","message":"Method: POST, URL: /comments/23/report, Status: 403, Duration: 104ms","timestamp":"2024-04-10T11:27:17.107Z"}
{"level":"info","message":"Method: POST, URL: /comments/23/report, Status: 403, Duration: 60ms","timestamp":"2024-04-10T11:27:44.913Z"}
{"level":"info","message":"Method: POST, URL: /comments/23/report, Status: 200, Duration: 262ms","timestamp":"2024-04-10T11:28:05.629Z"}
{"level":"info","message":"Method: POST, URL: /comments/22/report, Status: 200, Duration: 246ms","timestamp":"2024-04-10T11:31:04.178Z"}
{"level":"info","message":"Method: POST, URL: /comments/22/report, Status: 409, Duration: 23ms","timestamp":"2024-04-10T11:31:09.358Z"}
