{"level":"info","message":"Method: POST, URL: /1/comments/1/replies, Status: 201, Duration: 191ms","timestamp":"2024-04-01T15:00:50.402Z"}
{"level":"info","message":"Method: POST, URL: /1/comments/1/replies, Status: 201, Duration: 115ms","timestamp":"2024-04-01T15:03:49.976Z"}
{"level":"info","message":"Method: POST, URL: /1/comments/1/replies, Status: 201, Duration: 57ms","timestamp":"2024-04-01T15:03:51.437Z"}
{"level":"info","message":"Method: POST, URL: /, Status: 201, Duration: 247ms","timestamp":"2024-04-01T15:04:53.339Z"}
{"level":"info","message":"Method: POST, URL: /worries/4/comments, Status: 201, Duration: 116ms","timestamp":"2024-04-01T15:05:14.348Z"}
{"level":"info","message":"Method: POST, URL: /4/comments/20/replies, Status: 201, Duration: 59ms","timestamp":"2024-04-01T15:05:59.666Z"}
{"level":"info","message":"Method: POST, URL: /4/comments/21/replies, Status: 201, Duration: 57ms","timestamp":"2024-04-01T15:06:55.575Z"}
{"level":"info","message":"Method: POST, URL: /4/comments/22/replies, Status: 400, Duration: 32ms","timestamp":"2024-04-01T15:07:20.424Z"}
{"level":"info","message":"Method: POST, URL: /4/comments/22/replies, Status: 400, Duration: 10ms","timestamp":"2024-04-01T15:07:25.699Z"}
{"level":"info","message":"Method: POST, URL: /4/comments/22/replies, Status: 400, Duration: 21ms","timestamp":"2024-04-01T15:07:52.827Z"}
{"level":"info","message":"Method: POST, URL: /4/comments/22/replies, Status: 400, Duration: 27ms","timestamp":"2024-04-01T15:08:28.834Z"}
{"level":"info","message":"Method: POST, URL: /4/comments/22/replies, Status: 400, Duration: 85ms","timestamp":"2024-04-01T15:08:49.948Z"}
{"level":"info","message":"Method: POST, URL: /4/comments/22/replies, Status: 400, Duration: 90ms","timestamp":"2024-04-01T15:08:54.660Z"}
{"level":"info","message":"Method: POST, URL: /4/comments/22/replies, Status: 400, Duration: 103ms","timestamp":"2024-04-01T15:11:47.399Z"}
{"level":"info","message":"Method: POST, URL: /, Status: 201, Duration: 251ms","timestamp":"2024-04-01T15:11:55.880Z"}
{"level":"info","message":"Method: POST, URL: /worries/5/comments, Status: 201, Duration: 130ms","timestamp":"2024-04-01T15:12:20.810Z"}
{"level":"info","message":"Method: POST, URL: /5/comments/23/replies, Status: 400, Duration: 30ms","timestamp":"2024-04-01T15:12:51.396Z"}
{"level":"info","message":"Method: POST, URL: /5/comments/23/replies, Status: 201, Duration: 69ms","timestamp":"2024-04-01T15:12:58.400Z"}
{"level":"info","message":"Method: POST, URL: /5/comments/24/replies, Status: 400, Duration: 28ms","timestamp":"2024-04-01T15:13:40.512Z"}
{"level":"info","message":"Method: POST, URL: /5/comments/24/replies, Status: 201, Duration: 49ms","timestamp":"2024-04-01T15:13:48.903Z"}
{"level":"info","message":"Method: POST, URL: /5/comments/24/replies, Status: 201, Duration: 68ms","timestamp":"2024-04-01T15:14:03.007Z"}
{"level":"info","message":"Method: POST, URL: /5/comments/24/replies, Status: 400, Duration: 126ms","timestamp":"2024-04-01T15:17:18.456Z"}
{"level":"info","message":"Method: POST, URL: /, Status: 400, Duration: 36ms","timestamp":"2024-04-01T15:17:34.609Z"}
{"level":"info","message":"Method: POST, URL: /, Status: 201, Duration: 247ms","timestamp":"2024-04-01T15:17:42.073Z"}
{"level":"info","message":"Method: POST, URL: /worries/6/comments, Status: 400, Duration: 30ms","timestamp":"2024-04-01T15:18:32.666Z"}
{"level":"info","message":"Method: POST, URL: /worries/6/comments, Status: 201, Duration: 75ms","timestamp":"2024-04-01T15:18:40.134Z"}
{"level":"info","message":"Method: POST, URL: /6/comments/27/replies, Status: 400, Duration: 37ms","timestamp":"2024-04-01T15:19:09.460Z"}
{"level":"info","message":"Method: POST, URL: /6/comments/27/replies, Status: 201, Duration: 76ms","timestamp":"2024-04-01T15:19:19.317Z"}
{"level":"info","message":"Method: POST, URL: /6/comments/27/replies, Status: 400, Duration: 38ms","timestamp":"2024-04-01T15:19:28.679Z"}
{"level":"info","message":"Method: POST, URL: /6/comments/28/replies, Status: 400, Duration: 37ms","timestamp":"2024-04-01T15:19:49.136Z"}
{"level":"info","message":"Method: POST, URL: /6/comments/28/replies, Status: 201, Duration: 72ms","timestamp":"2024-04-01T15:19:54.815Z"}
{"level":"info","message":"Method: POST, URL: /6/comments/28/replies, Status: 400, Duration: 32ms","timestamp":"2024-04-01T15:20:02.951Z"}
{"level":"info","message":"Method: GET, URL: /, Status: 200, Duration: 129ms","timestamp":"2024-04-01T15:24:57.673Z"}
{"level":"info","message":"Method: GET, URL: /comments, Status: 200, Duration: 156ms","timestamp":"2024-04-01T16:04:41.986Z"}
{"level":"info","message":"Method: GET, URL: /comments, Status: 200, Duration: 142ms","timestamp":"2024-04-01T16:22:05.580Z"}
{"level":"info","message":"Method: GET, URL: /comments, Status: 200, Duration: 39ms","timestamp":"2024-04-01T16:23:05.132Z"}
{"level":"info","message":"Method: POST, URL: /, Status: 201, Duration: 250ms","timestamp":"2024-04-01T16:23:28.638Z"}
{"level":"info","message":"Method: POST, URL: /, Status: 400, Duration: 18ms","timestamp":"2024-04-01T16:23:33.582Z"}
{"level":"info","message":"Method: POST, URL: /, Status: 400, Duration: 16ms","timestamp":"2024-04-01T16:23:38.685Z"}
{"level":"info","message":"Method: POST, URL: /, Status: 400, Duration: 13ms","timestamp":"2024-04-01T16:23:42.390Z"}
{"level":"info","message":"Method: POST, URL: /, Status: 400, Duration: 24ms","timestamp":"2024-04-01T16:23:45.837Z"}
{"level":"info","message":"Method: POST, URL: /, Status: 400, Duration: 15ms","timestamp":"2024-04-01T16:23:51.812Z"}
{"level":"info","message":"Method: POST, URL: /, Status: 400, Duration: 13ms","timestamp":"2024-04-01T16:23:56.267Z"}
{"level":"info","message":"Method: POST, URL: /sign-up, Status: 201, Duration: 58ms","timestamp":"2024-04-01T16:24:22.543Z"}
{"level":"info","message":"Method: POST, URL: /, Status: 201, Duration: 140ms","timestamp":"2024-04-01T16:24:32.640Z"}
{"level":"info","message":"Method: POST, URL: /worries/8/comments, Status: 201, Duration: 573ms","timestamp":"2024-04-01T16:25:03.420Z"}
{"level":"info","message":"Method: POST, URL: /8/comments/30/replies, Status: 201, Duration: 109ms","timestamp":"2024-04-01T16:25:30.450Z"}
{"level":"info","message":"Method: POST, URL: /8/comments/31/replies, Status: 201, Duration: 107ms","timestamp":"2024-04-01T16:25:42.490Z"}
{"level":"info","message":"Method: GET, URL: /comments, Status: 200, Duration: 20ms","timestamp":"2024-04-01T16:25:53.252Z"}
{"level":"info","message":"Method: GET, URL: /comments, Status: 200, Duration: 21ms","timestamp":"2024-04-01T16:26:05.801Z"}
{"level":"info","message":"Method: GET, URL: /comments, Status: 200, Duration: 19ms","timestamp":"2024-04-01T16:29:21.850Z"}
{"level":"info","message":"Method: GET, URL: /comments, Status: 400, Duration: 12ms","timestamp":"2024-04-01T16:31:46.448Z"}
{"level":"error","message":"Error Status: undefined, Message: Failed to fetch latest comments by user ID: CommentRepository.getLatestCommentsForUserWorries is not a function","timestamp":"2024-04-01T16:31:46.450Z"}
{"level":"info","message":"Method: GET, URL: /comments, Status: 400, Duration: 1ms","timestamp":"2024-04-01T16:31:48.002Z"}
{"level":"error","message":"Error Status: undefined, Message: Failed to fetch latest comments by user ID: CommentRepository.getLatestCommentsForUserWorries is not a function","timestamp":"2024-04-01T16:31:48.003Z"}
{"level":"info","message":"Method: GET, URL: /comments, Status: 200, Duration: 90ms","timestamp":"2024-04-01T16:32:51.792Z"}
{"level":"info","message":"Method: GET, URL: /comments, Status: 200, Duration: 20ms","timestamp":"2024-04-01T16:32:52.943Z"}
{"level":"info","message":"Method: GET, URL: /comments, Status: 400, Duration: 11ms","timestamp":"2024-04-01T16:37:55.656Z"}
{"level":"error","message":"Error Status: undefined, Message: Failed to fetch latest comments by user ID: CommentRepository.getLatestCommentsForUserWorries is not a function","timestamp":"2024-04-01T16:37:55.658Z"}
{"level":"info","message":"Method: GET, URL: /comments, Status: 400, Duration: 1ms","timestamp":"2024-04-01T16:37:56.938Z"}
{"level":"error","message":"Error Status: undefined, Message: Failed to fetch latest comments by user ID: CommentRepository.getLatestCommentsForUserWorries is not a function","timestamp":"2024-04-01T16:37:56.939Z"}
{"level":"info","message":"Method: GET, URL: /comments, Status: 400, Duration: 12ms","timestamp":"2024-04-01T16:38:43.037Z"}
{"level":"error","message":"Error Status: undefined, Message: CommentService.getLatestCommentsForUser is not a function","timestamp":"2024-04-01T16:38:43.039Z"}
{"level":"info","message":"Method: GET, URL: /comments, Status: 400, Duration: 2ms","timestamp":"2024-04-01T16:38:44.446Z"}
{"level":"error","message":"Error Status: undefined, Message: CommentService.getLatestCommentsForUser is not a function","timestamp":"2024-04-01T16:38:44.446Z"}
{"level":"info","message":"Method: GET, URL: /comments, Status: 200, Duration: 141ms","timestamp":"2024-04-01T16:39:47.313Z"}
{"level":"info","message":"Method: GET, URL: /comments, Status: 400, Duration: 11ms","timestamp":"2024-04-01T16:45:40.565Z"}
{"level":"error","message":"Error Status: undefined, Message: Failed to fetch latest comments by user ID: CommentRepository.getLatestCommentsForUser is not a function","timestamp":"2024-04-01T16:45:40.566Z"}
{"level":"info","message":"Method: GET, URL: /comments, Status: 400, Duration: 2ms","timestamp":"2024-04-01T16:45:43.360Z"}
{"level":"error","message":"Error Status: undefined, Message: Failed to fetch latest comments by user ID: CommentRepository.getLatestCommentsForUser is not a function","timestamp":"2024-04-01T16:45:43.361Z"}
{"level":"info","message":"Method: GET, URL: /comments, Status: 400, Duration: 12ms","timestamp":"2024-04-01T16:46:04.499Z"}
{"level":"error","message":"Error Status: undefined, Message: Failed to fetch latest comments by user ID: Cannot read properties of undefined (reading 'findMany')","timestamp":"2024-04-01T16:46:04.500Z"}
{"level":"info","message":"Method: GET, URL: /comments, Status: 400, Duration: 2ms","timestamp":"2024-04-01T16:46:08.258Z"}
{"level":"error","message":"Error Status: undefined, Message: Failed to fetch latest comments by user ID: Cannot read properties of undefined (reading 'findMany')","timestamp":"2024-04-01T16:46:08.259Z"}
{"level":"info","message":"Method: GET, URL: /comments, Status: 400, Duration: 12ms","timestamp":"2024-04-01T16:47:25.333Z"}
{"level":"error","message":"Error Status: undefined, Message: CommentService.getLatestRepliesToUserWorries is not a function","timestamp":"2024-04-01T16:47:25.336Z"}
{"level":"info","message":"Method: GET, URL: /comments, Status: 200, Duration: 78ms","timestamp":"2024-04-01T16:48:00.947Z"}
{"level":"info","message":"Method: GET, URL: /comments, Status: 200, Duration: 88ms","timestamp":"2024-04-01T16:53:35.234Z"}
{"level":"info","message":"Method: GET, URL: /comments, Status: 200, Duration: 11ms","timestamp":"2024-04-01T16:53:36.231Z"}
{"level":"info","message":"Method: GET, URL: /comments, Status: 200, Duration: 79ms","timestamp":"2024-04-01T16:54:01.757Z"}
{"level":"info","message":"Method: GET, URL: /comments, Status: 200, Duration: 96ms","timestamp":"2024-04-01T16:55:19.467Z"}
{"level":"info","message":"Method: GET, URL: /comments, Status: 200, Duration: 12ms","timestamp":"2024-04-01T16:55:22.203Z"}
{"level":"info","message":"Method: GET, URL: /comments, Status: 200, Duration: 79ms","timestamp":"2024-04-01T16:58:11.768Z"}
{"level":"info","message":"Method: GET, URL: /comments, Status: 200, Duration: 9ms","timestamp":"2024-04-01T16:58:13.570Z"}
{"level":"info","message":"Method: GET, URL: /comments, Status: 200, Duration: 88ms","timestamp":"2024-04-01T17:06:21.993Z"}
{"level":"info","message":"Method: GET, URL: /comments, Status: 200, Duration: 10ms","timestamp":"2024-04-01T17:06:23.159Z"}
{"level":"info","message":"Method: GET, URL: /comments, Status: 200, Duration: 68ms","timestamp":"2024-04-01T17:10:35.653Z"}
{"level":"info","message":"Method: GET, URL: /comments, Status: 200, Duration: 11ms","timestamp":"2024-04-01T17:10:36.524Z"}
{"level":"info","message":"Method: GET, URL: /comments, Status: 200, Duration: 127ms","timestamp":"2024-04-01T17:23:31.838Z"}
{"level":"info","message":"Method: GET, URL: /comments, Status: 200, Duration: 60ms","timestamp":"2024-04-01T17:24:15.022Z"}
{"level":"info","message":"Method: GET, URL: /comments, Status: 400, Duration: 11ms","timestamp":"2024-04-01T17:29:08.385Z"}
{"level":"error","message":"Error Status: undefined, Message: CommentService.getLatestRepliesFromOthers is not a function","timestamp":"2024-04-01T17:29:08.387Z"}
{"level":"info","message":"Method: GET, URL: /comments, Status: 400, Duration: 1ms","timestamp":"2024-04-01T17:29:09.560Z"}
{"level":"error","message":"Error Status: undefined, Message: CommentService.getLatestRepliesFromOthers is not a function","timestamp":"2024-04-01T17:29:09.561Z"}
{"level":"info","message":"Method: GET, URL: /comments, Status: 400, Duration: 18ms","timestamp":"2024-04-01T17:29:27.670Z"}
{"level":"error","message":"Error Status: undefined, Message: getLatestCommentsForUserWorries is not defined","timestamp":"2024-04-01T17:29:27.672Z"}
{"level":"info","message":"Method: GET, URL: /comments, Status: 400, Duration: 2ms","timestamp":"2024-04-01T17:29:28.607Z"}
{"level":"error","message":"Error Status: undefined, Message: getLatestCommentsForUserWorries is not defined","timestamp":"2024-04-01T17:29:28.608Z"}
{"level":"info","message":"Method: GET, URL: /comments, Status: 400, Duration: 1ms","timestamp":"2024-04-01T17:29:33.867Z"}
{"level":"error","message":"Error Status: undefined, Message: getLatestCommentsForUserWorries is not defined","timestamp":"2024-04-01T17:29:33.867Z"}
{"level":"info","message":"Method: GET, URL: /comments, Status: 400, Duration: 11ms","timestamp":"2024-04-01T17:30:41.080Z"}
{"level":"error","message":"Error Status: undefined, Message: getLatestCommentsForUserWorries is not defined","timestamp":"2024-04-01T17:30:41.082Z"}
{"level":"info","message":"Method: GET, URL: /comments, Status: 400, Duration: 11ms","timestamp":"2024-04-01T17:30:47.587Z"}
{"level":"error","message":"Error Status: undefined, Message: getLatestCommentsForUserWorries is not defined","timestamp":"2024-04-01T17:30:47.588Z"}
{"level":"info","message":"Method: GET, URL: /comments, Status: 400, Duration: 13ms","timestamp":"2024-04-01T17:30:53.756Z"}
{"level":"error","message":"Error Status: undefined, Message: Failed to fetch comments: CommentRepository.getLatestRepliesForUser is not a function","timestamp":"2024-04-01T17:30:53.758Z"}
{"level":"info","message":"Method: GET, URL: /comments, Status: 200, Duration: 110ms","timestamp":"2024-04-01T17:31:00.553Z"}
{"level":"info","message":"Method: GET, URL: /comments, Status: 200, Duration: 55ms","timestamp":"2024-04-01T17:31:02.244Z"}
{"level":"info","message":"Method: GET, URL: /comments, Status: 200, Duration: 110ms","timestamp":"2024-04-01T17:35:00.441Z"}
{"level":"info","message":"Method: GET, URL: /comments, Status: 200, Duration: 19ms","timestamp":"2024-04-01T17:35:01.826Z"}
{"level":"info","message":"Method: GET, URL: /comments, Status: 200, Duration: 19ms","timestamp":"2024-04-01T17:36:22.868Z"}
{"level":"info","message":"Method: GET, URL: /comments, Status: 200, Duration: 12ms","timestamp":"2024-04-01T17:36:24.680Z"}
{"level":"info","message":"Method: GET, URL: /comments, Status: 200, Duration: 266ms","timestamp":"2024-04-02T01:40:19.363Z"}
{"level":"info","message":"Method: GET, URL: /comments, Status: 200, Duration: 35ms","timestamp":"2024-04-02T01:40:24.104Z"}
{"level":"info","message":"Method: GET, URL: /, Status: 200, Duration: 62ms","timestamp":"2024-04-02T01:48:22.133Z"}
{"level":"info","message":"Method: DELETE, URL: /, Status: 200, Duration: 30ms","timestamp":"2024-04-02T01:49:30.436Z"}
{"level":"info","message":"Method: GET, URL: /comments/6, Status: 200, Duration: 120ms","timestamp":"2024-04-02T04:21:24.818Z"}
{"level":"info","message":"Method: GET, URL: /comments/3, Status: 200, Duration: 31ms","timestamp":"2024-04-02T04:25:46.501Z"}
{"level":"info","message":"Method: GET, URL: /mySolvedWorry/1, Status: 200, Duration: 53ms","timestamp":"2024-04-02T04:26:31.575Z"}
{"level":"error","message":"Error Status: 404, Message: 해당하는 답변의 고민 게시글이 존재하지 않습니다.","timestamp":"2024-04-02T04:38:13.095Z"}
{"level":"info","message":"Method: GET, URL: /mySolvedWorry/1, Status: 404, Duration: 75ms","timestamp":"2024-04-02T04:38:13.099Z"}
{"level":"error","message":"Error Status: 404, Message: 해당하는 답변의 고민 게시글이 존재하지 않습니다.","timestamp":"2024-04-02T04:38:15.198Z"}
{"level":"info","message":"Method: GET, URL: /mySolvedWorry/1, Status: 404, Duration: 22ms","timestamp":"2024-04-02T04:38:15.199Z"}
{"level":"info","message":"Method: GET, URL: /mySolvedWorry/1, Status: 200, Duration: 109ms","timestamp":"2024-04-02T04:38:30.180Z"}
{"level":"info","message":"Method: POST, URL: /, Status: 201, Duration: 390ms","timestamp":"2024-04-02T04:41:03.911Z"}
{"level":"info","message":"Method: POST, URL: /worries/9/comments, Status: 201, Duration: 95ms","timestamp":"2024-04-02T04:41:34.040Z"}
{"level":"info","message":"Method: POST, URL: /9/comments/33/replies, Status: 201, Duration: 108ms","timestamp":"2024-04-02T04:42:27.981Z"}
{"level":"info","message":"Method: POST, URL: /9/comments/34/replies, Status: 201, Duration: 69ms","timestamp":"2024-04-02T04:43:07.146Z"}
{"level":"info","message":"Method: GET, URL: /mySolvedWorry?page=1&limit=10, Status: 200, Duration: 62ms","timestamp":"2024-04-02T04:43:38.432Z"}
{"level":"info","message":"Method: GET, URL: /myHelpedSolvedWorry, Status: 200, Duration: 26ms","timestamp":"2024-04-02T04:43:56.852Z"}
{"level":"info","message":"Method: GET, URL: /myHelpedSolvedWorry, Status: 200, Duration: 11ms","timestamp":"2024-04-02T04:44:00.324Z"}
{"level":"info","message":"Method: GET, URL: /myHelpedSolvedWorry, Status: 200, Duration: 9ms","timestamp":"2024-04-02T04:44:04.517Z"}
{"level":"info","message":"Method: POST, URL: /worries/9/comments/35/sendLike, Status: 201, Duration: 247ms","timestamp":"2024-04-02T04:44:24.791Z"}
{"level":"info","message":"Method: GET, URL: /mySolvedWorry?page=1&limit=10, Status: 200, Duration: 83ms","timestamp":"2024-04-02T04:44:48.029Z"}
{"level":"info","message":"Method: GET, URL: /mySolvedWorry/9, Status: 200, Duration: 62ms","timestamp":"2024-04-02T04:45:22.702Z"}
{"level":"info","message":"Method: GET, URL: /mySolvedWorry/9, Status: 200, Duration: 165ms","timestamp":"2024-04-02T04:53:49.779Z"}
{"level":"info","message":"Method: GET, URL: /mySolvedWorry/9, Status: 200, Duration: 194ms","timestamp":"2024-04-02T04:54:51.840Z"}
{"level":"info","message":"Method: GET, URL: /myHelpedSolvedWorry/9, Status: 200, Duration: 119ms","timestamp":"2024-04-02T05:33:53.646Z"}
{"level":"info","message":"Method: GET, URL: /mySolvedWorry/9, Status: 200, Duration: 109ms","timestamp":"2024-04-02T05:34:44.695Z"}
{"level":"info","message":"Method: GET, URL: /mySolvedWorry/9, Status: 200, Duration: 110ms","timestamp":"2024-04-02T05:34:56.205Z"}
{"level":"info","message":"Method: POST, URL: /, Status: 400, Duration: 45ms","timestamp":"2024-04-02T05:35:18.665Z"}
{"level":"info","message":"Method: POST, URL: /, Status: 400, Duration: 12ms","timestamp":"2024-04-02T05:35:32.263Z"}
{"level":"info","message":"Method: POST, URL: /, Status: 400, Duration: 18ms","timestamp":"2024-04-02T05:35:36.749Z"}
{"level":"info","message":"Method: POST, URL: /sign-up, Status: 201, Duration: 55ms","timestamp":"2024-04-02T05:35:41.266Z"}
{"level":"info","message":"Method: POST, URL: /sign-up, Status: 201, Duration: 35ms","timestamp":"2024-04-02T05:35:42.276Z"}
{"level":"info","message":"Method: POST, URL: /, Status: 201, Duration: 202ms","timestamp":"2024-04-02T05:35:49.679Z"}
{"level":"info","message":"Method: POST, URL: /worries/10/comments, Status: 201, Duration: 102ms","timestamp":"2024-04-02T05:36:20.880Z"}
{"level":"info","message":"Method: POST, URL: /10/comments/36/replies, Status: 201, Duration: 214ms","timestamp":"2024-04-02T05:37:00.334Z"}
{"level":"info","message":"Method: POST, URL: /10/comments/37/replies, Status: 400, Duration: 36ms","timestamp":"2024-04-02T05:37:32.008Z"}
{"level":"info","message":"Method: POST, URL: /10/comments/37/replies, Status: 201, Duration: 75ms","timestamp":"2024-04-02T05:37:38.033Z"}
{"level":"info","message":"Method: POST, URL: /10/comments/38/replies, Status: 201, Duration: 80ms","timestamp":"2024-04-02T05:37:56.745Z"}
{"level":"info","message":"Method: POST, URL: /10/comments/38/replies, Status: 201, Duration: 63ms","timestamp":"2024-04-02T05:38:28.847Z"}
{"level":"info","message":"Method: POST, URL: /worries/10/comments/40/sendLike, Status: 201, Duration: 465ms","timestamp":"2024-04-02T05:38:49.558Z"}
{"level":"info","message":"Method: GET, URL: /myHelpedSolvedWorry/10, Status: 200, Duration: 55ms","timestamp":"2024-04-02T05:39:10.387Z"}
{"level":"info","message":"Method: GET, URL: /mySolvedWorry/10, Status: 200, Duration: 558ms","timestamp":"2024-04-02T05:40:00.355Z"}
{"level":"info","message":"Method: GET, URL: /mySolvedWorry/10, Status: 200, Duration: 218ms","timestamp":"2024-04-02T05:57:56.832Z"}
{"level":"info","message":"Method: GET, URL: /mySolvedWorry/10, Status: 400, Duration: 3ms","timestamp":"2024-04-02T05:59:26.034Z"}
{"level":"error","message":"Error Status: 404, Message: 해당하는 답변의 고민 게시글이 존재하지 않습니다.","timestamp":"2024-04-02T05:59:44.220Z"}
{"level":"info","message":"Method: GET, URL: /mySolvedWorry/10, Status: 404, Duration: 83ms","timestamp":"2024-04-02T05:59:44.221Z"}
{"level":"error","message":"Error Status: undefined, Message: \nInvalid `prisma.worries.findUnique()` invocation:\n\n{\n  where: {\n    userId: undefined,\n    isSolved: true,\n+   worryId: Int\n  },\n  select: {\n    worryId: true,\n    content: true,\n    createdAt: true,\n    icon: true,\n    userId: true,\n    comments: {\n      where: {\n        parentId: null\n      },\n      select: {\n        commentId: true,\n        content: true,\n        createdAt: true,\n        updatedAt: true,\n        userId: true\n      },\n      orderBy: {\n        createdAt: \"asc\"\n      }\n    }\n  }\n}\n\nArgument `worryId` is missing.","timestamp":"2024-04-02T05:59:58.855Z"}
{"level":"info","message":"Method: GET, URL: /mySolvedWorry/10, Status: 500, Duration: 25ms","timestamp":"2024-04-02T05:59:58.856Z"}
{"level":"error","message":"Error Status: undefined, Message: \nInvalid `prisma.worries.findUnique()` invocation:\n\n{\n  where: {\n    isSolved: true,\n+   worryId: Int\n  },\n  select: {\n    worryId: true,\n    content: true,\n    createdAt: true,\n    icon: true,\n    userId: true,\n    comments: {\n      where: {\n        parentId: null\n      },\n      select: {\n        commentId: true,\n        content: true,\n        createdAt: true,\n        updatedAt: true,\n        userId: true\n      },\n      orderBy: {\n        createdAt: \"asc\"\n      }\n    }\n  }\n}\n\nArgument `worryId` is missing.","timestamp":"2024-04-02T06:00:38.837Z"}
{"level":"info","message":"Method: GET, URL: /mySolvedWorry/10, Status: 500, Duration: 118ms","timestamp":"2024-04-02T06:00:38.846Z"}
{"level":"info","message":"Method: GET, URL: /mySolvedWorry/10, Status: 200, Duration: 136ms","timestamp":"2024-04-02T06:00:42.829Z"}
{"level":"info","message":"Method: GET, URL: /mySolvedWorry/10, Status: 200, Duration: 119ms","timestamp":"2024-04-02T06:00:44.615Z"}
{"level":"info","message":"Method: GET, URL: /mySolvedWorry/10, Status: 200, Duration: 117ms","timestamp":"2024-04-02T06:02:15.550Z"}
{"level":"info","message":"Method: GET, URL: /mySolvedWorry/10, Status: 200, Duration: 29ms","timestamp":"2024-04-02T06:02:30.264Z"}
{"level":"info","message":"Method: GET, URL: /mySolvedWorry/10, Status: 200, Duration: 195ms","timestamp":"2024-04-02T06:03:37.706Z"}
{"level":"info","message":"Method: GET, URL: /mySolvedWorry/10, Status: 400, Duration: 3ms","timestamp":"2024-04-02T06:04:42.157Z"}
{"level":"error","message":"Error Status: 404, Message: 해당하는 답변의 고민 게시글이 존재하지 않습니다.","timestamp":"2024-04-02T06:04:49.793Z"}
{"level":"info","message":"Method: GET, URL: /mySolvedWorry/10, Status: 404, Duration: 100ms","timestamp":"2024-04-02T06:04:49.795Z"}
{"level":"error","message":"Error Status: undefined, Message: \nInvalid `prisma.worries.findUnique()` invocation:\n\n{\n  where: {\n    userId: undefined,\n    isSolved: true,\n+   worryId: Int\n  },\n  select: {\n    worryId: true,\n    content: true,\n    createdAt: true,\n    icon: true,\n    userId: true,\n    comments: {\n      where: {\n        parentId: null\n      },\n      select: {\n        commentId: true,\n        content: true,\n        createdAt: true,\n        updatedAt: true,\n        userId: true\n      },\n      orderBy: {\n        createdAt: \"asc\"\n      }\n    }\n  }\n}\n\nArgument `worryId` is missing.","timestamp":"2024-04-02T06:05:02.599Z"}
{"level":"info","message":"Method: GET, URL: /mySolvedWorry/10, Status: 500, Duration: 8ms","timestamp":"2024-04-02T06:05:02.600Z"}
{"level":"error","message":"Error Status: 404, Message: 해당하는 답변의 고민 게시글이 존재하지 않습니다.","timestamp":"2024-04-02T06:05:08.381Z"}
{"level":"info","message":"Method: GET, URL: /mySolvedWorry/10, Status: 404, Duration: 22ms","timestamp":"2024-04-02T06:05:08.383Z"}
{"level":"error","message":"Error Status: 404, Message: 해당하는 답변의 고민 게시글이 존재하지 않습니다.","timestamp":"2024-04-02T06:06:22.051Z"}
{"level":"info","message":"Method: GET, URL: /mySolvedWorry/10, Status: 404, Duration: 22ms","timestamp":"2024-04-02T06:06:22.053Z"}
{"level":"info","message":"Method: GET, URL: /mySolvedWorry/10, Status: 200, Duration: 232ms","timestamp":"2024-04-02T06:08:13.729Z"}
{"level":"info","message":"Method: GET, URL: /mySolvedWorry/10, Status: 200, Duration: 101ms","timestamp":"2024-04-02T06:08:15.246Z"}
{"level":"info","message":"Method: GET, URL: /myHelpedSolvedWorry/10, Status: 400, Duration: 3ms","timestamp":"2024-04-02T06:18:16.848Z"}
{"level":"info","message":"Method: GET, URL: /myHelpedSolvedWorry/10, Status: 200, Duration: 239ms","timestamp":"2024-04-02T06:18:29.619Z"}
{"level":"info","message":"Method: GET, URL: /myHelpedSolvedWorry/10, Status: 200, Duration: 286ms","timestamp":"2024-04-02T06:34:51.654Z"}
{"level":"info","message":"Method: GET, URL: /mySolvedWorry/10, Status: 200, Duration: 105ms","timestamp":"2024-04-02T06:34:57.071Z"}
{"level":"info","message":"Method: GET, URL: /myHelpedSolvedWorry/10, Status: 200, Duration: 229ms","timestamp":"2024-04-02T06:35:46.519Z"}
{"level":"info","message":"Method: GET, URL: /myHelpedSolvedWorry/10, Status: 200, Duration: 98ms","timestamp":"2024-04-02T06:35:47.596Z"}
{"level":"info","message":"Method: GET, URL: /myHelpedSolvedWorry/10, Status: 200, Duration: 233ms","timestamp":"2024-04-02T06:36:02.223Z"}
