{"level":"info","message":"Method: GET, URL: /index.html, Status: 304, Duration: 6ms","timestamp":"2024-04-05T15:04:08.915Z"}
{"level":"info","message":"Method: GET, URL: /chat.js, Status: 304, Duration: 3ms","timestamp":"2024-04-05T15:04:08.969Z"}
{"level":"info","message":"Method: GET, URL: /index.html, Status: 304, Duration: 3ms","timestamp":"2024-04-05T15:32:26.226Z"}
{"level":"info","message":"Method: GET, URL: /chat.js, Status: 304, Duration: 2ms","timestamp":"2024-04-05T15:32:26.275Z"}
{"level":"info","message":"Method: GET, URL: /index.html, Status: 304, Duration: 6ms","timestamp":"2024-04-05T15:33:20.853Z"}
{"level":"info","message":"Method: GET, URL: /chat.js, Status: 304, Duration: 2ms","timestamp":"2024-04-05T15:33:20.879Z"}
{"level":"info","message":"Method: GET, URL: /index.html, Status: 304, Duration: 1ms","timestamp":"2024-04-05T15:34:01.417Z"}
{"level":"info","message":"Method: GET, URL: /chat.js, Status: 304, Duration: 1ms","timestamp":"2024-04-05T15:34:01.446Z"}
{"level":"info","message":"Method: GET, URL: /index.html, Status: 304, Duration: 4ms","timestamp":"2024-04-05T15:36:39.800Z"}
{"level":"info","message":"Method: GET, URL: /chat.js, Status: 200, Duration: 7ms","timestamp":"2024-04-05T15:36:39.837Z"}
{"level":"info","message":"Method: GET, URL: /index.html, Status: 200, Duration: 5ms","timestamp":"2024-04-05T15:40:05.822Z"}
{"level":"info","message":"Method: GET, URL: /chat.js, Status: 304, Duration: 3ms","timestamp":"2024-04-05T15:40:05.854Z"}
{"level":"info","message":"Method: GET, URL: /index.html, Status: 304, Duration: 4ms","timestamp":"2024-04-05T15:45:58.294Z"}
{"level":"info","message":"Method: GET, URL: /chat.js, Status: 304, Duration: 3ms","timestamp":"2024-04-05T15:45:58.321Z"}
{"level":"info","message":"Method: GET, URL: /index.html, Status: 200, Duration: 7ms","timestamp":"2024-04-05T15:52:45.855Z"}
{"level":"info","message":"Method: GET, URL: /chat.js, Status: 200, Duration: 5ms","timestamp":"2024-04-05T15:52:45.889Z"}
{"level":"info","message":"Method: GET, URL: /index.html, Status: 304, Duration: 4ms","timestamp":"2024-04-05T16:01:46.453Z"}
{"level":"info","message":"Method: GET, URL: /chat.js, Status: 200, Duration: 8ms","timestamp":"2024-04-05T16:01:46.512Z"}
{"level":"info","message":"Method: GET, URL: /index.html, Status: 304, Duration: 3ms","timestamp":"2024-04-05T16:04:58.724Z"}
{"level":"info","message":"Method: GET, URL: /chat.js, Status: 200, Duration: 6ms","timestamp":"2024-04-05T16:04:58.752Z"}
{"level":"info","message":"Method: GET, URL: /index.html, Status: 304, Duration: 4ms","timestamp":"2024-04-05T16:15:20.832Z"}
{"level":"info","message":"Method: GET, URL: /chat.js, Status: 200, Duration: 7ms","timestamp":"2024-04-05T16:15:20.887Z"}
{"level":"info","message":"Method: GET, URL: /index.html, Status: 200, Duration: 8ms","timestamp":"2024-04-05T16:26:29.530Z"}
{"level":"info","message":"Method: GET, URL: /chat.js, Status: 304, Duration: 2ms","timestamp":"2024-04-05T16:26:29.560Z"}
{"level":"info","message":"Method: GET, URL: /index.html, Status: 304, Duration: 5ms","timestamp":"2024-04-05T16:30:47.652Z"}
{"level":"info","message":"Method: GET, URL: /chat.js, Status: 200, Duration: 7ms","timestamp":"2024-04-05T16:30:47.688Z"}
{"level":"info","message":"Method: GET, URL: /index.html, Status: 304, Duration: 3ms","timestamp":"2024-04-05T16:32:08.668Z"}
{"level":"info","message":"Method: GET, URL: /chat.js, Status: 200, Duration: 8ms","timestamp":"2024-04-05T16:32:08.704Z"}
{"level":"info","message":"Method: GET, URL: /index.html, Status: 304, Duration: 5ms","timestamp":"2024-04-05T16:32:57.639Z"}
{"level":"info","message":"Method: GET, URL: /chat.js, Status: 200, Duration: 6ms","timestamp":"2024-04-05T16:32:57.669Z"}
{"level":"info","message":"Method: GET, URL: /index.html, Status: 200, Duration: 9ms","timestamp":"2024-04-06T01:41:55.109Z"}
{"level":"info","message":"Method: GET, URL: /chat.js, Status: 200, Duration: 2ms","timestamp":"2024-04-06T01:41:55.192Z"}
{"level":"info","message":"Method: GET, URL: /favicon.ico, Status: 404, Duration: 2ms","timestamp":"2024-04-06T01:41:55.279Z"}
{"level":"info","message":"Method: GET, URL: /index.html, Status: 304, Duration: 3ms","timestamp":"2024-04-06T01:43:07.231Z"}
{"level":"info","message":"Method: GET, URL: /chat.js, Status: 200, Duration: 5ms","timestamp":"2024-04-06T01:43:07.254Z"}
{"level":"info","message":"Method: GET, URL: /index.html, Status: 304, Duration: 1ms","timestamp":"2024-04-06T01:43:15.485Z"}
{"level":"info","message":"Method: GET, URL: /chat.js, Status: 304, Duration: 1ms","timestamp":"2024-04-06T01:43:15.502Z"}
{"level":"info","message":"Method: GET, URL: /index.html, Status: 304, Duration: 3ms","timestamp":"2024-04-06T01:43:26.945Z"}
{"level":"info","message":"Method: GET, URL: /chat.js, Status: 200, Duration: 5ms","timestamp":"2024-04-06T01:43:26.967Z"}
{"level":"info","message":"Method: GET, URL: /index.html, Status: 304, Duration: 1ms","timestamp":"2024-04-06T01:43:28.067Z"}
{"level":"info","message":"Method: GET, URL: /chat.js, Status: 304, Duration: 2ms","timestamp":"2024-04-06T01:43:28.086Z"}
{"level":"info","message":"Method: GET, URL: /index.html, Status: 304, Duration: 3ms","timestamp":"2024-04-06T01:44:25.763Z"}
{"level":"info","message":"Method: GET, URL: /chat.js, Status: 200, Duration: 8ms","timestamp":"2024-04-06T01:44:25.793Z"}
{"level":"info","message":"Method: GET, URL: /index.html, Status: 304, Duration: 2ms","timestamp":"2024-04-06T01:44:26.643Z"}
{"level":"info","message":"Method: GET, URL: /chat.js, Status: 304, Duration: 1ms","timestamp":"2024-04-06T01:44:26.661Z"}
{"level":"info","message":"Method: GET, URL: /index.html, Status: 304, Duration: 1ms","timestamp":"2024-04-06T01:44:59.706Z"}
{"level":"info","message":"Method: GET, URL: /chat.js, Status: 304, Duration: 1ms","timestamp":"2024-04-06T01:44:59.726Z"}
{"level":"info","message":"Method: GET, URL: /index.html, Status: 304, Duration: 4ms","timestamp":"2024-04-06T01:53:10.290Z"}
{"level":"info","message":"Method: GET, URL: /chat.js, Status: 200, Duration: 5ms","timestamp":"2024-04-06T01:53:10.316Z"}
{"level":"info","message":"Method: GET, URL: /index.html, Status: 304, Duration: 1ms","timestamp":"2024-04-06T01:53:11.098Z"}
{"level":"info","message":"Method: GET, URL: /chat.js, Status: 304, Duration: 1ms","timestamp":"2024-04-06T01:53:11.120Z"}
{"level":"info","message":"Method: GET, URL: /index.html, Status: 304, Duration: 1ms","timestamp":"2024-04-06T01:53:12.502Z"}
{"level":"info","message":"Method: GET, URL: /chat.js, Status: 304, Duration: 1ms","timestamp":"2024-04-06T01:53:12.520Z"}
{"level":"info","message":"Method: GET, URL: /index.html, Status: 304, Duration: 1ms","timestamp":"2024-04-06T01:53:13.983Z"}
{"level":"info","message":"Method: GET, URL: /chat.js, Status: 304, Duration: 2ms","timestamp":"2024-04-06T01:53:14.010Z"}
{"level":"info","message":"Method: GET, URL: /index.html, Status: 304, Duration: 2ms","timestamp":"2024-04-06T01:53:15.262Z"}
{"level":"info","message":"Method: GET, URL: /chat.js, Status: 304, Duration: 2ms","timestamp":"2024-04-06T01:53:15.283Z"}
{"level":"info","message":"Method: GET, URL: /index.html, Status: 304, Duration: 4ms","timestamp":"2024-04-06T01:53:50.861Z"}
{"level":"info","message":"Method: GET, URL: /chat.js, Status: 200, Duration: 6ms","timestamp":"2024-04-06T01:53:50.974Z"}
{"level":"info","message":"Method: GET, URL: /index.html, Status: 200, Duration: 5ms","timestamp":"2024-04-06T01:56:00.144Z"}
{"level":"info","message":"Method: GET, URL: /chat.js, Status: 200, Duration: 2ms","timestamp":"2024-04-06T01:56:00.164Z"}
{"level":"info","message":"Method: GET, URL: /index.html, Status: 304, Duration: 1ms","timestamp":"2024-04-06T01:56:01.169Z"}
{"level":"info","message":"Method: GET, URL: /chat.js, Status: 304, Duration: 2ms","timestamp":"2024-04-06T01:56:01.189Z"}
{"level":"info","message":"Method: GET, URL: /index.html, Status: 304, Duration: 1ms","timestamp":"2024-04-06T01:56:01.755Z"}
{"level":"info","message":"Method: GET, URL: /chat.js, Status: 304, Duration: 0ms","timestamp":"2024-04-06T01:56:01.771Z"}
{"level":"info","message":"Method: GET, URL: /index.html, Status: 304, Duration: 1ms","timestamp":"2024-04-06T01:56:02.330Z"}
{"level":"info","message":"Method: GET, URL: /chat.js, Status: 304, Duration: 1ms","timestamp":"2024-04-06T01:56:02.344Z"}
{"level":"info","message":"Method: GET, URL: /index.html, Status: 200, Duration: 2ms","timestamp":"2024-04-06T01:56:31.633Z"}
{"level":"info","message":"Method: GET, URL: /chat.js, Status: 304, Duration: 1ms","timestamp":"2024-04-06T01:56:31.660Z"}
{"level":"info","message":"Method: GET, URL: /index.html, Status: 304, Duration: 1ms","timestamp":"2024-04-06T01:56:34.843Z"}
{"level":"info","message":"Method: GET, URL: /chat.js, Status: 304, Duration: 0ms","timestamp":"2024-04-06T01:56:34.861Z"}
{"level":"info","message":"Method: GET, URL: /index.html, Status: 304, Duration: 1ms","timestamp":"2024-04-06T01:56:35.280Z"}
{"level":"info","message":"Method: GET, URL: /chat.js, Status: 304, Duration: 1ms","timestamp":"2024-04-06T01:56:35.296Z"}
{"level":"info","message":"Method: GET, URL: /index.html, Status: 304, Duration: 1ms","timestamp":"2024-04-06T01:56:35.512Z"}
{"level":"info","message":"Method: GET, URL: /chat.js, Status: 304, Duration: 1ms","timestamp":"2024-04-06T01:56:35.528Z"}
{"level":"info","message":"Method: GET, URL: /index.html, Status: 304, Duration: 1ms","timestamp":"2024-04-06T01:56:35.961Z"}
{"level":"info","message":"Method: GET, URL: /chat.js, Status: 304, Duration: 0ms","timestamp":"2024-04-06T01:56:35.976Z"}
{"level":"info","message":"Method: GET, URL: /index.html, Status: 304, Duration: 0ms","timestamp":"2024-04-06T01:56:36.264Z"}
{"level":"info","message":"Method: GET, URL: /chat.js, Status: 304, Duration: 2ms","timestamp":"2024-04-06T01:56:36.281Z"}
{"level":"info","message":"Method: GET, URL: /index.html, Status: 304, Duration: 1ms","timestamp":"2024-04-06T01:56:46.107Z"}
{"level":"info","message":"Method: GET, URL: /chat.js, Status: 304, Duration: 1ms","timestamp":"2024-04-06T01:56:46.126Z"}
{"level":"info","message":"Method: GET, URL: /index.html, Status: 200, Duration: 2ms","timestamp":"2024-04-06T01:57:26.184Z"}
{"level":"info","message":"Method: GET, URL: /chat.js, Status: 304, Duration: 1ms","timestamp":"2024-04-06T01:57:26.203Z"}
{"level":"info","message":"Method: GET, URL: /index.html, Status: 304, Duration: 4ms","timestamp":"2024-04-06T01:58:17.027Z"}
{"level":"info","message":"Method: GET, URL: /chat.js, Status: 304, Duration: 2ms","timestamp":"2024-04-06T01:58:17.047Z"}
{"level":"info","message":"Method: GET, URL: /index.html, Status: 200, Duration: 7ms","timestamp":"2024-04-06T01:59:54.553Z"}
{"level":"info","message":"Method: GET, URL: /chat.js, Status: 304, Duration: 2ms","timestamp":"2024-04-06T01:59:54.578Z"}
{"level":"info","message":"Method: GET, URL: /index.html, Status: 304, Duration: 2ms","timestamp":"2024-04-06T01:59:57.254Z"}
{"level":"info","message":"Method: GET, URL: /chat.js, Status: 304, Duration: 1ms","timestamp":"2024-04-06T01:59:57.274Z"}
{"level":"info","message":"Method: GET, URL: /index.html, Status: 304, Duration: 0ms","timestamp":"2024-04-06T01:59:58.005Z"}
{"level":"info","message":"Method: GET, URL: /chat.js, Status: 304, Duration: 1ms","timestamp":"2024-04-06T01:59:58.022Z"}
{"level":"info","message":"Method: GET, URL: /index.html, Status: 304, Duration: 1ms","timestamp":"2024-04-06T01:59:58.725Z"}
{"level":"info","message":"Method: GET, URL: /chat.js, Status: 304, Duration: 3ms","timestamp":"2024-04-06T01:59:58.751Z"}
{"level":"info","message":"Method: GET, URL: /index.html, Status: 304, Duration: 2ms","timestamp":"2024-04-06T02:06:59.545Z"}
{"level":"info","message":"Method: GET, URL: /chat.js, Status: 304, Duration: 1ms","timestamp":"2024-04-06T02:06:59.569Z"}
{"level":"info","message":"Method: GET, URL: /index.html, Status: 304, Duration: 1ms","timestamp":"2024-04-06T02:07:00.570Z"}
{"level":"info","message":"Method: GET, URL: /chat.js, Status: 304, Duration: 1ms","timestamp":"2024-04-06T02:07:00.587Z"}
{"level":"info","message":"Method: GET, URL: /index.html, Status: 304, Duration: 1ms","timestamp":"2024-04-06T02:07:00.882Z"}
{"level":"info","message":"Method: GET, URL: /chat.js, Status: 304, Duration: 1ms","timestamp":"2024-04-06T02:07:00.900Z"}
{"level":"info","message":"Method: GET, URL: /index.html, Status: 304, Duration: 1ms","timestamp":"2024-04-06T02:07:01.125Z"}
{"level":"info","message":"Method: GET, URL: /chat.js, Status: 304, Duration: 2ms","timestamp":"2024-04-06T02:07:01.140Z"}
{"level":"info","message":"Method: GET, URL: /index.html, Status: 304, Duration: 1ms","timestamp":"2024-04-06T02:07:01.404Z"}
{"level":"info","message":"Method: GET, URL: /chat.js, Status: 304, Duration: 1ms","timestamp":"2024-04-06T02:07:01.418Z"}
{"level":"info","message":"Method: GET, URL: /index.html, Status: 304, Duration: 5ms","timestamp":"2024-04-06T02:07:10.066Z"}
{"level":"info","message":"Method: GET, URL: /chat.js, Status: 200, Duration: 4ms","timestamp":"2024-04-06T02:07:10.083Z"}
{"level":"info","message":"Method: GET, URL: /index.html, Status: 304, Duration: 1ms","timestamp":"2024-04-06T02:07:11.054Z"}
{"level":"info","message":"Method: GET, URL: /chat.js, Status: 304, Duration: 1ms","timestamp":"2024-04-06T02:07:11.070Z"}
{"level":"info","message":"Method: GET, URL: /index.html, Status: 304, Duration: 0ms","timestamp":"2024-04-06T02:07:11.934Z"}
{"level":"info","message":"Method: GET, URL: /chat.js, Status: 304, Duration: 1ms","timestamp":"2024-04-06T02:07:11.947Z"}
{"level":"info","message":"Method: GET, URL: /index.html, Status: 304, Duration: 1ms","timestamp":"2024-04-06T02:07:12.644Z"}
{"level":"info","message":"Method: GET, URL: /chat.js, Status: 304, Duration: 1ms","timestamp":"2024-04-06T02:07:12.658Z"}
{"level":"info","message":"Method: GET, URL: /index.html, Status: 304, Duration: 4ms","timestamp":"2024-04-06T02:08:06.387Z"}
{"level":"info","message":"Method: GET, URL: /chat.js, Status: 200, Duration: 6ms","timestamp":"2024-04-06T02:08:06.413Z"}
{"level":"info","message":"Method: GET, URL: /index.html, Status: 304, Duration: 4ms","timestamp":"2024-04-06T02:08:55.691Z"}
{"level":"info","message":"Method: GET, URL: /chat.js, Status: 200, Duration: 5ms","timestamp":"2024-04-06T02:08:55.711Z"}
{"level":"info","message":"Method: GET, URL: /index.html, Status: 304, Duration: 3ms","timestamp":"2024-04-06T02:10:32.355Z"}
{"level":"info","message":"Method: GET, URL: /chat.js, Status: 200, Duration: 5ms","timestamp":"2024-04-06T02:10:32.379Z"}
{"level":"info","message":"Method: GET, URL: /index.html, Status: 304, Duration: 4ms","timestamp":"2024-04-06T02:10:58.848Z"}
{"level":"info","message":"Method: GET, URL: /chat.js, Status: 304, Duration: 2ms","timestamp":"2024-04-06T02:10:58.875Z"}
{"level":"info","message":"Method: GET, URL: /index.html, Status: 304, Duration: 4ms","timestamp":"2024-04-06T02:11:43.911Z"}
{"level":"info","message":"Method: GET, URL: /chat.js, Status: 200, Duration: 6ms","timestamp":"2024-04-06T02:11:43.931Z"}
{"level":"info","message":"Method: GET, URL: /index.html, Status: 200, Duration: 2ms","timestamp":"2024-04-06T02:13:40.920Z"}
{"level":"info","message":"Method: GET, URL: /chat.js, Status: 304, Duration: 1ms","timestamp":"2024-04-06T02:13:40.951Z"}
{"level":"info","message":"Method: GET, URL: /index.html, Status: 304, Duration: 3ms","timestamp":"2024-04-06T02:14:59.878Z"}
{"level":"info","message":"Method: GET, URL: /chat.js, Status: 200, Duration: 5ms","timestamp":"2024-04-06T02:14:59.898Z"}
{"level":"info","message":"Method: GET, URL: /index.html, Status: 200, Duration: 4ms","timestamp":"2024-04-06T02:17:19.792Z"}
{"level":"info","message":"Method: GET, URL: /chat.js, Status: 304, Duration: 2ms","timestamp":"2024-04-06T02:17:19.812Z"}
{"level":"info","message":"Method: GET, URL: /index.html, Status: 200, Duration: 2ms","timestamp":"2024-04-06T02:17:46.443Z"}
{"level":"info","message":"Method: GET, URL: /chat.js, Status: 304, Duration: 2ms","timestamp":"2024-04-06T02:17:46.465Z"}
{"level":"info","message":"Method: GET, URL: /index.html, Status: 304, Duration: 4ms","timestamp":"2024-04-06T02:18:48.498Z"}
{"level":"info","message":"Method: GET, URL: /chat.js, Status: 304, Duration: 2ms","timestamp":"2024-04-06T02:18:48.516Z"}
{"level":"info","message":"Method: GET, URL: /, Status: 200, Duration: 5ms","timestamp":"2024-04-06T02:21:02.452Z"}
{"level":"info","message":"Method: GET, URL: /chat.js, Status: 200, Duration: 4ms","timestamp":"2024-04-06T02:21:02.565Z"}
{"level":"info","message":"Method: GET, URL: /, Status: 304, Duration: 2ms","timestamp":"2024-04-06T02:22:07.586Z"}
{"level":"info","message":"Method: GET, URL: /chat.js, Status: 200, Duration: 6ms","timestamp":"2024-04-06T02:22:07.612Z"}
{"level":"info","message":"Method: GET, URL: /index.html, Status: 200, Duration: 7ms","timestamp":"2024-04-06T02:51:53.589Z"}
{"level":"info","message":"Method: GET, URL: /css/style.css, Status: 200, Duration: 6ms","timestamp":"2024-04-06T02:51:53.631Z"}
{"level":"info","message":"Method: GET, URL: /chat.js, Status: 200, Duration: 4ms","timestamp":"2024-04-06T02:51:53.661Z"}
{"level":"info","message":"Method: GET, URL: /index.html, Status: 304, Duration: 7ms","timestamp":"2024-04-06T02:56:50.659Z"}
{"level":"info","message":"Method: GET, URL: /css/style.css, Status: 304, Duration: 3ms","timestamp":"2024-04-06T02:56:50.688Z"}
{"level":"info","message":"Method: GET, URL: /chat.js, Status: 200, Duration: 6ms","timestamp":"2024-04-06T02:56:50.711Z"}
{"level":"info","message":"Method: GET, URL: /index.html, Status: 200, Duration: 3ms","timestamp":"2024-04-06T02:58:17.659Z"}
{"level":"info","message":"Method: GET, URL: /css/style.css, Status: 304, Duration: 1ms","timestamp":"2024-04-06T02:58:17.679Z"}
{"level":"info","message":"Method: GET, URL: /chat.js, Status: 304, Duration: 2ms","timestamp":"2024-04-06T02:58:17.693Z"}
{"level":"info","message":"Method: GET, URL: /index.html, Status: 200, Duration: 1ms","timestamp":"2024-04-06T03:00:31.856Z"}
{"level":"info","message":"Method: GET, URL: /css/style.css, Status: 304, Duration: 1ms","timestamp":"2024-04-06T03:00:31.875Z"}
{"level":"info","message":"Method: GET, URL: /chat.js, Status: 304, Duration: 2ms","timestamp":"2024-04-06T03:00:31.883Z"}
{"level":"info","message":"Method: GET, URL: /, Status: 200, Duration: 3ms","timestamp":"2024-04-06T03:01:08.950Z"}
{"level":"info","message":"Method: GET, URL: /css/style.css, Status: 304, Duration: 2ms","timestamp":"2024-04-06T03:01:08.998Z"}
{"level":"info","message":"Method: GET, URL: /chat.js, Status: 200, Duration: 3ms","timestamp":"2024-04-06T03:01:09.011Z"}
{"level":"info","message":"Method: GET, URL: /, Status: 200, Duration: 6ms","timestamp":"2024-04-06T03:02:58.226Z"}
{"level":"info","message":"Method: GET, URL: /css/style.css, Status: 304, Duration: 3ms","timestamp":"2024-04-06T03:02:58.245Z"}
{"level":"info","message":"Method: GET, URL: /chat.js, Status: 200, Duration: 3ms","timestamp":"2024-04-06T03:02:58.248Z"}
{"level":"info","message":"Method: GET, URL: /index.html, Status: 200, Duration: 2ms","timestamp":"2024-04-06T03:03:31.390Z"}
{"level":"info","message":"Method: GET, URL: /css/style.css, Status: 304, Duration: 2ms","timestamp":"2024-04-06T03:03:31.408Z"}
{"level":"info","message":"Method: GET, URL: /chat.js, Status: 200, Duration: 3ms","timestamp":"2024-04-06T03:03:31.410Z"}
{"level":"info","message":"Method: GET, URL: /index.html, Status: 200, Duration: 18ms","timestamp":"2024-04-06T03:10:11.247Z"}
{"level":"info","message":"Method: GET, URL: /chat.js, Status: 200, Duration: 2ms","timestamp":"2024-04-06T03:10:11.353Z"}
{"level":"info","message":"Method: GET, URL: /css/style.css, Status: 200, Duration: 10ms","timestamp":"2024-04-06T03:10:11.355Z"}
{"level":"info","message":"Method: GET, URL: /index.html, Status: 304, Duration: 5ms","timestamp":"2024-04-06T03:12:24.976Z"}
{"level":"info","message":"Method: GET, URL: /css/style.css, Status: 304, Duration: 4ms","timestamp":"2024-04-06T03:12:25.006Z"}
{"level":"info","message":"Method: GET, URL: /chat.js, Status: 200, Duration: 8ms","timestamp":"2024-04-06T03:12:25.013Z"}
{"level":"info","message":"Method: GET, URL: /index.html, Status: 304, Duration: 4ms","timestamp":"2024-04-06T03:12:49.972Z"}
{"level":"info","message":"Method: GET, URL: /css/style.css, Status: 304, Duration: 4ms","timestamp":"2024-04-06T03:12:49.996Z"}
{"level":"info","message":"Method: GET, URL: /chat.js, Status: 200, Duration: 5ms","timestamp":"2024-04-06T03:12:50.003Z"}
{"level":"info","message":"Method: GET, URL: /index.html, Status: 304, Duration: 28ms","timestamp":"2024-04-06T03:13:35.458Z"}
{"level":"info","message":"Method: GET, URL: /css/style.css, Status: 304, Duration: 4ms","timestamp":"2024-04-06T03:13:35.613Z"}
{"level":"info","message":"Method: GET, URL: /chat.js, Status: 200, Duration: 8ms","timestamp":"2024-04-06T03:13:35.620Z"}
{"level":"info","message":"Method: GET, URL: /index.html, Status: 304, Duration: 6ms","timestamp":"2024-04-06T03:14:02.035Z"}
{"level":"info","message":"Method: GET, URL: /css/style.css, Status: 304, Duration: 5ms","timestamp":"2024-04-06T03:14:02.075Z"}
{"level":"info","message":"Method: GET, URL: /chat.js, Status: 200, Duration: 9ms","timestamp":"2024-04-06T03:14:02.083Z"}
{"level":"info","message":"Method: GET, URL: /css/style.css, Status: 304, Duration: 2ms","timestamp":"2024-04-06T03:14:06.048Z"}
{"level":"info","message":"Method: GET, URL: /index.html, Status: 304, Duration: 4ms","timestamp":"2024-04-06T03:15:14.724Z"}
{"level":"info","message":"Method: GET, URL: /css/style.css, Status: 304, Duration: 4ms","timestamp":"2024-04-06T03:15:14.743Z"}
{"level":"info","message":"Method: GET, URL: /chat.js, Status: 200, Duration: 5ms","timestamp":"2024-04-06T03:15:14.747Z"}
{"level":"info","message":"Method: GET, URL: /index.html, Status: 304, Duration: 2ms","timestamp":"2024-04-06T03:16:07.333Z"}
{"level":"info","message":"Method: GET, URL: /css/style.css, Status: 304, Duration: 3ms","timestamp":"2024-04-06T03:16:07.355Z"}
{"level":"info","message":"Method: GET, URL: /chat.js, Status: 304, Duration: 2ms","timestamp":"2024-04-06T03:16:07.356Z"}
{"level":"info","message":"Method: GET, URL: /index.html, Status: 304, Duration: 1ms","timestamp":"2024-04-06T03:16:09.776Z"}
{"level":"info","message":"Method: GET, URL: /css/style.css, Status: 304, Duration: 1ms","timestamp":"2024-04-06T03:16:09.816Z"}
{"level":"info","message":"Method: GET, URL: /chat.js, Status: 304, Duration: 1ms","timestamp":"2024-04-06T03:16:09.820Z"}
{"level":"info","message":"Method: GET, URL: /css/style.css, Status: 304, Duration: 1ms","timestamp":"2024-04-06T03:16:19.260Z"}
{"level":"info","message":"Method: GET, URL: /index.html, Status: 304, Duration: 3ms","timestamp":"2024-04-06T03:18:44.698Z"}
{"level":"info","message":"Method: GET, URL: /css/style.css, Status: 304, Duration: 3ms","timestamp":"2024-04-06T03:18:44.718Z"}
{"level":"info","message":"Method: GET, URL: /chat.js, Status: 200, Duration: 5ms","timestamp":"2024-04-06T03:18:44.722Z"}
{"level":"info","message":"Method: GET, URL: /index.html, Status: 304, Duration: 1ms","timestamp":"2024-04-06T03:18:54.048Z"}
{"level":"info","message":"Method: GET, URL: /css/style.css, Status: 304, Duration: 3ms","timestamp":"2024-04-06T03:18:54.065Z"}
{"level":"info","message":"Method: GET, URL: /chat.js, Status: 200, Duration: 3ms","timestamp":"2024-04-06T03:18:54.067Z"}
{"level":"info","message":"Method: GET, URL: /index.html, Status: 200, Duration: 7ms","timestamp":"2024-04-06T06:11:32.068Z"}
{"level":"info","message":"Method: GET, URL: /css/style.css, Status: 304, Duration: 2ms","timestamp":"2024-04-06T06:11:32.098Z"}
{"level":"info","message":"Method: GET, URL: /chat.js, Status: 200, Duration: 3ms","timestamp":"2024-04-06T06:11:32.104Z"}
{"level":"info","message":"Method: GET, URL: /index.html, Status: 304, Duration: 4ms","timestamp":"2024-04-06T06:19:54.927Z"}
{"level":"info","message":"Method: GET, URL: /css/style.css, Status: 304, Duration: 2ms","timestamp":"2024-04-06T06:19:54.948Z"}
{"level":"info","message":"Method: GET, URL: /chat.js, Status: 200, Duration: 4ms","timestamp":"2024-04-06T06:19:54.954Z"}
{"level":"info","message":"Method: GET, URL: /index.html, Status: 304, Duration: 2ms","timestamp":"2024-04-06T06:20:07.461Z"}
{"level":"info","message":"Method: GET, URL: /css/style.css, Status: 304, Duration: 2ms","timestamp":"2024-04-06T06:20:07.476Z"}
{"level":"info","message":"Method: GET, URL: /chat.js, Status: 304, Duration: 3ms","timestamp":"2024-04-06T06:20:07.477Z"}
{"level":"info","message":"Method: GET, URL: /index.html, Status: 304, Duration: 2ms","timestamp":"2024-04-06T06:20:33.857Z"}
{"level":"info","message":"Method: GET, URL: /css/style.css, Status: 304, Duration: 4ms","timestamp":"2024-04-06T06:20:33.878Z"}
{"level":"info","message":"Method: GET, URL: /chat.js, Status: 200, Duration: 7ms","timestamp":"2024-04-06T06:20:33.884Z"}
{"level":"info","message":"Method: GET, URL: /index.html, Status: 304, Duration: 1ms","timestamp":"2024-04-06T06:20:37.091Z"}
{"level":"info","message":"Method: GET, URL: /css/style.css, Status: 304, Duration: 2ms","timestamp":"2024-04-06T06:20:37.106Z"}
{"level":"info","message":"Method: GET, URL: /chat.js, Status: 304, Duration: 2ms","timestamp":"2024-04-06T06:20:37.107Z"}
{"level":"info","message":"Method: GET, URL: /index.html, Status: 304, Duration: 1ms","timestamp":"2024-04-06T06:20:43.869Z"}
{"level":"info","message":"Method: GET, URL: /css/style.css, Status: 304, Duration: 2ms","timestamp":"2024-04-06T06:20:43.886Z"}
{"level":"info","message":"Method: GET, URL: /chat.js, Status: 304, Duration: 2ms","timestamp":"2024-04-06T06:20:43.887Z"}
{"level":"info","message":"Method: GET, URL: /index.html, Status: 200, Duration: 2ms","timestamp":"2024-04-06T06:22:20.729Z"}
{"level":"info","message":"Method: GET, URL: /css/style.css, Status: 304, Duration: 2ms","timestamp":"2024-04-06T06:22:20.742Z"}
{"level":"info","message":"Method: GET, URL: /chat.js, Status: 304, Duration: 3ms","timestamp":"2024-04-06T06:22:20.745Z"}
{"level":"info","message":"Method: GET, URL: /index.html, Status: 304, Duration: 4ms","timestamp":"2024-04-06T06:23:29.313Z"}
{"level":"info","message":"Method: GET, URL: /css/style.css, Status: 304, Duration: 2ms","timestamp":"2024-04-06T06:23:29.336Z"}
{"level":"info","message":"Method: GET, URL: /chat.js, Status: 200, Duration: 4ms","timestamp":"2024-04-06T06:23:29.340Z"}
{"level":"info","message":"Method: GET, URL: /index.html, Status: 304, Duration: 4ms","timestamp":"2024-04-06T06:25:05.045Z"}
{"level":"info","message":"Method: GET, URL: /css/style.css, Status: 304, Duration: 5ms","timestamp":"2024-04-06T06:25:05.083Z"}
{"level":"info","message":"Method: GET, URL: /chat.js, Status: 200, Duration: 7ms","timestamp":"2024-04-06T06:25:05.089Z"}
{"level":"info","message":"Method: GET, URL: /index.html, Status: 304, Duration: 1ms","timestamp":"2024-04-06T06:27:02.311Z"}
{"level":"info","message":"Method: GET, URL: /css/style.css, Status: 304, Duration: 1ms","timestamp":"2024-04-06T06:27:02.327Z"}
{"level":"info","message":"Method: GET, URL: /chat.js, Status: 304, Duration: 1ms","timestamp":"2024-04-06T06:27:02.332Z"}
{"level":"info","message":"Method: GET, URL: /index.html, Status: 200, Duration: 5ms","timestamp":"2024-04-06T06:30:36.719Z"}
{"level":"info","message":"Method: GET, URL: /css/style.css, Status: 304, Duration: 5ms","timestamp":"2024-04-06T06:30:36.741Z"}
{"level":"info","message":"Method: GET, URL: /chat.js, Status: 200, Duration: 2ms","timestamp":"2024-04-06T06:30:36.746Z"}
{"level":"info","message":"Method: GET, URL: /index.html, Status: 304, Duration: 3ms","timestamp":"2024-04-06T06:31:12.866Z"}
{"level":"info","message":"Method: GET, URL: /css/style.css, Status: 304, Duration: 4ms","timestamp":"2024-04-06T06:31:12.897Z"}
{"level":"info","message":"Method: GET, URL: /chat.js, Status: 200, Duration: 6ms","timestamp":"2024-04-06T06:31:12.902Z"}
{"level":"info","message":"Method: GET, URL: /index.html, Status: 304, Duration: 4ms","timestamp":"2024-04-06T06:31:27.217Z"}
{"level":"info","message":"Method: GET, URL: /css/style.css, Status: 304, Duration: 14ms","timestamp":"2024-04-06T06:31:27.253Z"}
{"level":"info","message":"Method: GET, URL: /chat.js, Status: 200, Duration: 20ms","timestamp":"2024-04-06T06:31:27.261Z"}
{"level":"info","message":"Method: GET, URL: /index.html, Status: 304, Duration: 3ms","timestamp":"2024-04-06T06:31:36.922Z"}
{"level":"info","message":"Method: GET, URL: /css/style.css, Status: 304, Duration: 3ms","timestamp":"2024-04-06T06:31:36.940Z"}
{"level":"info","message":"Method: GET, URL: /chat.js, Status: 200, Duration: 5ms","timestamp":"2024-04-06T06:31:36.944Z"}
{"level":"info","message":"Method: GET, URL: /index.html, Status: 304, Duration: 5ms","timestamp":"2024-04-06T06:33:20.560Z"}
{"level":"info","message":"Method: GET, URL: /css/style.css, Status: 304, Duration: 2ms","timestamp":"2024-04-06T06:33:20.579Z"}
{"level":"info","message":"Method: GET, URL: /chat.js, Status: 304, Duration: 1ms","timestamp":"2024-04-06T06:33:20.583Z"}
{"level":"info","message":"Method: GET, URL: /index.html, Status: 304, Duration: 3ms","timestamp":"2024-04-06T06:35:48.570Z"}
{"level":"info","message":"Method: GET, URL: /css/style.css, Status: 304, Duration: 3ms","timestamp":"2024-04-06T06:35:48.589Z"}
{"level":"info","message":"Method: GET, URL: /chat.js, Status: 304, Duration: 1ms","timestamp":"2024-04-06T06:35:48.592Z"}
{"level":"info","message":"Method: GET, URL: /index.html, Status: 200, Duration: 5ms","timestamp":"2024-04-06T06:36:39.955Z"}
{"level":"info","message":"Method: GET, URL: /css/style.css, Status: 304, Duration: 2ms","timestamp":"2024-04-06T06:36:39.973Z"}
{"level":"info","message":"Method: GET, URL: /chat.js, Status: 200, Duration: 3ms","timestamp":"2024-04-06T06:36:39.977Z"}
{"level":"info","message":"Method: GET, URL: /index.html, Status: 304, Duration: 6ms","timestamp":"2024-04-06T07:34:29.160Z"}
{"level":"info","message":"Method: GET, URL: /css/style.css, Status: 304, Duration: 3ms","timestamp":"2024-04-06T07:34:29.216Z"}
{"level":"info","message":"Method: GET, URL: /chat.js, Status: 200, Duration: 6ms","timestamp":"2024-04-06T07:34:29.225Z"}
{"level":"info","message":"Method: GET, URL: /index.html, Status: 304, Duration: 2ms","timestamp":"2024-04-06T07:34:31.554Z"}
{"level":"info","message":"Method: GET, URL: /css/style.css, Status: 304, Duration: 2ms","timestamp":"2024-04-06T07:34:31.586Z"}
{"level":"info","message":"Method: GET, URL: /chat.js, Status: 304, Duration: 2ms","timestamp":"2024-04-06T07:34:31.591Z"}
{"level":"info","message":"Method: GET, URL: /index.html, Status: 304, Duration: 5ms","timestamp":"2024-04-06T12:43:45.731Z"}
{"level":"info","message":"Method: GET, URL: /css/style.css, Status: 304, Duration: 3ms","timestamp":"2024-04-06T12:43:45.772Z"}
{"level":"info","message":"Method: GET, URL: /chat.js, Status: 200, Duration: 6ms","timestamp":"2024-04-06T12:43:45.782Z"}
{"level":"info","message":"Method: GET, URL: /index.html, Status: 304, Duration: 6ms","timestamp":"2024-04-06T12:45:44.501Z"}
{"level":"info","message":"Method: GET, URL: /css/style.css, Status: 304, Duration: 2ms","timestamp":"2024-04-06T12:45:44.653Z"}
{"level":"info","message":"Method: GET, URL: /chat.js, Status: 200, Duration: 6ms","timestamp":"2024-04-06T12:45:44.661Z"}
{"level":"info","message":"Method: GET, URL: /css/style.css, Status: 304, Duration: 8ms","timestamp":"2024-04-06T12:49:20.431Z"}
{"level":"info","message":"Method: GET, URL: /index.html, Status: 304, Duration: 3ms","timestamp":"2024-04-06T12:52:02.877Z"}
{"level":"info","message":"Method: GET, URL: /css/style.css, Status: 304, Duration: 5ms","timestamp":"2024-04-06T12:52:02.913Z"}
{"level":"info","message":"Method: GET, URL: /chat.js, Status: 200, Duration: 11ms","timestamp":"2024-04-06T12:52:02.926Z"}
{"level":"info","message":"Method: GET, URL: /index.html, Status: 304, Duration: 4ms","timestamp":"2024-04-06T12:58:21.545Z"}
{"level":"info","message":"Method: GET, URL: /css/style.css, Status: 304, Duration: 3ms","timestamp":"2024-04-06T12:58:21.573Z"}
{"level":"info","message":"Method: GET, URL: /chat.js, Status: 304, Duration: 1ms","timestamp":"2024-04-06T12:58:21.578Z"}
{"level":"info","message":"Method: GET, URL: /index.html, Status: 304, Duration: 1ms","timestamp":"2024-04-06T12:58:36.533Z"}
{"level":"info","message":"Method: GET, URL: /css/style.css, Status: 304, Duration: 2ms","timestamp":"2024-04-06T12:58:36.558Z"}
{"level":"info","message":"Method: GET, URL: /chat.js, Status: 304, Duration: 2ms","timestamp":"2024-04-06T12:58:36.562Z"}
{"level":"info","message":"Method: GET, URL: /index.html, Status: 304, Duration: 6ms","timestamp":"2024-04-06T13:13:35.135Z"}
{"level":"info","message":"Method: GET, URL: /css/style.css, Status: 304, Duration: 3ms","timestamp":"2024-04-06T13:13:35.191Z"}
{"level":"info","message":"Method: GET, URL: /chat.js, Status: 200, Duration: 7ms","timestamp":"2024-04-06T13:13:35.200Z"}
{"level":"info","message":"Method: GET, URL: /index.html, Status: 304, Duration: 3ms","timestamp":"2024-04-06T13:17:07.603Z"}
{"level":"info","message":"Method: GET, URL: /css/style.css, Status: 304, Duration: 3ms","timestamp":"2024-04-06T13:17:07.624Z"}
{"level":"info","message":"Method: GET, URL: /chat.js, Status: 304, Duration: 2ms","timestamp":"2024-04-06T13:17:07.627Z"}
{"level":"info","message":"Method: GET, URL: /index.html, Status: 304, Duration: 5ms","timestamp":"2024-04-06T13:40:38.051Z"}
{"level":"info","message":"Method: GET, URL: /css/style.css, Status: 304, Duration: 4ms","timestamp":"2024-04-06T13:40:38.094Z"}
{"level":"info","message":"Method: GET, URL: /chat.js, Status: 200, Duration: 7ms","timestamp":"2024-04-06T13:40:38.103Z"}
{"level":"info","message":"Method: GET, URL: /index.html, Status: 304, Duration: 3ms","timestamp":"2024-04-06T13:41:26.354Z"}
{"level":"info","message":"Method: GET, URL: /css/style.css, Status: 304, Duration: 2ms","timestamp":"2024-04-06T13:41:26.389Z"}
{"level":"info","message":"Method: GET, URL: /chat.js, Status: 200, Duration: 5ms","timestamp":"2024-04-06T13:41:26.402Z"}
{"level":"info","message":"Method: GET, URL: /index.html, Status: 304, Duration: 9ms","timestamp":"2024-04-06T14:10:39.958Z"}
{"level":"info","message":"Method: GET, URL: /css/style.css, Status: 304, Duration: 2ms","timestamp":"2024-04-06T14:10:40.323Z"}
{"level":"info","message":"Method: GET, URL: /chat.js, Status: 304, Duration: 2ms","timestamp":"2024-04-06T14:10:40.329Z"}
{"level":"info","message":"Method: GET, URL: /index.html, Status: 304, Duration: 13ms","timestamp":"2024-04-06T14:10:52.856Z"}
{"level":"info","message":"Method: GET, URL: /css/style.css, Status: 304, Duration: 3ms","timestamp":"2024-04-06T14:10:52.896Z"}
{"level":"info","message":"Method: GET, URL: /chat.js, Status: 304, Duration: 2ms","timestamp":"2024-04-06T14:10:52.901Z"}
{"level":"info","message":"Method: GET, URL: /index.html, Status: 304, Duration: 2ms","timestamp":"2024-04-06T14:11:03.253Z"}
{"level":"info","message":"Method: GET, URL: /css/style.css, Status: 304, Duration: 2ms","timestamp":"2024-04-06T14:11:03.422Z"}
{"level":"info","message":"Method: GET, URL: /chat.js, Status: 304, Duration: 1ms","timestamp":"2024-04-06T14:11:03.427Z"}
{"level":"info","message":"Method: GET, URL: /css/style.css, Status: 304, Duration: 1ms","timestamp":"2024-04-06T14:11:05.441Z"}
{"level":"info","message":"Method: GET, URL: /index.html, Status: 304, Duration: 3ms","timestamp":"2024-04-06T14:14:40.728Z"}
{"level":"info","message":"Method: GET, URL: /css/style.css, Status: 304, Duration: 2ms","timestamp":"2024-04-06T14:14:40.756Z"}
{"level":"info","message":"Method: GET, URL: /chat.js, Status: 304, Duration: 2ms","timestamp":"2024-04-06T14:14:40.762Z"}
{"level":"info","message":"Method: GET, URL: /index.html, Status: 304, Duration: 1ms","timestamp":"2024-04-06T14:14:41.915Z"}
{"level":"info","message":"Method: GET, URL: /css/style.css, Status: 304, Duration: 4ms","timestamp":"2024-04-06T14:14:41.936Z"}
{"level":"info","message":"Method: GET, URL: /chat.js, Status: 304, Duration: 4ms","timestamp":"2024-04-06T14:14:41.938Z"}
{"level":"info","message":"Method: GET, URL: /index.html, Status: 304, Duration: 1ms","timestamp":"2024-04-06T14:14:43.956Z"}
{"level":"info","message":"Method: GET, URL: /css/style.css, Status: 304, Duration: 2ms","timestamp":"2024-04-06T14:14:43.973Z"}
{"level":"info","message":"Method: GET, URL: /chat.js, Status: 304, Duration: 2ms","timestamp":"2024-04-06T14:14:43.974Z"}
{"level":"info","message":"Method: GET, URL: /index.html, Status: 304, Duration: 3ms","timestamp":"2024-04-06T14:15:11.962Z"}
{"level":"info","message":"Method: GET, URL: /css/style.css, Status: 304, Duration: 4ms","timestamp":"2024-04-06T14:15:11.989Z"}
{"level":"info","message":"Method: GET, URL: /chat.js, Status: 200, Duration: 7ms","timestamp":"2024-04-06T14:15:11.998Z"}
{"level":"info","message":"Method: GET, URL: /index.html, Status: 304, Duration: 3ms","timestamp":"2024-04-06T14:19:21.178Z"}
{"level":"info","message":"Method: GET, URL: /css/style.css, Status: 304, Duration: 3ms","timestamp":"2024-04-06T14:19:21.205Z"}
{"level":"info","message":"Method: GET, URL: /chat.js, Status: 200, Duration: 7ms","timestamp":"2024-04-06T14:19:21.215Z"}
{"level":"info","message":"Method: GET, URL: /index.html, Status: 304, Duration: 4ms","timestamp":"2024-04-06T14:26:55.593Z"}
{"level":"info","message":"Method: GET, URL: /css/style.css, Status: 304, Duration: 4ms","timestamp":"2024-04-06T14:26:55.614Z"}
{"level":"info","message":"Method: GET, URL: /chat.js, Status: 304, Duration: 3ms","timestamp":"2024-04-06T14:26:55.616Z"}
{"level":"info","message":"Method: GET, URL: /index.html, Status: 304, Duration: 3ms","timestamp":"2024-04-06T14:34:20.975Z"}
{"level":"info","message":"Method: GET, URL: /css/style.css, Status: 304, Duration: 2ms","timestamp":"2024-04-06T14:34:21.018Z"}
{"level":"info","message":"Method: GET, URL: /chat.js, Status: 304, Duration: 3ms","timestamp":"2024-04-06T14:34:21.020Z"}
{"level":"info","message":"Method: GET, URL: /index.html, Status: 304, Duration: 4ms","timestamp":"2024-04-06T14:40:17.677Z"}
{"level":"info","message":"Method: GET, URL: /css/style.css, Status: 304, Duration: 5ms","timestamp":"2024-04-06T14:40:17.717Z"}
{"level":"info","message":"Method: GET, URL: /chat.js, Status: 200, Duration: 6ms","timestamp":"2024-04-06T14:40:17.720Z"}
