{"level":"info","message":"Method: POST, URL: /sign-up, Status: 404, Duration: 31ms","timestamp":"2024-03-28T01:46:28.488Z"}
{"level":"info","message":"Method: POST, URL: /sign-up, Status: 500, Duration: 13ms","timestamp":"2024-03-28T01:48:23.813Z"}
{"level":"info","message":"Method: POST, URL: /sign-up, Status: 500, Duration: 18ms","timestamp":"2024-03-28T01:48:53.740Z"}
{"level":"info","message":"Method: POST, URL: /sign-up, Status: 500, Duration: 22ms","timestamp":"2024-03-28T01:49:23.257Z"}
{"level":"info","message":"Method: POST, URL: /sign-up, Status: 500, Duration: 4ms","timestamp":"2024-03-28T01:49:30.422Z"}
{"level":"info","message":"Method: POST, URL: /sign-up, Status: 500, Duration: 25ms","timestamp":"2024-03-28T01:49:49.311Z"}
{"level":"info","message":"Method: POST, URL: /sign-up, Status: 500, Duration: 25ms","timestamp":"2024-03-28T01:50:57.111Z"}
{"level":"info","message":"Method: POST, URL: /sign-up, Status: 500, Duration: 155ms","timestamp":"2024-03-28T01:53:23.956Z"}
{"level":"info","message":"Method: POST, URL: /sign-up, Status: 500, Duration: 70ms","timestamp":"2024-03-28T01:54:24.677Z"}
{"level":"info","message":"Method: POST, URL: /sign-up, Status: 500, Duration: 56ms","timestamp":"2024-03-28T02:16:00.315Z"}
{"level":"info","message":"Method: POST, URL: /sign-up, Status: 500, Duration: 69ms","timestamp":"2024-03-28T02:20:46.863Z"}
{"level":"info","message":"Method: POST, URL: /sign-up, Status: 500, Duration: 1128ms","timestamp":"2024-03-28T02:24:08.055Z"}
{"level":"info","message":"Method: POST, URL: /sign-up, Status: 201, Duration: 430ms","timestamp":"2024-03-28T02:28:23.537Z"}
{"level":"info","message":"Method: POST, URL: /sign-up, Status: 500, Duration: 70ms","timestamp":"2024-03-28T02:33:10.062Z"}
{"level":"info","message":"Method: POST, URL: /sign-up, Status: 500, Duration: 54ms","timestamp":"2024-03-28T02:33:24.103Z"}
{"level":"info","message":"Method: POST, URL: /sign-up, Status: 201, Duration: 130ms","timestamp":"2024-03-28T02:33:50.133Z"}
{"level":"info","message":"Method: POST, URL: /sign-up, Status: 500, Duration: 341ms","timestamp":"2024-03-28T03:22:46.551Z"}
{"level":"info","message":"Method: POST, URL: /sign-up, Status: 500, Duration: 68ms","timestamp":"2024-03-28T03:23:31.647Z"}
{"level":"info","message":"Method: POST, URL: /sign-up, Status: 500, Duration: 60ms","timestamp":"2024-03-28T03:26:43.689Z"}
{"level":"info","message":"Method: POST, URL: /sign-up, Status: 500, Duration: 18ms","timestamp":"2024-03-28T03:27:13.588Z"}
{"level":"info","message":"Method: POST, URL: /sign-up, Status: 500, Duration: 14ms","timestamp":"2024-03-28T04:13:41.359Z"}
{"level":"info","message":"Method: POST, URL: /sign-up, Status: 500, Duration: 19ms","timestamp":"2024-03-28T04:14:52.469Z"}
{"level":"info","message":"Method: POST, URL: /sign-up, Status: 500, Duration: 2ms","timestamp":"2024-03-28T04:15:00.600Z"}
{"level":"info","message":"Method: POST, URL: /sign-up, Status: 201, Duration: 123ms","timestamp":"2024-03-28T04:15:03.796Z"}
{"level":"info","message":"Method: POST, URL: /sign-up, Status: 201, Duration: 49ms","timestamp":"2024-03-28T04:15:43.384Z"}
{"level":"info","message":"Method: POST, URL: /sign-up, Status: 201, Duration: 41ms","timestamp":"2024-03-28T04:15:47.632Z"}
{"level":"info","message":"Method: POST, URL: /sign-up, Status: 201, Duration: 36ms","timestamp":"2024-03-28T04:15:51.007Z"}
{"level":"info","message":"Method: POST, URL: /sign-up, Status: 201, Duration: 176ms","timestamp":"2024-03-28T04:15:54.953Z"}
{"level":"info","message":"Method: POST, URL: /posts, Status: 404, Duration: 2ms","timestamp":"2024-03-28T04:16:20.716Z"}
{"level":"info","message":"Method: POST, URL: /worry, Status: 404, Duration: 2ms","timestamp":"2024-03-28T04:16:35.251Z"}
{"level":"info","message":"Method: POST, URL: /, Status: 201, Duration: 98ms","timestamp":"2024-03-28T04:16:42.642Z"}
{"level":"info","message":"Method: POST, URL: /, Status: 201, Duration: 61ms","timestamp":"2024-03-28T04:16:58.856Z"}
{"level":"info","message":"Method: POST, URL: /, Status: 201, Duration: 56ms","timestamp":"2024-03-28T04:17:26.935Z"}
{"level":"info","message":"Method: GET, URL: /api/worry/1, Status: 404, Duration: 7ms","timestamp":"2024-03-28T04:34:32.922Z"}
{"level":"info","message":"Method: GET, URL: /api/worry/1/send, Status: 404, Duration: 2ms","timestamp":"2024-03-28T04:34:53.242Z"}
{"level":"info","message":"Method: GET, URL: /api/worry/1/send, Status: 404, Duration: 1ms","timestamp":"2024-03-28T04:35:37.384Z"}
{"level":"info","message":"Method: GET, URL: /api/worry/1/send, Status: 404, Duration: 3ms","timestamp":"2024-03-28T04:36:24.695Z"}
{"level":"info","message":"Method: GET, URL: /api/worry/1/send, Status: 404, Duration: 2ms","timestamp":"2024-03-28T04:36:26.204Z"}
{"level":"error","message":"Error Status: undefined, Message: 고민 상세조회 실패: 고민 상세조회에 실패하였습니다 \nInvalid `prisma.worries.findUnique()` invocation:\n\n{\n  where: {\n    worryId: \"1\"\n             ~~~\n  }\n}\n\nArgument `worryId`: Invalid value provided. Expected Int, provided String.","timestamp":"2024-03-28T04:36:47.690Z"}
{"level":"info","message":"Method: GET, URL: /api/worry/1/send, Status: 500, Duration: 86ms","timestamp":"2024-03-28T04:36:47.693Z"}
{"level":"error","message":"Error Status: undefined, Message: 고민 상세조회 실패: 고민 상세조회에 실패하였습니다 \nInvalid `prisma.worries.findUnique()` invocation:\n\n{\n  where: {\n    worryId: \"1\"\n             ~~~\n  }\n}\n\nArgument `worryId`: Invalid value provided. Expected Int, provided String.","timestamp":"2024-03-28T04:36:50.406Z"}
{"level":"info","message":"Method: GET, URL: /api/worry/1/send, Status: 500, Duration: 8ms","timestamp":"2024-03-28T04:36:50.408Z"}
{"level":"error","message":"Error Status: undefined, Message: 고민 상세조회 실패: 고민 상세조회에 실패하였습니다 \nInvalid `prisma.worries.findUnique()` invocation:\n\n{\n  where: {\n    worryId: \"2\"\n             ~~~\n  }\n}\n\nArgument `worryId`: Invalid value provided. Expected Int, provided String.","timestamp":"2024-03-28T04:37:17.922Z"}
{"level":"info","message":"Method: GET, URL: /api/worry/2/send, Status: 500, Duration: 261ms","timestamp":"2024-03-28T04:37:17.928Z"}
{"level":"info","message":"Method: GET, URL: /2/send, Status: 200, Duration: 83ms","timestamp":"2024-03-28T04:37:39.393Z"}
{"level":"info","message":"Method: GET, URL: /1/send, Status: 200, Duration: 19ms","timestamp":"2024-03-28T04:37:43.343Z"}
{"level":"info","message":"Method: POST, URL: /worry/1/comments, Status: 404, Duration: 29ms","timestamp":"2024-03-28T05:17:08.021Z"}
{"level":"info","message":"Method: POST, URL: /1/comments, Status: 500, Duration: 4ms","timestamp":"2024-03-28T05:17:18.781Z"}
{"level":"info","message":"Method: POST, URL: /1/comments, Status: 500, Duration: 91ms","timestamp":"2024-03-28T05:17:55.140Z"}
