{"level":"info","message":"Method: GET, URL: /index.html, Status: 304, Duration: 10ms","timestamp":"2024-04-08T15:00:38.190Z"}
{"level":"info","message":"Method: GET, URL: /css/style.css, Status: 304, Duration: 3ms","timestamp":"2024-04-08T15:00:38.278Z"}
{"level":"info","message":"Method: GET, URL: /chat.js, Status: 200, Duration: 8ms","timestamp":"2024-04-08T15:00:38.290Z"}
{"level":"info","message":"Method: GET, URL: /index.html, Status: 304, Duration: 5ms","timestamp":"2024-04-08T15:01:24.680Z"}
{"level":"info","message":"Method: GET, URL: /css/style.css, Status: 200, Duration: 7ms","timestamp":"2024-04-08T15:01:24.745Z"}
{"level":"info","message":"Method: GET, URL: /chat.js, Status: 200, Duration: 5ms","timestamp":"2024-04-08T15:01:24.747Z"}
{"level":"info","message":"Method: GET, URL: /index.html, Status: 304, Duration: 5ms","timestamp":"2024-04-08T15:22:07.523Z"}
{"level":"info","message":"Method: GET, URL: /css/style.css, Status: 304, Duration: 3ms","timestamp":"2024-04-08T15:22:07.574Z"}
{"level":"info","message":"Method: GET, URL: /chat.js, Status: 200, Duration: 8ms","timestamp":"2024-04-08T15:22:07.581Z"}
{"level":"info","message":"Method: GET, URL: /index.html, Status: 200, Duration: 2ms","timestamp":"2024-04-08T15:22:27.170Z"}
{"level":"info","message":"Method: GET, URL: /css/style.css, Status: 304, Duration: 3ms","timestamp":"2024-04-08T15:22:27.202Z"}
{"level":"info","message":"Method: GET, URL: /chat.js, Status: 304, Duration: 2ms","timestamp":"2024-04-08T15:22:27.206Z"}
{"level":"info","message":"Method: GET, URL: /index.html, Status: 200, Duration: 2ms","timestamp":"2024-04-08T15:22:36.275Z"}
{"level":"info","message":"Method: GET, URL: /css/style.css, Status: 304, Duration: 3ms","timestamp":"2024-04-08T15:22:36.299Z"}
{"level":"info","message":"Method: GET, URL: /chat.js, Status: 304, Duration: 3ms","timestamp":"2024-04-08T15:22:36.304Z"}
{"level":"info","message":"Method: GET, URL: /index.html, Status: 304, Duration: 5ms","timestamp":"2024-04-08T15:23:27.954Z"}
{"level":"info","message":"Method: GET, URL: /css/style.css, Status: 304, Duration: 4ms","timestamp":"2024-04-08T15:23:27.985Z"}
{"level":"info","message":"Method: GET, URL: /chat.js, Status: 200, Duration: 7ms","timestamp":"2024-04-08T15:23:27.998Z"}
{"level":"error","message":"Error Status: undefined, Message: Cannot read properties of undefined (reading 'userId')","timestamp":"2024-04-09T07:20:19.488Z"}
{"level":"info","message":"Method: GET, URL: /top-likes, Status: 500, Duration: 76ms","timestamp":"2024-04-09T07:20:19.497Z"}
{"level":"error","message":"Error Status: undefined, Message: Cannot read properties of undefined (reading 'userId')","timestamp":"2024-04-09T07:20:56.379Z"}
{"level":"info","message":"Method: GET, URL: /top-likes, Status: 500, Duration: 7ms","timestamp":"2024-04-09T07:20:56.383Z"}
{"level":"info","message":"Method: GET, URL: /top-likes, Status: 404, Duration: 48ms","timestamp":"2024-04-09T07:21:50.154Z"}
{"level":"info","message":"Method: GET, URL: /top-likes, Status: 404, Duration: 23ms","timestamp":"2024-04-09T07:22:13.036Z"}
{"level":"info","message":"Method: GET, URL: /top-likes, Status: 404, Duration: 9ms","timestamp":"2024-04-09T07:22:13.850Z"}
{"level":"info","message":"Method: GET, URL: /top-likes, Status: 404, Duration: 23ms","timestamp":"2024-04-09T07:23:39.636Z"}
{"level":"info","message":"Method: GET, URL: /top-likes, Status: 200, Duration: 55ms","timestamp":"2024-04-09T07:25:28.754Z"}
{"level":"info","message":"Method: GET, URL: /top-likes, Status: 200, Duration: 122ms","timestamp":"2024-04-09T07:26:21.279Z"}
