{"level":"info","message":"Method: POST, URL: /, Status: 400, Duration: 69ms","timestamp":"2024-04-12T17:45:54.343Z"}
{"level":"info","message":"Method: POST, URL: /, Status: 201, Duration: 376ms","timestamp":"2024-04-12T17:50:11.715Z"}
{"level":"info","message":"Method: POST, URL: /, Status: 201, Duration: 214ms","timestamp":"2024-04-12T17:55:17.696Z"}
{"level":"info","message":"Method: GET, URL: /18, Status: 403, Duration: 39ms","timestamp":"2024-04-12T17:58:07.416Z"}
{"level":"info","message":"Method: GET, URL: /18, Status: 403, Duration: 33ms","timestamp":"2024-04-12T17:58:41.641Z"}
{"level":"info","message":"Method: GET, URL: /18, Status: 403, Duration: 20ms","timestamp":"2024-04-12T17:58:49.467Z"}
{"level":"info","message":"Method: GET, URL: /18, Status: 200, Duration: 147ms","timestamp":"2024-04-12T17:59:16.741Z"}
{"level":"info","message":"Method: GET, URL: /18, Status: 200, Duration: 132ms","timestamp":"2024-04-12T17:59:57.385Z"}
{"level":"info","message":"Method: GET, URL: /17, Status: 200, Duration: 96ms","timestamp":"2024-04-12T18:00:06.351Z"}
{"level":"info","message":"Method: GET, URL: /17, Status: 200, Duration: 94ms","timestamp":"2024-04-12T18:00:32.390Z"}
{"level":"info","message":"Method: GET, URL: /17, Status: 200, Duration: 98ms","timestamp":"2024-04-12T18:00:53.819Z"}
{"level":"info","message":"Method: GET, URL: /17, Status: 200, Duration: 48ms","timestamp":"2024-04-12T18:04:11.542Z"}
{"level":"info","message":"Method: GET, URL: /17, Status: 200, Duration: 12ms","timestamp":"2024-04-12T18:04:19.423Z"}
{"level":"info","message":"Method: GET, URL: /17, Status: 200, Duration: 26ms","timestamp":"2024-04-12T18:04:45.497Z"}
{"level":"info","message":"Method: GET, URL: /17, Status: 200, Duration: 20ms","timestamp":"2024-04-12T18:04:54.447Z"}
{"level":"info","message":"Method: GET, URL: /17, Status: 200, Duration: 11ms","timestamp":"2024-04-12T18:04:55.741Z"}
{"level":"info","message":"Method: GET, URL: /17, Status: 200, Duration: 21ms","timestamp":"2024-04-12T18:05:06.087Z"}
{"level":"info","message":"Method: GET, URL: /17, Status: 200, Duration: 19ms","timestamp":"2024-04-12T18:05:06.836Z"}
{"level":"info","message":"Method: POST, URL: /sign-up, Status: 201, Duration: 59ms","timestamp":"2024-04-12T18:06:01.606Z"}
{"level":"info","message":"Method: POST, URL: /, Status: 201, Duration: 215ms","timestamp":"2024-04-12T18:06:08.213Z"}
{"level":"info","message":"Method: GET, URL: /comments, Status: 401, Duration: 1ms","timestamp":"2024-04-12T18:06:33.742Z"}
{"level":"info","message":"Method: GET, URL: /comments, Status: 200, Duration: 38ms","timestamp":"2024-04-12T18:07:01.253Z"}
{"level":"info","message":"Method: GET, URL: /comments, Status: 204, Duration: 47ms","timestamp":"2024-04-12T18:07:13.049Z"}
{"level":"info","message":"Method: GET, URL: /comments, Status: 200, Duration: 33ms","timestamp":"2024-04-12T18:07:44.413Z"}
{"level":"info","message":"Method: GET, URL: /19, Status: 200, Duration: 98ms","timestamp":"2024-04-12T18:08:01.069Z"}
{"level":"info","message":"Method: GET, URL: /19, Status: 200, Duration: 13ms","timestamp":"2024-04-12T18:08:02.575Z"}
{"level":"info","message":"Method: POST, URL: /, Status: 201, Duration: 221ms","timestamp":"2024-04-12T18:08:17.184Z"}
{"level":"info","message":"Method: GET, URL: /comments, Status: 200, Duration: 43ms","timestamp":"2024-04-12T18:08:31.228Z"}
{"level":"info","message":"Method: GET, URL: /20, Status: 200, Duration: 111ms","timestamp":"2024-04-12T18:08:46.753Z"}
{"level":"info","message":"Method: POST, URL: /, Status: 201, Duration: 194ms","timestamp":"2024-04-12T18:09:06.517Z"}
{"level":"info","message":"Method: GET, URL: /20, Status: 403, Duration: 25ms","timestamp":"2024-04-12T18:09:22.377Z"}
{"level":"info","message":"Method: GET, URL: /21, Status: 200, Duration: 67ms","timestamp":"2024-04-12T18:09:27.427Z"}
{"level":"info","message":"Method: POST, URL: /, Status: 201, Duration: 234ms","timestamp":"2024-04-13T01:25:58.928Z"}
{"level":"info","message":"Method: DELETE, URL: /11/15, Status: 409, Duration: 46ms","timestamp":"2024-04-13T01:29:18.134Z"}
{"level":"info","message":"Method: POST, URL: /worries/22/comments/, Status: 201, Duration: 258ms","timestamp":"2024-04-13T01:29:49.663Z"}
{"level":"info","message":"Method: DELETE, URL: /22/20, Status: 403, Duration: 25ms","timestamp":"2024-04-13T01:30:12.297Z"}
{"level":"info","message":"Method: DELETE, URL: /22/20, Status: 403, Duration: 20ms","timestamp":"2024-04-13T01:30:21.187Z"}
{"level":"info","message":"Method: DELETE, URL: /22/20, Status: 403, Duration: 25ms","timestamp":"2024-04-13T01:30:57.680Z"}
{"level":"info","message":"Method: DELETE, URL: /22/20, Status: 200, Duration: 157ms","timestamp":"2024-04-13T01:31:40.681Z"}
{"level":"info","message":"Method: POST, URL: /, Status: 201, Duration: 274ms","timestamp":"2024-04-13T06:08:13.916Z"}
{"level":"info","message":"Method: GET, URL: /comments, Status: 401, Duration: 1ms","timestamp":"2024-04-13T06:08:38.603Z"}
{"level":"info","message":"Method: GET, URL: /comments, Status: 200, Duration: 44ms","timestamp":"2024-04-13T06:09:01.034Z"}
{"level":"info","message":"Method: GET, URL: /comments, Status: 204, Duration: 30ms","timestamp":"2024-04-13T06:09:20.921Z"}
{"level":"info","message":"Method: GET, URL: /comments, Status: 200, Duration: 18ms","timestamp":"2024-04-13T06:09:24.285Z"}
{"level":"info","message":"Method: POST, URL: /worries/23/comments/, Status: 201, Duration: 439ms","timestamp":"2024-04-13T06:10:33.974Z"}
{"level":"info","message":"Method: GET, URL: /comments, Status: 204, Duration: 49ms","timestamp":"2024-04-13T06:10:57.224Z"}
{"level":"info","message":"Method: GET, URL: /comments, Status: 200, Duration: 22ms","timestamp":"2024-04-13T06:11:00.846Z"}
{"level":"info","message":"Method: POST, URL: /worries/23/comments/21/sendLike, Status: 401, Duration: 2ms","timestamp":"2024-04-13T06:11:20.056Z"}
{"level":"error","message":"Error Status: undefined, Message: Cannot read properties of undefined (reading 'userId')","timestamp":"2024-04-13T06:11:55.536Z"}
{"level":"info","message":"Method: POST, URL: /worries/23/comments/21/sendLike, Status: 500, Duration: 10ms","timestamp":"2024-04-13T06:11:55.544Z"}
{"level":"info","message":"Method: POST, URL: /worries/23/comments/21/sendLike, Status: 201, Duration: 599ms","timestamp":"2024-04-13T06:12:36.323Z"}
{"level":"info","message":"Method: GET, URL: /comments, Status: 204, Duration: 21ms","timestamp":"2024-04-13T06:12:55.264Z"}
