{"level":"error","message":"Error Status: 403, Message: 선물을 보낼 권한이 없습니다. 게시글의 작성자만 선물을 보낼 수 있습니다.","timestamp":"2024-04-11T15:31:05.545Z"}
{"level":"info","message":"Method: POST, URL: /worries/5/comments/7/sendLike, Status: 403, Duration: 40ms","timestamp":"2024-04-11T15:31:05.549Z"}
{"level":"error","message":"Error Status: 403, Message: 선물을 보낼 권한이 없습니다. 게시글의 작성자만 선물을 보낼 수 있습니다.","timestamp":"2024-04-11T15:31:16.325Z"}
{"level":"info","message":"Method: POST, URL: /worries/5/comments/7/sendLike, Status: 403, Duration: 14ms","timestamp":"2024-04-11T15:31:16.327Z"}
{"level":"error","message":"Error Status: 403, Message: 선물을 보낼 권한이 없습니다. 게시글의 작성자만 선물을 보낼 수 있습니다.","timestamp":"2024-04-11T15:31:31.759Z"}
{"level":"info","message":"Method: POST, URL: /worries/5/comments/7/sendLike, Status: 403, Duration: 21ms","timestamp":"2024-04-11T15:31:31.760Z"}
{"level":"error","message":"Error Status: 403, Message: 선물을 보낼 권한이 없습니다. 게시글의 작성자만 선물을 보낼 수 있습니다.","timestamp":"2024-04-11T15:31:41.594Z"}
{"level":"info","message":"Method: POST, URL: /worries/5/comments/7/sendLike, Status: 403, Duration: 12ms","timestamp":"2024-04-11T15:31:41.595Z"}
{"level":"error","message":"Error Status: 403, Message: 선물을 보낼 권한이 없습니다. 게시글의 작성자만 선물을 보낼 수 있습니다.","timestamp":"2024-04-11T15:31:42.690Z"}
{"level":"info","message":"Method: POST, URL: /worries/5/comments/7/sendLike, Status: 403, Duration: 12ms","timestamp":"2024-04-11T15:31:42.691Z"}
{"level":"error","message":"Error Status: 403, Message: 선물을 보낼 권한이 없습니다. 게시글의 작성자만 선물을 보낼 수 있습니다.","timestamp":"2024-04-11T15:31:43.987Z"}
{"level":"info","message":"Method: POST, URL: /worries/5/comments/7/sendLike, Status: 403, Duration: 14ms","timestamp":"2024-04-11T15:31:43.989Z"}
{"level":"error","message":"Error Status: 403, Message: 선물을 보낼 권한이 없습니다. 게시글의 작성자만 선물을 보낼 수 있습니다.","timestamp":"2024-04-11T15:31:51.469Z"}
{"level":"info","message":"Method: POST, URL: /worries/5/comments/7/sendLike, Status: 403, Duration: 18ms","timestamp":"2024-04-11T15:31:51.470Z"}
{"level":"error","message":"Error Status: 403, Message: 선물을 보낼 권한이 없습니다. 게시글의 작성자만 선물을 보낼 수 있습니다.","timestamp":"2024-04-11T15:32:03.172Z"}
{"level":"info","message":"Method: POST, URL: /worries/5/comments/7/sendLike, Status: 403, Duration: 15ms","timestamp":"2024-04-11T15:32:03.173Z"}
{"level":"info","message":"Method: POST, URL: /, Status: 401, Duration: 0ms","timestamp":"2024-04-11T15:32:07.237Z"}
{"level":"info","message":"Method: POST, URL: /, Status: 201, Duration: 253ms","timestamp":"2024-04-11T15:32:42.235Z"}
{"level":"info","message":"Method: POST, URL: /worries/15/comments/, Status: 201, Duration: 171ms","timestamp":"2024-04-11T15:32:53.267Z"}
{"level":"error","message":"Error Status: 403, Message: 선물을 보낼 권한이 없습니다. 게시글의 작성자만 선물을 보낼 수 있습니다.","timestamp":"2024-04-11T15:33:20.137Z"}
{"level":"info","message":"Method: POST, URL: /worries/15/comments/17/sendLike, Status: 403, Duration: 24ms","timestamp":"2024-04-11T15:33:20.139Z"}
{"level":"error","message":"Error Status: 403, Message: 선물을 보낼 권한이 없습니다. 게시글의 작성자만 선물을 보낼 수 있습니다.","timestamp":"2024-04-11T15:33:49.556Z"}
{"level":"info","message":"Method: POST, URL: /worries/15/comments/17/sendLike, Status: 403, Duration: 24ms","timestamp":"2024-04-11T15:33:49.558Z"}
{"level":"error","message":"Error Status: 403, Message: 선물을 보낼 권한이 없습니다. 게시글의 작성자만 선물을 보낼 수 있습니다.","timestamp":"2024-04-11T15:34:05.817Z"}
{"level":"info","message":"Method: POST, URL: /worries/15/comments/17/sendLike, Status: 403, Duration: 17ms","timestamp":"2024-04-11T15:34:05.818Z"}
{"level":"error","message":"Error Status: 403, Message: 선물을 보낼 권한이 없습니다. 게시글의 작성자만 선물을 보낼 수 있습니다.","timestamp":"2024-04-11T15:35:04.878Z"}
{"level":"info","message":"Method: POST, URL: /worries/15/comments/17/sendLike, Status: 403, Duration: 23ms","timestamp":"2024-04-11T15:35:04.879Z"}
{"level":"info","message":"Method: POST, URL: /, Status: 201, Duration: 187ms","timestamp":"2024-04-11T15:35:52.229Z"}
{"level":"info","message":"Method: POST, URL: /worries/16/comments/, Status: 201, Duration: 106ms","timestamp":"2024-04-11T15:36:04.832Z"}
{"level":"error","message":"Error Status: 403, Message: 선물을 보낼 권한이 없습니다. 게시글의 작성자만 선물을 보낼 수 있습니다.","timestamp":"2024-04-11T15:36:24.802Z"}
{"level":"info","message":"Method: POST, URL: /worries/16/comments/18/sendLike, Status: 403, Duration: 20ms","timestamp":"2024-04-11T15:36:24.804Z"}
{"level":"error","message":"Error Status: 403, Message: 선물을 보낼 권한이 없습니다. 게시글의 작성자만 선물을 보낼 수 있습니다.","timestamp":"2024-04-11T15:36:47.339Z"}
{"level":"info","message":"Method: POST, URL: /worries/16/comments/18/sendLike, Status: 403, Duration: 20ms","timestamp":"2024-04-11T15:36:47.341Z"}
{"level":"info","message":"Method: GET, URL: /, Status: 404, Duration: 1ms","timestamp":"2024-04-11T15:37:27.775Z"}
{"level":"info","message":"Method: GET, URL: /comments/18, Status: 200, Duration: 134ms","timestamp":"2024-04-11T15:38:08.161Z"}
{"level":"error","message":"Error Status: 403, Message: 선물을 보낼 권한이 없습니다. 게시글의 작성자만 선물을 보낼 수 있습니다.","timestamp":"2024-04-11T15:41:59.380Z"}
{"level":"info","message":"Method: POST, URL: /worries/16/comments/18/sendLike, Status: 403, Duration: 43ms","timestamp":"2024-04-11T15:41:59.386Z"}
{"level":"error","message":"Error Status: 403, Message: 선물을 보낼 권한이 없습니다. 게시글의 작성자만 선물을 보낼 수 있습니다.","timestamp":"2024-04-11T15:47:05.813Z"}
{"level":"info","message":"Method: POST, URL: /worries/16/comments/18/sendLike, Status: 403, Duration: 42ms","timestamp":"2024-04-11T15:47:05.818Z"}
{"level":"error","message":"Error Status: 403, Message: 선물을 보낼 권한이 없습니다. 게시글의 작성자만 선물을 보낼 수 있습니다.","timestamp":"2024-04-11T15:48:09.353Z"}
{"level":"info","message":"Method: POST, URL: /worries/16/comments/18/sendLike, Status: 403, Duration: 23ms","timestamp":"2024-04-11T15:48:09.355Z"}
{"level":"error","message":"Error Status: 403, Message: 선물을 보낼 권한이 없습니다. 게시글의 작성자만 선물을 보낼 수 있습니다.","timestamp":"2024-04-11T15:49:56.527Z"}
{"level":"info","message":"Method: POST, URL: /worries/16/comments/18/sendLike, Status: 403, Duration: 25ms","timestamp":"2024-04-11T15:49:56.530Z"}
{"level":"error","message":"Error Status: 403, Message: 선물을 보낼 권한이 없습니다. 게시글의 작성자만 선물을 보낼 수 있습니다.","timestamp":"2024-04-11T15:49:57.540Z"}
{"level":"info","message":"Method: POST, URL: /worries/16/comments/18/sendLike, Status: 403, Duration: 13ms","timestamp":"2024-04-11T15:49:57.542Z"}
{"level":"info","message":"Method: POST, URL: /worries/16/comments/18/sendLike, Status: 201, Duration: 402ms","timestamp":"2024-04-11T15:52:52.782Z"}
{"level":"info","message":"Method: POST, URL: /, Status: 401, Duration: 7ms","timestamp":"2024-04-11T15:37:04.436Z"}
{"level":"info","message":"Method: POST, URL: /, Status: 201, Duration: 206ms","timestamp":"2024-04-11T15:38:42.459Z"}
{"level":"info","message":"Method: POST, URL: /worries/10/comments, Status: 400, Duration: 108ms","timestamp":"2024-04-11T15:38:53.456Z"}
{"level":"info","message":"Method: POST, URL: /worries/10/comments, Status: 400, Duration: 43ms","timestamp":"2024-04-11T15:40:18.123Z"}
{"level":"info","message":"Method: POST, URL: /, Status: 201, Duration: 165ms","timestamp":"2024-04-11T15:40:21.109Z"}
{"level":"info","message":"Method: POST, URL: /worries/11/comments, Status: 201, Duration: 119ms","timestamp":"2024-04-11T15:40:27.484Z"}
{"level":"info","message":"Method: POST, URL: /worries/11/comments/39/sendLike, Status: 201, Duration: 297ms","timestamp":"2024-04-11T15:40:48.208Z"}
