{"level":"error","message":"Error Status: 403, Message: 선물을 보낼 권한이 없습니다. 게시글의 작성자만 선물을 보낼 수 있습니다.","timestamp":"2024-04-10T16:40:28.398Z"}
{"level":"error","message":"Error Status: 403, Message: 선물을 보낼 권한이 없습니다. 게시글의 작성자만 선물을 보낼 수 있습니다.","timestamp":"2024-04-10T16:40:34.205Z"}
{"level":"error","message":"Error Status: 403, Message: 선물을 보낼 권한이 없습니다. 게시글의 작성자만 선물을 보낼 수 있습니다.","timestamp":"2024-04-10T16:40:49.034Z"}
{"level":"error","message":"Error Status: 403, Message: 선물을 보낼 권한이 없습니다. 게시글의 작성자만 선물을 보낼 수 있습니다.","timestamp":"2024-04-10T16:42:44.394Z"}
{"level":"error","message":"Error Status: 403, Message: 선물을 보낼 권한이 없습니다. 게시글의 작성자만 선물을 보낼 수 있습니다.","timestamp":"2024-04-10T16:42:57.577Z"}
{"level":"error","message":"Error Status: 403, Message: 선물을 보낼 권한이 없습니다. 게시글의 작성자만 선물을 보낼 수 있습니다.","timestamp":"2024-04-10T16:48:35.553Z"}
{"level":"error","message":"Error Status: 403, Message: 선물을 보낼 권한이 없습니다. 게시글의 작성자만 선물을 보낼 수 있습니다.","timestamp":"2024-04-10T16:52:02.454Z"}
{"level":"error","message":"Error Status: 403, Message: 선물을 보낼 권한이 없습니다. 게시글의 작성자만 선물을 보낼 수 있습니다.","timestamp":"2024-04-10T16:54:22.542Z"}
{"level":"error","message":"Error Status: 403, Message: 선물을 보낼 권한이 없습니다. 게시글의 작성자만 선물을 보낼 수 있습니다.","timestamp":"2024-04-10T16:55:19.266Z"}
{"level":"error","message":"Error Status: 403, Message: 선물을 보낼 권한이 없습니다. 게시글의 작성자만 선물을 보낼 수 있습니다.","timestamp":"2024-04-10T17:11:09.982Z"}
{"level":"error","message":"Error Status: 400, Message: 이미 선물이 전송되었습니다.","timestamp":"2024-04-10T18:24:06.058Z"}
{"level":"error","message":"Error Status: undefined, Message: content is not defined","timestamp":"2024-04-10T18:24:14.700Z"}
{"level":"error","message":"Error Status: undefined, Message: \nInvalid `prisma.worries.update()` invocation:\n\n{\n  where: {\n    worryId: 3\n  },\n  data: {\n    isSolved: true,\n    solvingCommentId: 2\n  },\n  select: {\n    userId: true,\n    commentAuthorId: true\n  }\n}\n\nArgument `content`: Invalid value provided. Expected String, provided Int.","timestamp":"2024-04-10T18:26:00.150Z"}
{"level":"error","message":"Error Status: 400, Message: Expected ',' or '}' after property value in JSON at position 25","timestamp":"2024-04-10T18:26:23.248Z"}
{"level":"error","message":"Error Status: undefined, Message: \nInvalid `prisma.worries.update()` invocation:\n\n{\n  where: {\n    worryId: 3\n  },\n  data: {\n    isSolved: true,\n    solvingCommentId: 2\n  },\n  select: {\n    userId: true,\n    commentAuthorId: true\n  }\n}\n\nArgument `content`: Invalid value provided. Expected String, provided Int.","timestamp":"2024-04-10T18:26:28.843Z"}
{"level":"error","message":"Error Status: undefined, Message: \nInvalid `prisma.worries.update()` invocation:\n\n{\n  where: {\n    worryId: 3\n  },\n  data: {\n    isSolved: true,\n    solvingCommentId: 2\n  },\n  select: {\n    userId: true,\n    commentAuthorId: true\n  }\n}\n\nArgument `content`: Invalid value provided. Expected String, provided Int.","timestamp":"2024-04-10T18:32:56.574Z"}
{"level":"error","message":"Error Status: undefined, Message: \nInvalid `prisma.worries.update()` invocation:\n\n{\n  where: {\n    worryId: 3\n  },\n  data: {\n    isSolved: true,\n    solvingCommentId: 2\n  },\n  select: {\n    userId: true,\n    commentAuthorId: true\n  }\n}\n\nArgument `content`: Invalid value provided. Expected String, provided Int.","timestamp":"2024-04-10T18:37:14.050Z"}
{"level":"error","message":"Error Status: undefined, Message: \nInvalid `prisma.worries.update()` invocation:\n\n{\n  where: {\n    worryId: 3\n  },\n  data: {\n    isSolved: true,\n    solvingCommentId: 2\n  },\n  select: {\n    userId: true,\n    commentAuthorId: true\n  }\n}\n\nArgument `content`: Invalid value provided. Expected String, provided Object.","timestamp":"2024-04-10T18:41:59.872Z"}
{"level":"error","message":"Error Status: undefined, Message: \nInvalid `prisma.worries.update()` invocation:\n\n{\n  where: {\n    worryId: 3\n  },\n  data: {\n    isSolved: true,\n    solvingCommentId: 2\n  },\n  select: {\n    userId: true,\n    commentAuthorId: true\n  }\n}\n\nArgument `content`: Invalid value provided. Expected String, provided Object.","timestamp":"2024-04-11T04:14:32.221Z"}
{"level":"error","message":"Error Status: undefined, Message: \nInvalid `prisma.comments.create()` invocation:\n\n{\n  data: {\n    worryId: 3,\n    content: {\n      userId: 1,\n      content: \"답변 감사합니다!\"\n    },\n    ~~~~~~~~~~~~~~~~~~~~~~\n    userId: 1,\n    parentId: 3,\n    fontColor: \"default\",\n    unRead: true\n  }\n}\n\nArgument `content`: Invalid value provided. Expected String, provided Object.","timestamp":"2024-04-11T05:00:04.329Z"}
{"level":"error","message":"Error Status: 400, Message: 이미 선물이 전송되었습니다.","timestamp":"2024-04-11T05:17:39.292Z"}
{"level":"error","message":"Error Status: 404, Message: 해당 고민 게시글을 찾을 수 없습니다.","timestamp":"2024-04-11T05:30:20.726Z"}
{"level":"error","message":"Error Status: undefined, Message: Cannot read properties of undefined (reading 'userId')","timestamp":"2024-04-11T05:37:59.242Z"}
{"level":"error","message":"Error Status: undefined, Message: Cannot read properties of undefined (reading 'userId')","timestamp":"2024-04-11T05:38:31.917Z"}
{"level":"error","message":"Error Status: undefined, Message: Cannot read properties of undefined (reading 'userId')","timestamp":"2024-04-11T05:38:55.584Z"}
{"level":"error","message":"Error Status: undefined, Message: Cannot read properties of undefined (reading 'userId')","timestamp":"2024-04-11T05:48:47.270Z"}
{"level":"error","message":"Error Status: undefined, Message: Cannot read properties of undefined (reading 'userId')","timestamp":"2024-04-11T05:51:07.870Z"}
{"level":"error","message":"Error Status: undefined, Message: Cannot read properties of undefined (reading 'userId')","timestamp":"2024-04-11T05:51:08.646Z"}
{"level":"error","message":"Error Status: undefined, Message: Cannot read properties of undefined (reading 'userId')","timestamp":"2024-04-11T05:51:40.076Z"}
{"level":"error","message":"Error Status: undefined, Message: Cannot read properties of undefined (reading 'userId')","timestamp":"2024-04-11T05:51:48.646Z"}
{"level":"error","message":"Error Status: undefined, Message: Cannot read properties of undefined (reading 'userId')","timestamp":"2024-04-11T05:53:49.255Z"}
{"level":"error","message":"Error Status: undefined, Message: Cannot read properties of undefined (reading 'userId')","timestamp":"2024-04-11T06:00:39.212Z"}
{"level":"error","message":"Error Status: undefined, Message: Cannot read properties of undefined (reading 'userId')","timestamp":"2024-04-11T06:02:02.470Z"}
{"level":"error","message":"Error Status: undefined, Message: Cannot read properties of undefined (reading 'userId')","timestamp":"2024-04-11T06:03:39.535Z"}
{"level":"error","message":"Error Status: undefined, Message: Cannot read properties of undefined (reading 'userId')","timestamp":"2024-04-11T06:13:28.442Z"}
{"level":"error","message":"Error Status: undefined, Message: Cannot read properties of undefined (reading 'userId')","timestamp":"2024-04-11T06:16:38.438Z"}
{"level":"error","message":"Error Status: 404, Message: 해당하는 답변의 고민 게시글이 존재하지 않습니다.","timestamp":"2024-04-11T06:31:09.044Z"}
{"level":"error","message":"Error Status: 400, Message: 이미 선물이 전송되었습니다.","timestamp":"2024-04-11T08:52:24.205Z"}
