{"level":"error","message":"Error Status: 400, Message: 선택한 댓글은 이 고민에 대한 지정된 답변자의 것이 아닙니다.","timestamp":"2024-03-31T15:00:48.083Z"}
{"level":"error","message":"Error Status: undefined, Message: commentExists is not defined","timestamp":"2024-03-31T15:04:54.443Z"}
{"level":"error","message":"Error Status: 404, Message: 해당하는 답변의 고민 게시글이 존재하지 않습니다.","timestamp":"2024-03-31T15:09:58.384Z"}
{"level":"error","message":"Error Status: 400, Message: 이미 선물이 전송되었습니다.","timestamp":"2024-04-01T01:06:57.515Z"}
{"level":"error","message":"Error Status: undefined, Message: userId is not defined","timestamp":"2024-04-01T01:14:10.998Z"}
{"level":"error","message":"Error Status: undefined, Message: userId is not defined","timestamp":"2024-04-01T01:18:13.195Z"}
{"level":"error","message":"Error Status: 404, Message: 해당하는 답변의 고민 게시글이 존재하지 않습니다.","timestamp":"2024-04-01T01:36:17.764Z"}
{"level":"error","message":"Error Status: undefined, Message: userId is not defined","timestamp":"2024-04-01T02:01:36.620Z"}
{"level":"error","message":"Error Status: undefined, Message: userId is not defined","timestamp":"2024-04-01T02:01:53.773Z"}
{"level":"error","message":"Error Status: undefined, Message: userId is not defined","timestamp":"2024-04-01T02:01:54.581Z"}
{"level":"error","message":"Error Status: undefined, Message: userId is not defined","timestamp":"2024-04-01T02:02:39.711Z"}
{"level":"error","message":"Error Status: undefined, Message: userId is not defined","timestamp":"2024-04-01T02:03:14.800Z"}

{"level":"error","message":"Error Status: undefined, Message: Cannot set headers after they are sent to the client","timestamp":"2024-03-31T15:01:15.318Z"}

{"level":"error","message":"Error Status: undefined, Message: userId is not defined","timestamp":"2024-04-01T05:34:32.162Z"}
{"level":"error","message":"Error Status: undefined, Message: userId is not defined","timestamp":"2024-04-01T05:35:56.140Z"}
{"level":"error","message":"Error Status: undefined, Message: userId is not defined","timestamp":"2024-04-01T05:36:40.861Z"}
{"level":"error","message":"Error Status: undefined, Message: userId is not defined","timestamp":"2024-04-01T05:39:16.465Z"}
{"level":"error","message":"Error Status: undefined, Message: userId is not defined","timestamp":"2024-04-01T05:39:17.236Z"}
{"level":"error","message":"Error Status: undefined, Message: userId is not defined","timestamp":"2024-04-01T05:40:53.108Z"}
{"level":"error","message":"Error Status: undefined, Message: userId is not defined","timestamp":"2024-04-01T05:41:39.217Z"}
{"level":"error","message":"Error Status: undefined, Message: userId is not defined","timestamp":"2024-04-01T05:43:07.456Z"}
{"level":"error","message":"Error Status: undefined, Message: userId is not defined","timestamp":"2024-04-01T05:51:33.688Z"}
{"level":"error","message":"Error Status: undefined, Message: userId is not defined","timestamp":"2024-04-01T05:52:01.369Z"}
{"level":"error","message":"Error Status: undefined, Message: userId is not defined","timestamp":"2024-04-01T05:52:11.990Z"}
{"level":"error","message":"Error Status: undefined, Message: userId is not defined","timestamp":"2024-04-01T05:55:44.631Z"}
{"level":"error","message":"Error Status: undefined, Message: userId is not defined","timestamp":"2024-04-01T05:55:45.569Z"}
{"level":"error","message":"Error Status: undefined, Message: userId is not defined","timestamp":"2024-04-01T05:55:45.916Z"}
{"level":"error","message":"Error Status: undefined, Message: userId is not defined","timestamp":"2024-04-01T05:55:57.940Z"}
{"level":"error","message":"Error Status: undefined, Message: userId is not defined","timestamp":"2024-04-01T05:56:03.605Z"}
{"level":"error","message":"Error Status: undefined, Message: userId is not defined","timestamp":"2024-04-01T05:58:57.751Z"}
{"level":"error","message":"Error Status: undefined, Message: userId is not defined","timestamp":"2024-04-01T06:00:23.433Z"}
{"level":"error","message":"Error Status: undefined, Message: userId is not defined","timestamp":"2024-04-01T06:04:03.709Z"}
{"level":"error","message":"Error Status: undefined, Message: userId is not defined","timestamp":"2024-04-01T06:04:24.986Z"}
{"level":"error","message":"Error Status: undefined, Message: userId is not defined","timestamp":"2024-04-01T06:11:01.610Z"}
{"level":"error","message":"Error Status: undefined, Message: userId is not defined","timestamp":"2024-04-01T06:11:32.183Z"}
{"level":"error","message":"Error Status: undefined, Message: userId is not defined","timestamp":"2024-04-01T06:11:51.878Z"}
{"level":"error","message":"Error Status: undefined, Message: userId is not defined","timestamp":"2024-04-01T06:11:57.379Z"}
{"level":"error","message":"Error Status: undefined, Message: userId is not defined","timestamp":"2024-04-01T06:13:50.184Z"}
{"level":"error","message":"Error Status: undefined, Message: userId is not defined","timestamp":"2024-04-01T06:13:58.704Z"}
{"level":"error","message":"Error Status: undefined, Message: userId is not defined","timestamp":"2024-04-01T06:15:46.028Z"}
{"level":"error","message":"Error Status: undefined, Message: userId is not defined","timestamp":"2024-04-01T06:16:14.202Z"}
{"level":"error","message":"Error Status: undefined, Message: userId is not defined","timestamp":"2024-04-01T06:16:39.250Z"}
{"level":"error","message":"Error Status: undefined, Message: userId is not defined","timestamp":"2024-04-01T06:16:46.358Z"}
{"level":"error","message":"Error Status: undefined, Message: userId is not defined","timestamp":"2024-04-01T06:16:53.706Z"}

{"level":"error","message":"Error Status: 403, Message: 선물을 보낼 권한이 없습니다. 게시글의 작성자만 선물을 보낼 수 있습니다.","timestamp":"2024-04-01T00:52:22.601Z"}
{"level":"error","message":"Error Status: 400, Message: Expected ',' or '}' after property value in JSON at position 13","timestamp":"2024-04-01T01:33:20.030Z"}
{"level":"error","message":"Error Status: undefined, Message: Invalid status code: { message: '고민이 등록되었습니다' }","timestamp":"2024-04-01T01:50:43.931Z"}
{"level":"error","message":"Error Status: undefined, Message: Invalid status code: { message: '고민이 등록되었습니다' }","timestamp":"2024-04-01T01:50:48.881Z"}
{"level":"error","message":"Error Status: undefined, Message: Cannot set headers after they are sent to the client","timestamp":"2024-04-01T02:32:09.084Z"}
{"level":"error","message":"Error Status: undefined, Message: 고민 등록 실패worryRepository.checkExistingWorry is not a function","timestamp":"2024-04-01T05:15:28.757Z"}
{"level":"error","message":"Error Status: undefined, Message: remainingWorries is not defined","timestamp":"2024-04-01T06:38:33.866Z"}
{"level":"error","message":"Error Status: undefined, Message: Cannot read properties of undefined (reading 'worryId')","timestamp":"2024-04-01T06:39:22.816Z"}
{"level":"error","message":"Error Status: undefined, Message: Cannot read properties of undefined (reading 'worryId')","timestamp":"2024-04-01T06:39:25.198Z"}
{"level":"error","message":"Error Status: undefined, Message: Cannot read properties of undefined (reading 'worryId')","timestamp":"2024-04-01T06:40:15.351Z"}
{"level":"error","message":"Error Status: undefined, Message: Cannot read properties of undefined (reading 'worryId')","timestamp":"2024-04-01T06:40:16.635Z"}
{"level":"error","message":"Error Status: undefined, Message: 고민 등록 실패더 이상 고민을 작성할 수 없습니다.","timestamp":"2024-04-01T06:40:52.863Z"}
{"level":"error","message":"Error Status: undefined, Message: Cannot read properties of undefined (reading 'worryId')","timestamp":"2024-04-01T06:41:16.789Z"}
{"level":"error","message":"Error Status: undefined, Message: Cannot read properties of undefined (reading 'worryId')","timestamp":"2024-04-01T06:41:32.878Z"}
{"level":"error","message":"Error Status: undefined, Message: 고민 등록 실패\nInvalid `prisma.users.findUnique()` invocation:\n\n{\n  where: {\n    userId: undefined,\n?   AND?: UsersWhereInput | UsersWhereInput[],\n?   OR?: UsersWhereInput[],\n?   NOT?: UsersWhereInput | UsersWhereInput[],\n?   userCheckId?: StringFilter | String,\n?   nickname?: StringFilter | String,\n?   email?: StringFilter | String,\n?   fruit?: StringNullableFilter | String | Null,\n?   remainingWorries?: IntFilter | Int,\n?   worry?: WorriesListRelationFilter,\n?   comments?: CommentsListRelationFilter,\n?   likesSent?: LikesListRelationFilter\n  }\n}\n\nArgument `where` of type UsersWhereUniqueInput needs at least one of `userId` arguments. Available options are marked with ?.","timestamp":"2024-04-01T06:42:14.952Z"}
{"level":"error","message":"Error Status: undefined, Message: 고민 등록 실패\nInvalid `prisma.users.findUnique()` invocation:\n\n{\n  where: {\n    userId: undefined,\n?   AND?: UsersWhereInput | UsersWhereInput[],\n?   OR?: UsersWhereInput[],\n?   NOT?: UsersWhereInput | UsersWhereInput[],\n?   userCheckId?: StringFilter | String,\n?   nickname?: StringFilter | String,\n?   email?: StringFilter | String,\n?   fruit?: StringNullableFilter | String | Null,\n?   remainingWorries?: IntFilter | Int,\n?   worry?: WorriesListRelationFilter,\n?   comments?: CommentsListRelationFilter,\n?   likesSent?: LikesListRelationFilter\n  }\n}\n\nArgument `where` of type UsersWhereUniqueInput needs at least one of `userId` arguments. Available options are marked with ?.","timestamp":"2024-04-01T06:43:17.823Z"}
{"level":"error","message":"Error Status: undefined, Message: 고민 등록 실패\nInvalid `prisma.users.findUnique()` invocation:\n\n{\n  where: {\n    userId: undefined,\n?   AND?: UsersWhereInput | UsersWhereInput[],\n?   OR?: UsersWhereInput[],\n?   NOT?: UsersWhereInput | UsersWhereInput[],\n?   userCheckId?: StringFilter | String,\n?   nickname?: StringFilter | String,\n?   email?: StringFilter | String,\n?   fruit?: StringNullableFilter | String | Null,\n?   remainingWorries?: IntFilter | Int,\n?   worry?: WorriesListRelationFilter,\n?   comments?: CommentsListRelationFilter,\n?   likesSent?: LikesListRelationFilter\n  }\n}\n\nArgument `where` of type UsersWhereUniqueInput needs at least one of `userId` arguments. Available options are marked with ?.","timestamp":"2024-04-01T06:47:27.269Z"}
{"level":"error","message":"Error Status: undefined, Message: 고민 등록 실패더 이상 고민을 작성할 수 없습니다.","timestamp":"2024-04-01T06:52:14.890Z"}
{"level":"error","message":"Error Status: undefined, Message: 고민 등록 실패 더 이상 고민을 작성할 수 없습니다.","timestamp":"2024-04-01T06:52:29.904Z"}
{"level":"error","message":"Error Status: undefined, Message: 고민 등록 실패 더 이상 고민을 작성할 수 없습니다.","timestamp":"2024-04-01T06:52:31.657Z"}
{"level":"error","message":"Error Status: undefined, Message: 더 이상 고민을 작성할 수 없습니다.","timestamp":"2024-04-01T06:52:42.639Z"}
{"level":"error","message":"Error Status: 400, Message: 이미 선물이 전송되었습니다.","timestamp":"2024-04-01T08:02:50.776Z"}
{"level":"error","message":"Error Status: 400, Message: 이미 선물이 전송되었습니다.","timestamp":"2024-04-01T08:12:42.366Z"}
{"level":"error","message":"Error Status: undefined, Message: Cannot access 'worryUpdateResult' before initialization","timestamp":"2024-04-01T08:13:27.545Z"}
{"level":"error","message":"Error Status: 400, Message: 유효하지 않은 댓글입니다.","timestamp":"2024-04-01T08:34:42.353Z"}
{"level":"error","message":"Error Status: 403, Message: 선물을 보낼 권한이 없습니다. 게시글의 작성자만 선물을 보낼 수 있습니다.","timestamp":"2024-04-01T08:34:50.360Z"}
{"level":"error","message":"Error Status: 400, Message: 이미 선물이 전송되었습니다.","timestamp":"2024-04-01T08:36:28.948Z"}
{"level":"error","message":"Error Status: 400, Message: 이미 선물이 전송되었습니다.","timestamp":"2024-04-01T08:36:52.011Z"}
{"level":"error","message":"Error Status: 400, Message: 이미 선물이 전송되었습니다.","timestamp":"2024-04-01T08:37:01.835Z"}
{"level":"error","message":"Error Status: 404, Message: 해당하는 답변의 고민 게시글이 존재하지 않습니다.","timestamp":"2024-04-01T09:18:51.749Z"}
{"level":"error","message":"Error Status: 403, Message: 선물을 보낼 권한이 없습니다. 게시글의 작성자만 선물을 보낼 수 있습니다.","timestamp":"2024-04-01T09:21:39.294Z"}
{"level":"error","message":"Error Status: 404, Message: 해당하는 답변의 고민 게시글이 존재하지 않습니다.","timestamp":"2024-04-01T09:22:06.435Z"}
{"level":"error","message":"Error Status: 404, Message: 해당하는 답변의 고민 게시글이 존재하지 않습니다.","timestamp":"2024-04-01T09:22:37.571Z"}
{"level":"error","message":"Error Status: 400, Message: 유효하지 않은 댓글입니다.","timestamp":"2024-04-01T09:33:10.670Z"}
{"level":"error","message":"Error Status: undefined, Message: \nInvalid `prisma.worries.findMany()` invocation:\n\n{\n  where: {\n    isSolved: true,\n    userId: \"1\"\n            ~~~\n  },\n  select: {\n    worryId: true,\n    userId: true,\n    icon: true,\n    content: true,\n    createdAt: true\n  },\n  orderBy: {\n    createdAt: \"desc\"\n  },\n  skip: 0,\n  take: 10\n}\n\nArgument `userId`: Invalid value provided. Expected IntNullableFilter, Int or Null, provided String.","timestamp":"2024-04-01T09:34:38.634Z"}
{"level":"error","message":"Error Status: undefined, Message: \nInvalid `prisma.worries.findMany()` invocation:\n\n{\n  where: {\n    isSolved: true,\n    userId: \"1\"\n            ~~~\n  },\n  select: {\n    worryId: true,\n    userId: true,\n    icon: true,\n    content: true,\n    createdAt: true\n  },\n  orderBy: {\n    createdAt: \"desc\"\n  },\n  skip: 0,\n  take: 10\n}\n\nArgument `userId`: Invalid value provided. Expected IntNullableFilter, Int or Null, provided String.","timestamp":"2024-04-01T09:34:56.718Z"}
{"level":"error","message":"Error Status: 404, Message: 해당하는 답변의 고민 게시글이 존재하지 않습니다.","timestamp":"2024-04-01T09:42:46.425Z"}
{"level":"error","message":"Error Status: 404, Message: 해당하는 답변의 고민 게시글이 존재하지 않습니다.","timestamp":"2024-04-01T09:42:59.337Z"}
{"level":"error","message":"Error Status: 404, Message: 해당하는 답변의 고민 게시글이 존재하지 않습니다.","timestamp":"2024-04-01T09:43:02.236Z"}
{"level":"error","message":"Error Status: undefined, Message: page is not defined","timestamp":"2024-04-01T09:52:09.849Z"}
{"level":"error","message":"Error Status: undefined, Message: page is not defined","timestamp":"2024-04-01T09:52:11.282Z"}
{"level":"error","message":"Error Status: undefined, Message: \nInvalid `prisma.worries.findMany()` invocation:\n\n{\n  where: {\n    isSolved: true,\n    solvingComment: {\n      commentAuthorId: 2,\n      ~~~~~~~~~~~~~~~\n?     is?: CommentsWhereInput | Null,\n?     isNot?: CommentsWhereInput | Null\n    }\n  },\n  select: {\n    worryId: true,\n    userId: true,\n    icon: true,\n    content: true,\n    createdAt: true\n  },\n  orderBy: {\n    createdAt: \"desc\"\n  },\n  skip: 0,\n  take: 10\n}\n\nUnknown argument `commentAuthorId`. Available options are marked with ?.","timestamp":"2024-04-01T09:56:41.841Z"}
{"level":"error","message":"Error Status: undefined, Message: \nInvalid `prisma.worries.findMany()` invocation:\n\n{\n  where: {\n    isSolved: true,\n    solvingComment: {\n      where: {\n      ~~~~~\n        commentAuthorId: 2\n      },\n?     is?: CommentsWhereInput | Null,\n?     isNot?: CommentsWhereInput | Null\n    }\n  },\n  select: {\n    worryId: true,\n    userId: true,\n    icon: true,\n    content: true,\n    createdAt: true\n  },\n  orderBy: {\n    createdAt: \"desc\"\n  },\n  skip: 0,\n  take: 10\n}\n\nUnknown argument `where`. Available options are marked with ?.","timestamp":"2024-04-01T09:59:47.442Z"}
{"level":"error","message":"Error Status: undefined, Message: \nInvalid `prisma.worries.findMany()` invocation:\n\n{\n  where: {\n    isSolved: true,\n    solvingComment: {\n      where: {\n      ~~~~~\n        commentAuthorId: 1\n      },\n?     is?: CommentsWhereInput | Null,\n?     isNot?: CommentsWhereInput | Null\n    }\n  },\n  select: {\n    worryId: true,\n    userId: true,\n    icon: true,\n    content: true,\n    createdAt: true\n  },\n  orderBy: {\n    createdAt: \"desc\"\n  },\n  skip: 0,\n  take: 10\n}\n\nUnknown argument `where`. Available options are marked with ?.","timestamp":"2024-04-01T10:00:39.436Z"}
