{"level":"error","message":"Error Status: 403, Message: 답장을 조회할 권한이 없습니다.","timestamp":"2024-04-19T06:36:41.373Z"}
{"level":"error","message":"Error Status: 403, Message: 답장을 조회할 권한이 없습니다.","timestamp":"2024-04-19T06:43:54.142Z"}
{"level":"error","message":"Error Status: 403, Message: 답장을 조회할 권한이 없습니다.","timestamp":"2024-04-19T06:44:01.027Z"}
{"level":"error","message":"Error Status: undefined, Message: Cannot read properties of null (reading 'content')","timestamp":"2024-04-19T06:46:01.847Z"}
{"level":"error","message":"Error Status: undefined, Message: Cannot read properties of null (reading 'content')","timestamp":"2024-04-19T06:46:03.875Z"}
{"level":"error","message":"Error Status: undefined, Message: \nInvalid `prisma.comments.findUnique()` invocation:\n\n\nUnknown nested field 'parentWorry' for operation worry does not match any query.","timestamp":"2024-04-19T06:59:06.926Z"}
{"level":"error","message":"Error Status: undefined, Message: \nInvalid `prisma.comments.findUnique()` invocation:\n\n\nUnknown nested field 'parentWorry' for operation worry does not match any query.","timestamp":"2024-04-19T06:59:08.325Z"}
{"level":"error","message":"Error Status: undefined, Message: \nInvalid `prisma.comments.findUnique()` invocation:\n\n\nUnknown nested field 'parentWorry' for operation worry does not match any query.","timestamp":"2024-04-19T07:00:35.172Z"}
{"level":"error","message":"Error Status: 403, Message: 답장을 조회할 권한이 없습니다.","timestamp":"2024-04-19T07:02:08.777Z"}
{"level":"error","message":"Error Status: 403, Message: 답변 작성 권한이 없습니다.","timestamp":"2024-04-19T07:10:29.037Z"}
{"level":"error","message":"Error Status: 403, Message: 답장을 조회할 권한이 없습니다.","timestamp":"2024-04-19T07:10:43.197Z"}
{"level":"error","message":"Error Status: 403, Message: 답장을 조회할 권한이 없습니다.","timestamp":"2024-04-19T07:32:55.997Z"}
{"level":"error","message":"Error Status: undefined, Message: Cannot read properties of null (reading 'nickname')","timestamp":"2024-04-18T15:53:27.716Z"}
{"level":"error","message":"Error Status: undefined, Message: Cannot read properties of null (reading 'nickname')","timestamp":"2024-04-18T15:53:46.755Z"}
{"level":"error","message":"Error Status: undefined, Message: Cannot read properties of null (reading 'nickname')","timestamp":"2024-04-18T15:53:59.124Z"}
{"level":"error","message":"Error Status: undefined, Message: Cannot read properties of null (reading 'nickname')","timestamp":"2024-04-18T15:54:09.256Z"}
{"level":"error","message":"Error Status: undefined, Message: Cannot read properties of null (reading 'nickname')","timestamp":"2024-04-18T15:54:30.429Z"}
{"level":"error","message":"Error Status: undefined, Message: Cannot read properties of null (reading 'nickname')","timestamp":"2024-04-18T16:03:01.361Z"}
{"level":"error","message":"Error Status: undefined, Message: Cannot read properties of null (reading 'nickname')","timestamp":"2024-04-18T16:37:35.343Z"}
{"level":"error","message":"Error Status: undefined, Message: \nInvalid `prisma.users.findUnique()` invocation:\n\n{\n  where: {\n    userId: undefined,\n?   AND?: UsersWhereInput | UsersWhereInput[],\n?   OR?: UsersWhereInput[],\n?   NOT?: UsersWhereInput | UsersWhereInput[],\n?   userCheckId?: StringFilter | String,\n?   nickname?: StringFilter | String,\n?   email?: StringFilter | String,\n?   fruit?: StringNullableFilter | String | Null,\n?   remainingWorries?: IntFilter | Int,\n?   remainingAnswers?: IntFilter | Int,\n?   worry?: WorriesListRelationFilter,\n?   reports?: ReportsListRelationFilter,\n?   comments?: CommentsListRelationFilter,\n?   likesSent?: LikesListRelationFilter\n  },\n  select: {\n    nickname: true\n  }\n}\n\nArgument `where` of type UsersWhereUniqueInput needs at least one of `userId` arguments. Available options are marked with ?.","timestamp":"2024-04-18T16:38:12.387Z"}
{"level":"error","message":"Error Status: undefined, Message: \nInvalid `prisma.users.findUnique()` invocation:\n\n{\n  where: {\n    userId: undefined,\n?   AND?: UsersWhereInput | UsersWhereInput[],\n?   OR?: UsersWhereInput[],\n?   NOT?: UsersWhereInput | UsersWhereInput[],\n?   userCheckId?: StringFilter | String,\n?   nickname?: StringFilter | String,\n?   email?: StringFilter | String,\n?   fruit?: StringNullableFilter | String | Null,\n?   remainingWorries?: IntFilter | Int,\n?   remainingAnswers?: IntFilter | Int,\n?   worry?: WorriesListRelationFilter,\n?   reports?: ReportsListRelationFilter,\n?   comments?: CommentsListRelationFilter,\n?   likesSent?: LikesListRelationFilter\n  },\n  select: {\n    nickname: true\n  }\n}\n\nArgument `where` of type UsersWhereUniqueInput needs at least one of `userId` arguments. Available options are marked with ?.","timestamp":"2024-04-18T16:54:33.109Z"}
{"level":"error","message":"Error Status: undefined, Message: \nInvalid `prisma.users.findUnique()` invocation:\n\n{\n  where: {\n    userId: undefined,\n?   AND?: UsersWhereInput | UsersWhereInput[],\n?   OR?: UsersWhereInput[],\n?   NOT?: UsersWhereInput | UsersWhereInput[],\n?   userCheckId?: StringFilter | String,\n?   nickname?: StringFilter | String,\n?   email?: StringFilter | String,\n?   fruit?: StringNullableFilter | String | Null,\n?   remainingWorries?: IntFilter | Int,\n?   remainingAnswers?: IntFilter | Int,\n?   worry?: WorriesListRelationFilter,\n?   reports?: ReportsListRelationFilter,\n?   comments?: CommentsListRelationFilter,\n?   likesSent?: LikesListRelationFilter\n  },\n  select: {\n    nickname: true\n  }\n}\n\nArgument `where` of type UsersWhereUniqueInput needs at least one of `userId` arguments. Available options are marked with ?.","timestamp":"2024-04-18T16:59:12.750Z"}
{"level":"error","message":"Error Status: undefined, Message: Cannot read properties of null (reading 'nickname')","timestamp":"2024-04-18T17:00:17.177Z"}
{"level":"error","message":"Error Status: undefined, Message: Cannot read properties of null (reading 'nickname')","timestamp":"2024-04-18T17:04:13.397Z"}
{"level":"error","message":"Error Status: undefined, Message: Cannot read properties of null (reading 'nickname')","timestamp":"2024-04-18T17:04:17.656Z"}
{"level":"error","message":"Error Status: undefined, Message: Cannot read properties of null (reading 'nickname')","timestamp":"2024-04-18T17:19:32.821Z"}
{"level":"error","message":"Error Status: undefined, Message: Cannot read properties of null (reading 'nickname')","timestamp":"2024-04-18T17:23:03.175Z"}
{"level":"error","message":"Error Status: undefined, Message: Cannot read properties of null (reading 'nickname')","timestamp":"2024-04-18T17:23:11.566Z"}
{"level":"error","message":"Error Status: undefined, Message: Cannot read properties of null (reading 'nickname')","timestamp":"2024-04-18T17:23:15.442Z"}
{"level":"error","message":"Error Status: undefined, Message: Cannot read properties of null (reading 'nickname')","timestamp":"2024-04-18T17:29:32.913Z"}
{"level":"error","message":"Error Status: undefined, Message: Cannot read properties of null (reading 'nickname')","timestamp":"2024-04-18T17:32:08.152Z"}
{"level":"error","message":"Error Status: undefined, Message: loginUser is not defined","timestamp":"2024-04-18T17:49:34.902Z"}
{"level":"error","message":"Error Status: undefined, Message: Cannot read properties of null (reading 'nickname')","timestamp":"2024-04-18T17:54:45.368Z"}
