{"level":"error","message":"Error Status: undefined, Message: Failed to fetch latest comments by user ID: CommentRepository.getLatestCommentsForUserWorries is not a function","timestamp":"2024-04-01T16:31:46.450Z"}
{"level":"error","message":"Error Status: undefined, Message: Failed to fetch latest comments by user ID: CommentRepository.getLatestCommentsForUserWorries is not a function","timestamp":"2024-04-01T16:31:48.003Z"}
{"level":"error","message":"Error Status: undefined, Message: Failed to fetch latest comments by user ID: CommentRepository.getLatestCommentsForUserWorries is not a function","timestamp":"2024-04-01T16:37:55.658Z"}
{"level":"error","message":"Error Status: undefined, Message: Failed to fetch latest comments by user ID: CommentRepository.getLatestCommentsForUserWorries is not a function","timestamp":"2024-04-01T16:37:56.939Z"}
{"level":"error","message":"Error Status: undefined, Message: CommentService.getLatestCommentsForUser is not a function","timestamp":"2024-04-01T16:38:43.039Z"}
{"level":"error","message":"Error Status: undefined, Message: CommentService.getLatestCommentsForUser is not a function","timestamp":"2024-04-01T16:38:44.446Z"}
{"level":"error","message":"Error Status: undefined, Message: Failed to fetch latest comments by user ID: CommentRepository.getLatestCommentsForUser is not a function","timestamp":"2024-04-01T16:45:40.566Z"}
{"level":"error","message":"Error Status: undefined, Message: Failed to fetch latest comments by user ID: CommentRepository.getLatestCommentsForUser is not a function","timestamp":"2024-04-01T16:45:43.361Z"}
{"level":"error","message":"Error Status: undefined, Message: Failed to fetch latest comments by user ID: Cannot read properties of undefined (reading 'findMany')","timestamp":"2024-04-01T16:46:04.500Z"}
{"level":"error","message":"Error Status: undefined, Message: Failed to fetch latest comments by user ID: Cannot read properties of undefined (reading 'findMany')","timestamp":"2024-04-01T16:46:08.259Z"}
{"level":"error","message":"Error Status: undefined, Message: CommentService.getLatestRepliesToUserWorries is not a function","timestamp":"2024-04-01T16:47:25.336Z"}
{"level":"error","message":"Error Status: undefined, Message: CommentService.getLatestRepliesFromOthers is not a function","timestamp":"2024-04-01T17:29:08.387Z"}
{"level":"error","message":"Error Status: undefined, Message: CommentService.getLatestRepliesFromOthers is not a function","timestamp":"2024-04-01T17:29:09.561Z"}
{"level":"error","message":"Error Status: undefined, Message: getLatestCommentsForUserWorries is not defined","timestamp":"2024-04-01T17:29:27.672Z"}
{"level":"error","message":"Error Status: undefined, Message: getLatestCommentsForUserWorries is not defined","timestamp":"2024-04-01T17:29:28.608Z"}
{"level":"error","message":"Error Status: undefined, Message: getLatestCommentsForUserWorries is not defined","timestamp":"2024-04-01T17:29:33.867Z"}
{"level":"error","message":"Error Status: undefined, Message: getLatestCommentsForUserWorries is not defined","timestamp":"2024-04-01T17:30:41.082Z"}
{"level":"error","message":"Error Status: undefined, Message: getLatestCommentsForUserWorries is not defined","timestamp":"2024-04-01T17:30:47.588Z"}
{"level":"error","message":"Error Status: undefined, Message: Failed to fetch comments: CommentRepository.getLatestRepliesForUser is not a function","timestamp":"2024-04-01T17:30:53.758Z"}
{"level":"error","message":"Error Status: 404, Message: 해당하는 답변의 고민 게시글이 존재하지 않습니다.","timestamp":"2024-04-02T04:38:13.095Z"}
{"level":"error","message":"Error Status: 404, Message: 해당하는 답변의 고민 게시글이 존재하지 않습니다.","timestamp":"2024-04-02T04:38:15.198Z"}
{"level":"error","message":"Error Status: 404, Message: 해당하는 답변의 고민 게시글이 존재하지 않습니다.","timestamp":"2024-04-02T05:59:44.220Z"}
{"level":"error","message":"Error Status: undefined, Message: \nInvalid `prisma.worries.findUnique()` invocation:\n\n{\n  where: {\n    userId: undefined,\n    isSolved: true,\n+   worryId: Int\n  },\n  select: {\n    worryId: true,\n    content: true,\n    createdAt: true,\n    icon: true,\n    userId: true,\n    comments: {\n      where: {\n        parentId: null\n      },\n      select: {\n        commentId: true,\n        content: true,\n        createdAt: true,\n        updatedAt: true,\n        userId: true\n      },\n      orderBy: {\n        createdAt: \"asc\"\n      }\n    }\n  }\n}\n\nArgument `worryId` is missing.","timestamp":"2024-04-02T05:59:58.855Z"}
{"level":"error","message":"Error Status: undefined, Message: \nInvalid `prisma.worries.findUnique()` invocation:\n\n{\n  where: {\n    isSolved: true,\n+   worryId: Int\n  },\n  select: {\n    worryId: true,\n    content: true,\n    createdAt: true,\n    icon: true,\n    userId: true,\n    comments: {\n      where: {\n        parentId: null\n      },\n      select: {\n        commentId: true,\n        content: true,\n        createdAt: true,\n        updatedAt: true,\n        userId: true\n      },\n      orderBy: {\n        createdAt: \"asc\"\n      }\n    }\n  }\n}\n\nArgument `worryId` is missing.","timestamp":"2024-04-02T06:00:38.837Z"}
{"level":"error","message":"Error Status: 404, Message: 해당하는 답변의 고민 게시글이 존재하지 않습니다.","timestamp":"2024-04-02T06:04:49.793Z"}
{"level":"error","message":"Error Status: undefined, Message: \nInvalid `prisma.worries.findUnique()` invocation:\n\n{\n  where: {\n    userId: undefined,\n    isSolved: true,\n+   worryId: Int\n  },\n  select: {\n    worryId: true,\n    content: true,\n    createdAt: true,\n    icon: true,\n    userId: true,\n    comments: {\n      where: {\n        parentId: null\n      },\n      select: {\n        commentId: true,\n        content: true,\n        createdAt: true,\n        updatedAt: true,\n        userId: true\n      },\n      orderBy: {\n        createdAt: \"asc\"\n      }\n    }\n  }\n}\n\nArgument `worryId` is missing.","timestamp":"2024-04-02T06:05:02.599Z"}
{"level":"error","message":"Error Status: 404, Message: 해당하는 답변의 고민 게시글이 존재하지 않습니다.","timestamp":"2024-04-02T06:05:08.381Z"}
{"level":"error","message":"Error Status: 404, Message: 해당하는 답변의 고민 게시글이 존재하지 않습니다.","timestamp":"2024-04-02T06:06:22.051Z"}
{"level":"error","message":"Error Status: undefined, Message: Failed to fetch comments: Cannot read properties of null (reading 'parentId')","timestamp":"2024-04-02T07:24:13.297Z"}
{"level":"error","message":"Error Status: undefined, Message: Failed to fetch comments: Cannot read properties of null (reading 'parentId')","timestamp":"2024-04-02T07:24:14.513Z"}
{"level":"error","message":"Error Status: 400, Message: Bad control character in string literal in JSON at position 67","timestamp":"2024-04-02T11:19:31.145Z"}
{"level":"error","message":"Error Status: undefined, Message: \nInvalid `prisma.comments.findMany()` invocation:\n\n{\n  where: {\n    commentId: {\n+     not: Int\n    }\n  },\n  include: {\n    likes: true\n  },\n  orderBy: {\n    likes: {\n      _count: \"desc\"\n    }\n  },\n  take: 5\n}\n\nArgument `not` must not be null.","timestamp":"2024-04-01T15:33:09.937Z"}
{"level":"error","message":"Error Status: undefined, Message: \nInvalid `prisma.$queryRaw()` invocation:\n\n\nRaw query failed. Code: `1054`. Message: `Unknown column 'c.commentAuthorId' in 'field list'`","timestamp":"2024-04-01T15:58:09.962Z"}
{"level":"error","message":"Error Status: undefined, Message: commentAuthorId is not defined","timestamp":"2024-04-01T16:00:07.219Z"}
